[0.031s] Invoking command in '/home/ubuntu/dev_ws/build/robot_localization': CMAKE_PREFIX_PATH=/opt/ros/galactic /usr/bin/cmake /home/ubuntu/dev_ws/src/robot_localization -DCMAKE_INSTALL_PREFIX=/home/ubuntu/dev_ws/install/robot_localization
[1.095s] -- The C compiler identification is GNU 9.4.0
[2.046s] -- The CXX compiler identification is GNU 9.4.0
[2.058s] -- Check for working C compiler: /usr/bin/cc
[2.197s] -- Check for working C compiler: /usr/bin/cc -- works
[2.201s] -- Detecting C compiler ABI info
[2.342s] -- Detecting C compiler ABI info - done
[2.364s] -- Detecting C compile features
[2.365s] -- Detecting C compile features - done
[2.370s] -- Check for working CXX compiler: /usr/bin/c++
[2.498s] -- Check for working CXX compiler: /usr/bin/c++ -- works
[2.501s] -- Detecting CXX compiler ABI info
[2.640s] -- Detecting CXX compiler ABI info - done
[2.656s] -- Detecting CXX compile features
[2.656s] -- Detecting CXX compile features - done
[2.657s] -- robot_localization: You did not request a specific build type: selecting 'RelWithDebInfo'.
[2.666s] -- Found ament_cmake: 1.1.5 (/opt/ros/galactic/share/ament_cmake/cmake)
[2.703s] -- Found PythonInterp: /usr/bin/python3 (found suitable version "3.8.10", minimum required is "3") 
[2.703s] -- Using PYTHON_EXECUTABLE: /usr/bin/python3
[2.815s] -- Found rclcpp: 9.2.1 (/opt/ros/galactic/share/rclcpp/cmake)
[3.031s] -- Using all available rosidl_typesupport_c: rosidl_typesupport_fastrtps_c;rosidl_typesupport_introspection_c
[3.069s] -- Found rosidl_adapter: 2.2.2 (/opt/ros/galactic/share/rosidl_adapter/cmake)
[3.375s] -- Found OpenSSL: /usr/lib/x86_64-linux-gnu/libcrypto.so (found version "1.1.1f")  
[3.444s] -- Found FastRTPS: /opt/ros/galactic/include  
[3.677s] -- Using all available rosidl_typesupport_cpp: rosidl_typesupport_fastrtps_cpp;rosidl_typesupport_introspection_cpp
[3.898s] -- Found rmw_implementation_cmake: 3.3.1 (/opt/ros/galactic/share/rmw_implementation_cmake/cmake)
[3.914s] -- Found rmw_cyclonedds_cpp: 0.22.5 (/opt/ros/galactic/share/rmw_cyclonedds_cpp/cmake)
[3.987s] -- Using RMW implementation 'rmw_cyclonedds_cpp' as default
[3.995s] -- Looking for pthread.h
[4.168s] -- Looking for pthread.h - found
[4.169s] -- Performing Test CMAKE_HAVE_LIBC_PTHREAD
[4.301s] -- Performing Test CMAKE_HAVE_LIBC_PTHREAD - Failed
[4.301s] -- Looking for pthread_create in pthreads
[4.408s] -- Looking for pthread_create in pthreads - not found
[4.409s] -- Looking for pthread_create in pthread
[4.531s] -- Looking for pthread_create in pthread - found
[4.534s] -- Found Threads: TRUE  
[4.969s] -- Found diagnostic_msgs: 2.2.4 (/opt/ros/galactic/share/diagnostic_msgs/cmake)
[5.053s] -- Found diagnostic_updater: 2.1.3 (/opt/ros/galactic/share/diagnostic_updater/cmake)
[5.094s] -- Found geographic_msgs: 1.0.4 (/opt/ros/galactic/share/geographic_msgs/cmake)
[5.399s] -- Found message_filters: 3.2.6 (/opt/ros/galactic/share/message_filters/cmake)
[5.425s] -- Found nav_msgs: 2.2.4 (/opt/ros/galactic/share/nav_msgs/cmake)
[5.560s] -- Found rosidl_default_generators: 1.1.1 (/opt/ros/galactic/share/rosidl_default_generators/cmake)
[5.600s] -- Found sensor_msgs: 2.2.4 (/opt/ros/galactic/share/sensor_msgs/cmake)
[5.792s] -- Found std_srvs: 2.2.4 (/opt/ros/galactic/share/std_srvs/cmake)
[5.931s] -- Found tf2: 0.17.4 (/opt/ros/galactic/share/tf2/cmake)
[5.993s] -- Found tf2_eigen: 0.17.4 (/opt/ros/galactic/share/tf2_eigen/cmake)
[6.643s] -- Found tf2_geometry_msgs: 0.17.4 (/opt/ros/galactic/share/tf2_geometry_msgs/cmake)
[6.668s] -- Found Eigen3: TRUE (found version "3.3.7") 
[6.782s] -- Found Boost: /usr/lib/x86_64-linux-gnu/cmake/Boost-1.71.0/BoostConfig.cmake (found version "1.71.0")  
[6.793s] -- Found yaml_cpp_vendor: 7.1.1 (/opt/ros/galactic/share/yaml_cpp_vendor/cmake)
[6.821s] -- Setting yaml-cpp_DIR to: '/opt/ros/galactic/share/yaml_cpp_vendor/cmake/../../../opt/yaml_cpp_vendor/lib/cmake/yaml-cpp'
[6.845s] -- Found GeographicLib: /usr/lib/x86_64-linux-gnu  
[6.877s] -- Found PythonInterp: /usr/bin/python3 (found version "3.8.10") 
[7.282s] -- Found ament_cmake_cppcheck: 0.10.7 (/opt/ros/galactic/share/ament_cmake_cppcheck/cmake)
[7.285s] -- Found ament_cmake_cpplint: 0.10.7 (/opt/ros/galactic/share/ament_cmake_cpplint/cmake)
[7.287s] -- Found ament_cmake_uncrustify: 0.10.7 (/opt/ros/galactic/share/ament_cmake_uncrustify/cmake)
[7.296s] -- Found ament_cmake_ros: 0.9.2 (/opt/ros/galactic/share/ament_cmake_ros/cmake)
[7.875s] -- Using all available rosidl_typesupport_c: rosidl_typesupport_fastrtps_c;rosidl_typesupport_introspection_c
[8.134s] -- Using all available rosidl_typesupport_cpp: rosidl_typesupport_fastrtps_cpp;rosidl_typesupport_introspection_cpp
[8.178s] -- Found PythonInterp: /usr/bin/python3 (found suitable version "3.8.10", minimum required is "3.5") 
[8.185s] -- Found python_cmake_module: 0.8.1 (/opt/ros/galactic/share/python_cmake_module/cmake)
[8.244s] -- Found PythonLibs: /usr/lib/x86_64-linux-gnu/libpython3.8.so (found suitable version "3.8.10", minimum required is "3.5") 
[8.245s] -- Using PYTHON_EXECUTABLE: /usr/bin/python3
[8.245s] -- Using PYTHON_INCLUDE_DIRS: /usr/include/python3.8
[8.245s] -- Using PYTHON_LIBRARIES: /usr/lib/x86_64-linux-gnu/libpython3.8.so
[8.279s] -- Found PythonExtra: .so  
[8.446s] -- Found ament_cmake_flake8: 0.10.7 (/opt/ros/galactic/share/ament_cmake_flake8/cmake)
[8.448s] -- Found ament_cmake_pep257: 0.10.7 (/opt/ros/galactic/share/ament_cmake_pep257/cmake)
[8.498s] -- Found ament_cmake_lint_cmake: 0.10.7 (/opt/ros/galactic/share/ament_cmake_lint_cmake/cmake)
[8.504s] -- Found launch_testing_ament_cmake: 0.17.1 (/opt/ros/galactic/share/launch_testing_ament_cmake/cmake)
[8.544s] -- Using PYTHON_EXECUTABLE: /usr/bin/python3
[8.544s] -- Using PYTHON_INCLUDE_DIRS: /usr/include/python3.8
[8.545s] -- Using PYTHON_LIBRARIES: /usr/lib/x86_64-linux-gnu/libpython3.8.so
[8.558s] -- Found gtest sources under '/opt/ros/galactic/src/gtest_vendor': C++ tests using 'Google Test' will be built
[8.568s] -- Check if compiler accepts -pthread
[8.697s] -- Check if compiler accepts -pthread - yes
[8.764s] -- Configuring done
[9.510s] -- Generating done
[9.557s] -- Build files have been written to: /home/ubuntu/dev_ws/build/robot_localization
[9.582s] Invoked command in '/home/ubuntu/dev_ws/build/robot_localization' returned '0': CMAKE_PREFIX_PATH=/opt/ros/galactic /usr/bin/cmake /home/ubuntu/dev_ws/src/robot_localization -DCMAKE_INSTALL_PREFIX=/home/ubuntu/dev_ws/install/robot_localization
[9.589s] Invoking command in '/home/ubuntu/dev_ws/build/robot_localization': CMAKE_PREFIX_PATH=/opt/ros/galactic /usr/bin/cmake --build /home/ubuntu/dev_ws/build/robot_localization -- -j12 -l12
[9.668s] [35m[1mScanning dependencies of target gtest_main[0m
[9.669s] [35m[1mScanning dependencies of target gtest[0m
[9.669s] [  1%] [34m[1mGenerating C code for ROS interfaces[0m
[9.669s] [35m[1mScanning dependencies of target robot_localization__cpp[0m
[9.691s] [  1%] [34m[1mGenerating C++ code for ROS interfaces[0m
[11.629s] [  2%] [32mBuilding CXX object gtest/CMakeFiles/gtest_main.dir/src/gtest_main.cc.o[0m
[11.631s] [  3%] [32mBuilding CXX object gtest/CMakeFiles/gtest.dir/src/gtest-all.cc.o[0m
[12.844s] [  3%] Built target robot_localization__cpp
[12.863s] [  4%] [34m[1mGenerating C++ type support for eProsima Fast-RTPS[0m
[12.865s] [  5%] [34m[1mGenerating C++ type support dispatch for ROS interfaces[0m
[12.865s] [  6%] [34m[1mGenerating C++ introspection for ROS interfaces[0m
[13.000s] [35m[1mScanning dependencies of target robot_localization__rosidl_generator_c[0m
[13.519s] [35m[1mScanning dependencies of target robot_localization__rosidl_typesupport_cpp[0m
[13.702s] [35m[1mScanning dependencies of target robot_localization__rosidl_typesupport_introspection_cpp[0m
[13.841s] [35m[1mScanning dependencies of target robot_localization__rosidl_typesupport_fastrtps_cpp[0m
[13.943s] [  7%] [32mBuilding C object CMakeFiles/robot_localization__rosidl_generator_c.dir/rosidl_generator_c/robot_localization/srv/detail/get_state__functions.c.o[0m
[13.944s] [  8%] [32mBuilding C object CMakeFiles/robot_localization__rosidl_generator_c.dir/rosidl_generator_c/robot_localization/srv/detail/set_datum__functions.c.o[0m
[13.945s] [  8%] [32mBuilding C object CMakeFiles/robot_localization__rosidl_generator_c.dir/rosidl_generator_c/robot_localization/srv/detail/from_ll__functions.c.o[0m
[14.033s] [ 10%] [32mBuilding C object CMakeFiles/robot_localization__rosidl_generator_c.dir/rosidl_generator_c/robot_localization/srv/detail/set_pose__functions.c.o[0m
[14.034s] [ 10%] [32mBuilding C object CMakeFiles/robot_localization__rosidl_generator_c.dir/rosidl_generator_c/robot_localization/srv/detail/to_ll__functions.c.o[0m
[14.034s] [ 11%] [32mBuilding C object CMakeFiles/robot_localization__rosidl_generator_c.dir/rosidl_generator_c/robot_localization/srv/detail/toggle_filter_processing__functions.c.o[0m
[14.129s] [ 12%] [32mBuilding CXX object CMakeFiles/robot_localization__rosidl_typesupport_cpp.dir/rosidl_typesupport_cpp/robot_localization/srv/from_ll__type_support.cpp.o[0m
[14.132s] [ 13%] [32mBuilding CXX object CMakeFiles/robot_localization__rosidl_typesupport_cpp.dir/rosidl_typesupport_cpp/robot_localization/srv/get_state__type_support.cpp.o[0m
[14.134s] [ 14%] [32mBuilding CXX object CMakeFiles/robot_localization__rosidl_typesupport_introspection_cpp.dir/rosidl_typesupport_introspection_cpp/robot_localization/srv/detail/from_ll__type_support.cpp.o[0m
[14.534s] [ 15%] [32mBuilding CXX object CMakeFiles/robot_localization__rosidl_typesupport_fastrtps_cpp.dir/rosidl_typesupport_fastrtps_cpp/robot_localization/srv/detail/dds_fastrtps/from_ll__type_support.cpp.o[0m
[14.564s] [ 16%] [32mBuilding CXX object CMakeFiles/robot_localization__rosidl_typesupport_fastrtps_cpp.dir/rosidl_typesupport_fastrtps_cpp/robot_localization/srv/detail/dds_fastrtps/get_state__type_support.cpp.o[0m
[14.575s] [ 17%] [32mBuilding CXX object CMakeFiles/robot_localization__rosidl_typesupport_fastrtps_cpp.dir/rosidl_typesupport_fastrtps_cpp/robot_localization/srv/detail/dds_fastrtps/set_datum__type_support.cpp.o[0m
[14.585s] [ 18%] [32mBuilding CXX object CMakeFiles/robot_localization__rosidl_typesupport_fastrtps_cpp.dir/rosidl_typesupport_fastrtps_cpp/robot_localization/srv/detail/dds_fastrtps/set_pose__type_support.cpp.o[0m
[14.585s] [ 18%] [32mBuilding CXX object CMakeFiles/robot_localization__rosidl_typesupport_fastrtps_cpp.dir/rosidl_typesupport_fastrtps_cpp/robot_localization/srv/detail/dds_fastrtps/toggle_filter_processing__type_support.cpp.o[0m
[14.598s] [ 19%] [32mBuilding CXX object CMakeFiles/robot_localization__rosidl_typesupport_introspection_cpp.dir/rosidl_typesupport_introspection_cpp/robot_localization/srv/detail/get_state__type_support.cpp.o[0m
[14.624s] [ 20%] [32m[1mLinking C shared library librobot_localization__rosidl_generator_c.so[0m
[16.900s] [ 21%] [32mBuilding CXX object CMakeFiles/robot_localization__rosidl_typesupport_introspection_cpp.dir/rosidl_typesupport_introspection_cpp/robot_localization/srv/detail/set_datum__type_support.cpp.o[0m
[16.902s] [ 21%] [32mBuilding CXX object CMakeFiles/robot_localization__rosidl_typesupport_cpp.dir/rosidl_typesupport_cpp/robot_localization/srv/set_datum__type_support.cpp.o[0m
[16.974s] [ 22%] [32mBuilding CXX object CMakeFiles/robot_localization__rosidl_typesupport_introspection_cpp.dir/rosidl_typesupport_introspection_cpp/robot_localization/srv/detail/set_pose__type_support.cpp.o[0m
[17.053s] [ 23%] [32mBuilding CXX object CMakeFiles/robot_localization__rosidl_typesupport_fastrtps_cpp.dir/rosidl_typesupport_fastrtps_cpp/robot_localization/srv/detail/dds_fastrtps/to_ll__type_support.cpp.o[0m
[17.072s] [ 24%] [32mBuilding CXX object CMakeFiles/robot_localization__rosidl_typesupport_introspection_cpp.dir/rosidl_typesupport_introspection_cpp/robot_localization/srv/detail/to_ll__type_support.cpp.o[0m
[17.077s] [ 25%] [32mBuilding CXX object CMakeFiles/robot_localization__rosidl_typesupport_introspection_cpp.dir/rosidl_typesupport_introspection_cpp/robot_localization/srv/detail/toggle_filter_processing__type_support.cpp.o[0m
[17.079s] [ 26%] [32mBuilding CXX object CMakeFiles/robot_localization__rosidl_typesupport_cpp.dir/rosidl_typesupport_cpp/robot_localization/srv/set_pose__type_support.cpp.o[0m
[17.083s] [ 27%] [32mBuilding CXX object CMakeFiles/robot_localization__rosidl_typesupport_cpp.dir/rosidl_typesupport_cpp/robot_localization/srv/to_ll__type_support.cpp.o[0m
[17.101s] [ 28%] [32mBuilding CXX object CMakeFiles/robot_localization__rosidl_typesupport_cpp.dir/rosidl_typesupport_cpp/robot_localization/srv/toggle_filter_processing__type_support.cpp.o[0m
[17.355s] [ 28%] Built target robot_localization__rosidl_generator_c
[17.425s] [ 29%] [34m[1mGenerating C type support dispatch for ROS interfaces[0m
[17.764s] [ 30%] [34m[1mGenerating C introspection for ROS interfaces[0m
[17.938s] [ 30%] [32m[1mLinking CXX shared library librobot_localization__rosidl_typesupport_introspection_cpp.so[0m
[17.963s] [ 31%] [32m[1mLinking CXX shared library librobot_localization__rosidl_typesupport_cpp.so[0m
[18.046s] [ 31%] Built target robot_localization__rosidl_typesupport_cpp
[18.111s] [ 31%] Built target robot_localization__rosidl_typesupport_introspection_cpp
[18.241s] [ 32%] [32m[1mLinking CXX shared library librobot_localization__rosidl_typesupport_fastrtps_cpp.so[0m
[18.437s] [ 33%] [32m[1mLinking CXX static library libgtest_main.a[0m
[18.505s] [35m[1mScanning dependencies of target robot_localization__rosidl_typesupport_c[0m
[18.852s] [ 33%] Built target gtest_main
[18.868s] [ 34%] [32mBuilding CXX object CMakeFiles/robot_localization__rosidl_typesupport_c.dir/rosidl_typesupport_c/robot_localization/srv/get_state__type_support.cpp.o[0m
[18.869s] [ 35%] [32mBuilding CXX object CMakeFiles/robot_localization__rosidl_typesupport_c.dir/rosidl_typesupport_c/robot_localization/srv/set_datum__type_support.cpp.o[0m
[18.870s] [ 35%] [32mBuilding CXX object CMakeFiles/robot_localization__rosidl_typesupport_c.dir/rosidl_typesupport_c/robot_localization/srv/from_ll__type_support.cpp.o[0m
[18.873s] [ 36%] [32mBuilding CXX object CMakeFiles/robot_localization__rosidl_typesupport_c.dir/rosidl_typesupport_c/robot_localization/srv/to_ll__type_support.cpp.o[0m
[18.874s] [ 37%] [32mBuilding CXX object CMakeFiles/robot_localization__rosidl_typesupport_c.dir/rosidl_typesupport_c/robot_localization/srv/set_pose__type_support.cpp.o[0m
[18.880s] [ 38%] [32mBuilding CXX object CMakeFiles/robot_localization__rosidl_typesupport_c.dir/rosidl_typesupport_c/robot_localization/srv/toggle_filter_processing__type_support.cpp.o[0m
[18.960s] [ 39%] [32m[1mLinking CXX shared library librobot_localization__rosidl_typesupport_c.so[0m
[18.961s] [35m[1mScanning dependencies of target robot_localization__rosidl_typesupport_introspection_c[0m
[19.061s] [ 39%] Built target robot_localization__rosidl_typesupport_c
[19.331s] [ 40%] [32mBuilding C object CMakeFiles/robot_localization__rosidl_typesupport_introspection_c.dir/rosidl_typesupport_introspection_c/robot_localization/srv/detail/set_datum__type_support.c.o[0m
[19.333s] [ 41%] [32mBuilding C object CMakeFiles/robot_localization__rosidl_typesupport_introspection_c.dir/rosidl_typesupport_introspection_c/robot_localization/srv/detail/from_ll__type_support.c.o[0m
[19.335s] [ 42%] [32mBuilding C object CMakeFiles/robot_localization__rosidl_typesupport_introspection_c.dir/rosidl_typesupport_introspection_c/robot_localization/srv/detail/to_ll__type_support.c.o[0m
[19.336s] [ 43%] [32mBuilding C object CMakeFiles/robot_localization__rosidl_typesupport_introspection_c.dir/rosidl_typesupport_introspection_c/robot_localization/srv/detail/set_pose__type_support.c.o[0m
[19.336s] [ 44%] [32mBuilding C object CMakeFiles/robot_localization__rosidl_typesupport_introspection_c.dir/rosidl_typesupport_introspection_c/robot_localization/srv/detail/get_state__type_support.c.o[0m
[19.337s] [ 45%] [32mBuilding C object CMakeFiles/robot_localization__rosidl_typesupport_introspection_c.dir/rosidl_typesupport_introspection_c/robot_localization/srv/detail/toggle_filter_processing__type_support.c.o[0m
[19.425s] [ 45%] [32m[1mLinking C shared library librobot_localization__rosidl_typesupport_introspection_c.so[0m
[19.440s] [ 45%] Built target robot_localization__rosidl_typesupport_fastrtps_cpp
[19.466s] [ 46%] [34m[1mGenerating C type support for eProsima Fast-RTPS[0m
[19.518s] [ 46%] Built target robot_localization__rosidl_typesupport_introspection_c
[22.514s] [35m[1mScanning dependencies of target robot_localization__rosidl_typesupport_fastrtps_c[0m
[24.390s] [ 47%] [32mBuilding CXX object CMakeFiles/robot_localization__rosidl_typesupport_fastrtps_c.dir/rosidl_typesupport_fastrtps_c/robot_localization/srv/detail/set_datum__type_support_c.cpp.o[0m
[24.392s] [ 48%] [32mBuilding CXX object CMakeFiles/robot_localization__rosidl_typesupport_fastrtps_c.dir/rosidl_typesupport_fastrtps_c/robot_localization/srv/detail/from_ll__type_support_c.cpp.o[0m
[24.393s] [ 49%] [32mBuilding CXX object CMakeFiles/robot_localization__rosidl_typesupport_fastrtps_c.dir/rosidl_typesupport_fastrtps_c/robot_localization/srv/detail/get_state__type_support_c.cpp.o[0m
[24.394s] [ 50%] [32mBuilding CXX object CMakeFiles/robot_localization__rosidl_typesupport_fastrtps_c.dir/rosidl_typesupport_fastrtps_c/robot_localization/srv/detail/set_pose__type_support_c.cpp.o[0m
[24.397s] [ 51%] [32mBuilding CXX object CMakeFiles/robot_localization__rosidl_typesupport_fastrtps_c.dir/rosidl_typesupport_fastrtps_c/robot_localization/srv/detail/toggle_filter_processing__type_support_c.cpp.o[0m
[24.397s] [ 51%] [32mBuilding CXX object CMakeFiles/robot_localization__rosidl_typesupport_fastrtps_c.dir/rosidl_typesupport_fastrtps_c/robot_localization/srv/detail/to_ll__type_support_c.cpp.o[0m
[25.192s] [ 52%] [32m[1mLinking CXX shared library librobot_localization__rosidl_typesupport_fastrtps_c.so[0m
[25.488s] [ 52%] Built target robot_localization__rosidl_typesupport_fastrtps_c
[25.507s] [35m[1mScanning dependencies of target robot_localization[0m
[25.529s] [ 52%] Built target robot_localization
[25.547s] [35m[1mScanning dependencies of target rl_lib[0m
[25.549s] [35m[1mScanning dependencies of target robot_localization__py[0m
[25.568s] [ 53%] [34m[1mGenerating Python code for ROS interfaces[0m
[34.474s] [ 53%] Built target robot_localization__py
[34.492s] [35m[1mScanning dependencies of target robot_localization__python[0m
[35.241s] [ 54%] [32m[1mLinking CXX static library libgtest.a[0m
[35.330s] [ 54%] Built target gtest
[41.590s] [ 55%] [32mBuilding C object CMakeFiles/robot_localization__python.dir/rosidl_generator_py/robot_localization/srv/_get_state_s.c.o[0m
[41.592s] [ 56%] [32mBuilding C object CMakeFiles/robot_localization__python.dir/rosidl_generator_py/robot_localization/srv/_from_ll_s.c.o[0m
[41.592s] [ 57%] [32mBuilding C object CMakeFiles/robot_localization__python.dir/rosidl_generator_py/robot_localization/srv/_to_ll_s.c.o[0m
[41.595s] [ 58%] [32mBuilding C object CMakeFiles/robot_localization__python.dir/rosidl_generator_py/robot_localization/srv/_toggle_filter_processing_s.c.o[0m
[41.597s] [ 60%] [32mBuilding C object CMakeFiles/robot_localization__python.dir/rosidl_generator_py/robot_localization/srv/_set_pose_s.c.o[0m
[41.597s] [ 60%] [32mBuilding C object CMakeFiles/robot_localization__python.dir/rosidl_generator_py/robot_localization/srv/_set_datum_s.c.o[0m
[42.188s] [ 61%] [32m[1mLinking C shared library rosidl_generator_py/robot_localization/librobot_localization__python.so[0m
[42.284s] [ 61%] Built target robot_localization__python
[42.303s] [35m[1mScanning dependencies of target robot_localization__rosidl_typesupport_c__pyext[0m
[42.303s] [35m[1mScanning dependencies of target robot_localization__rosidl_typesupport_introspection_c__pyext[0m
[42.305s] [35m[1mScanning dependencies of target robot_localization__rosidl_typesupport_fastrtps_c__pyext[0m
[42.792s] [ 62%] [32mBuilding C object CMakeFiles/robot_localization__rosidl_typesupport_c__pyext.dir/rosidl_generator_py/robot_localization/_robot_localization_s.ep.rosidl_typesupport_c.c.o[0m
[42.795s] [ 63%] [32mBuilding C object CMakeFiles/robot_localization__rosidl_typesupport_introspection_c__pyext.dir/rosidl_generator_py/robot_localization/_robot_localization_s.ep.rosidl_typesupport_introspection_c.c.o[0m
[42.805s] [ 64%] [32mBuilding C object CMakeFiles/robot_localization__rosidl_typesupport_fastrtps_c__pyext.dir/rosidl_generator_py/robot_localization/_robot_localization_s.ep.rosidl_typesupport_fastrtps_c.c.o[0m
[43.244s] [ 65%] [32m[1mLinking C shared library rosidl_generator_py/robot_localization/robot_localization_s__rosidl_typesupport_c.cpython-38-x86_64-linux-gnu.so[0m
[43.253s] [ 66%] [32m[1mLinking C shared library rosidl_generator_py/robot_localization/robot_localization_s__rosidl_typesupport_introspection_c.cpython-38-x86_64-linux-gnu.so[0m
[43.277s] [ 67%] [32m[1mLinking CXX shared library rosidl_generator_py/robot_localization/robot_localization_s__rosidl_typesupport_fastrtps_c.cpython-38-x86_64-linux-gnu.so[0m
[43.326s] [ 67%] Built target robot_localization__rosidl_typesupport_c__pyext
[43.342s] [ 67%] Built target robot_localization__rosidl_typesupport_introspection_c__pyext
[43.411s] [ 67%] Built target robot_localization__rosidl_typesupport_fastrtps_c__pyext
[60.306s] [ 68%] [32mBuilding CXX object CMakeFiles/rl_lib.dir/src/filter_base.cpp.o[0m
[60.307s] [ 69%] [32mBuilding CXX object CMakeFiles/rl_lib.dir/src/filter_utilities.cpp.o[0m
[60.309s] [ 70%] [32mBuilding CXX object CMakeFiles/rl_lib.dir/src/ekf.cpp.o[0m
[60.309s] [ 70%] [32mBuilding CXX object CMakeFiles/rl_lib.dir/src/ukf.cpp.o[0m
[60.457s] [ 71%] [32mBuilding CXX object CMakeFiles/rl_lib.dir/src/robot_localization_estimator.cpp.o[0m
[60.457s] [ 72%] [32mBuilding CXX object CMakeFiles/rl_lib.dir/src/navsat_transform.cpp.o[0m
[60.459s] [ 73%] [32mBuilding CXX object CMakeFiles/rl_lib.dir/src/ros_filter.cpp.o[0m
[60.462s] [ 74%] [32mBuilding CXX object CMakeFiles/rl_lib.dir/src/ros_filter_utilities.cpp.o[0m
[60.467s] [ 75%] [32mBuilding CXX object CMakeFiles/rl_lib.dir/src/ros_robot_localization_listener.cpp.o[0m
[168.938s] [ 76%] [32m[1mLinking CXX shared library librl_lib.so[0m
[244.436s] [ 76%] Built target rl_lib
[247.468s] [35m[1mScanning dependencies of target test_ros_robot_localization_listener[0m
[247.470s] [35m[1mScanning dependencies of target ekf_node[0m
[247.515s] [35m[1mScanning dependencies of target ukf_node[0m
[247.573s] [35m[1mScanning dependencies of target test_ekf[0m
[247.574s] [35m[1mScanning dependencies of target test_ros_robot_localization_listener_publisher[0m
[247.582s] [35m[1mScanning dependencies of target test_robot_localization_estimator[0m
[254.738s] [ 77%] [32mBuilding CXX object CMakeFiles/test_ros_robot_localization_listener_publisher.dir/test/test_ros_robot_localization_listener_publisher.cpp.o[0m
[255.988s] [ 78%] [32mBuilding CXX object CMakeFiles/ekf_node.dir/src/ekf_node.cpp.o[0m
[255.989s] [ 78%] [32mBuilding CXX object CMakeFiles/ukf_node.dir/src/ukf_node.cpp.o[0m
[255.992s] [ 80%] [32mBuilding CXX object CMakeFiles/test_robot_localization_estimator.dir/test/test_robot_localization_estimator.cpp.o[0m
[255.993s] [ 80%] [32mBuilding CXX object CMakeFiles/test_ros_robot_localization_listener.dir/test/test_ros_robot_localization_listener.cpp.o[0m
[255.995s] [ 81%] [32mBuilding CXX object CMakeFiles/test_ekf.dir/test/test_ekf.cpp.o[0m
[277.112s] [ 82%] [32m[1mLinking CXX executable ekf_node[0m
[277.434s] [ 83%] [32m[1mLinking CXX executable ukf_node[0m
[279.701s] [ 84%] [32m[1mLinking CXX executable test_ekf[0m
[279.826s] [ 84%] Built target ekf_node
[279.841s] [ 84%] [32m[1mLinking CXX executable test_robot_localization_estimator[0m
[279.957s] [ 84%] Built target ukf_node
[280.189s] [ 85%] [32m[1mLinking CXX executable test_ros_robot_localization_listener[0m
[281.726s] [ 86%] [32m[1mLinking CXX executable test_ros_robot_localization_listener_publisher[0m
[282.867s] [ 86%] Built target test_ros_robot_localization_listener_publisher
[298.581s] [ 86%] Built target test_robot_localization_estimator
[298.587s] [ 86%] Built target test_ros_robot_localization_listener
[298.595s] [ 86%] Built target test_ekf
[299.122s] [35m[1mScanning dependencies of target test_ukf_localization_node_interfaces[0m
[300.060s] [ 87%] [32mBuilding CXX object CMakeFiles/test_ukf_localization_node_interfaces.dir/test/test_ukf_localization_node_interfaces.cpp.o[0m
[325.498s] [ 88%] [32m[1mLinking CXX executable test_ukf_localization_node_interfaces[0m
[325.929s] [ 88%] Built target test_ukf_localization_node_interfaces
[326.365s] [35m[1mScanning dependencies of target test_filter_base_diagnostics_timestamps[0m
[326.539s] [ 89%] [32mBuilding CXX object CMakeFiles/test_filter_base_diagnostics_timestamps.dir/test/test_filter_base_diagnostics_timestamps.cpp.o[0m
[347.750s] [ 90%] [32m[1mLinking CXX executable test_filter_base_diagnostics_timestamps[0m
[348.361s] [ 90%] Built target test_filter_base_diagnostics_timestamps
[350.054s] [35m[1mScanning dependencies of target test_ekf_localization_node_interfaces[0m
[350.499s] [ 91%] [32mBuilding CXX object CMakeFiles/test_ekf_localization_node_interfaces.dir/test/test_ekf_localization_node_interfaces.cpp.o[0m
[375.707s] [ 92%] [32m[1mLinking CXX executable test_ekf_localization_node_interfaces[0m
[376.897s] [ 92%] Built target test_ekf_localization_node_interfaces
[377.816s] [35m[1mScanning dependencies of target robot_localization_listener_node[0m
[378.609s] [ 93%] [32mBuilding CXX object CMakeFiles/robot_localization_listener_node.dir/src/robot_localization_listener_node.cpp.o[0m
[386.389s] [ 94%] [32m[1mLinking CXX executable robot_localization_listener_node[0m
[387.088s] [ 94%] Built target robot_localization_listener_node
[389.214s] [35m[1mScanning dependencies of target navsat_transform_node[0m
[389.593s] [ 95%] [32mBuilding CXX object CMakeFiles/navsat_transform_node.dir/src/navsat_transform_node.cpp.o[0m
[396.460s] [ 96%] [32m[1mLinking CXX executable navsat_transform_node[0m
[396.999s] [ 96%] Built target navsat_transform_node
[399.840s] [35m[1mScanning dependencies of target filter_base-test[0m
[400.179s] [ 97%] [32mBuilding CXX object CMakeFiles/filter_base-test.dir/test/test_filter_base.cpp.o[0m
[404.867s] [ 98%] [32m[1mLinking CXX executable filter_base-test[0m
[405.364s] [ 98%] Built target filter_base-test
[405.624s] [35m[1mScanning dependencies of target test_ukf[0m
[405.843s] [ 99%] [32mBuilding CXX object CMakeFiles/test_ukf.dir/test/test_ukf.cpp.o[0m
[414.188s] [100%] [32m[1mLinking CXX executable test_ukf[0m
[415.572s] [100%] Built target test_ukf
[416.891s] Invoked command in '/home/ubuntu/dev_ws/build/robot_localization' returned '0': CMAKE_PREFIX_PATH=/opt/ros/galactic /usr/bin/cmake --build /home/ubuntu/dev_ws/build/robot_localization -- -j12 -l12
[420.945s] Invoking command in '/home/ubuntu/dev_ws/build/robot_localization': CMAKE_PREFIX_PATH=/opt/ros/galactic /usr/bin/cmake --install /home/ubuntu/dev_ws/build/robot_localization
[421.313s] -- Install configuration: "RelWithDebInfo"
[421.313s] -- Installing: /home/ubuntu/dev_ws/install/robot_localization/share/ament_index/resource_index/rosidl_interfaces/robot_localization
[421.393s] -- Installing: /home/ubuntu/dev_ws/install/robot_localization/include/robot_localization
[421.429s] -- Installing: /home/ubuntu/dev_ws/install/robot_localization/include/robot_localization/msg
[421.457s] -- Installing: /home/ubuntu/dev_ws/install/robot_localization/include/robot_localization/msg/rosidl_generator_c__visibility_control.h
[421.493s] -- Installing: /home/ubuntu/dev_ws/install/robot_localization/include/robot_localization/srv
[421.599s] -- Installing: /home/ubuntu/dev_ws/install/robot_localization/include/robot_localization/srv/set_pose.h
[421.599s] -- Installing: /home/ubuntu/dev_ws/install/robot_localization/include/robot_localization/srv/to_ll.h
[421.600s] -- Installing: /home/ubuntu/dev_ws/install/robot_localization/include/robot_localization/srv/get_state.h
[421.600s] -- Installing: /home/ubuntu/dev_ws/install/robot_localization/include/robot_localization/srv/set_datum.h
[421.600s] -- Installing: /home/ubuntu/dev_ws/install/robot_localization/include/robot_localization/srv/from_ll.h
[421.601s] -- Installing: /home/ubuntu/dev_ws/install/robot_localization/include/robot_localization/srv/detail
[421.635s] -- Installing: /home/ubuntu/dev_ws/install/robot_localization/include/robot_localization/srv/detail/toggle_filter_processing__struct.h
[421.654s] -- Installing: /home/ubuntu/dev_ws/install/robot_localization/include/robot_localization/srv/detail/set_datum__type_support.h
[421.654s] -- Installing: /home/ubuntu/dev_ws/install/robot_localization/include/robot_localization/srv/detail/get_state__functions.h
[421.691s] -- Installing: /home/ubuntu/dev_ws/install/robot_localization/include/robot_localization/srv/detail/toggle_filter_processing__functions.c
[421.803s] -- Installing: /home/ubuntu/dev_ws/install/robot_localization/include/robot_localization/srv/detail/to_ll__functions.h
[421.842s] -- Installing: /home/ubuntu/dev_ws/install/robot_localization/include/robot_localization/srv/detail/from_ll__functions.h
[421.871s] -- Installing: /home/ubuntu/dev_ws/install/robot_localization/include/robot_localization/srv/detail/get_state__functions.c
[421.906s] -- Installing: /home/ubuntu/dev_ws/install/robot_localization/include/robot_localization/srv/detail/to_ll__struct.h
[421.932s] -- Installing: /home/ubuntu/dev_ws/install/robot_localization/include/robot_localization/srv/detail/set_datum__functions.c
[421.976s] -- Installing: /home/ubuntu/dev_ws/install/robot_localization/include/robot_localization/srv/detail/from_ll__functions.c
[422.032s] -- Installing: /home/ubuntu/dev_ws/install/robot_localization/include/robot_localization/srv/detail/get_state__type_support.h
[422.033s] -- Installing: /home/ubuntu/dev_ws/install/robot_localization/include/robot_localization/srv/detail/toggle_filter_processing__type_support.h
[422.033s] -- Installing: /home/ubuntu/dev_ws/install/robot_localization/include/robot_localization/srv/detail/set_pose__type_support.h
[422.033s] -- Installing: /home/ubuntu/dev_ws/install/robot_localization/include/robot_localization/srv/detail/set_pose__struct.h
[422.099s] -- Installing: /home/ubuntu/dev_ws/install/robot_localization/include/robot_localization/srv/detail/from_ll__type_support.h
[422.099s] -- Installing: /home/ubuntu/dev_ws/install/robot_localization/include/robot_localization/srv/detail/set_datum__functions.h
[422.170s] -- Installing: /home/ubuntu/dev_ws/install/robot_localization/include/robot_localization/srv/detail/toggle_filter_processing__functions.h
[422.250s] -- Installing: /home/ubuntu/dev_ws/install/robot_localization/include/robot_localization/srv/detail/to_ll__functions.c
[422.320s] -- Installing: /home/ubuntu/dev_ws/install/robot_localization/include/robot_localization/srv/detail/set_pose__functions.c
[422.400s] -- Installing: /home/ubuntu/dev_ws/install/robot_localization/include/robot_localization/srv/detail/set_pose__functions.h
[422.537s] -- Installing: /home/ubuntu/dev_ws/install/robot_localization/include/robot_localization/srv/detail/from_ll__struct.h
[422.611s] -- Installing: /home/ubuntu/dev_ws/install/robot_localization/include/robot_localization/srv/detail/set_datum__struct.h
[422.683s] -- Installing: /home/ubuntu/dev_ws/install/robot_localization/include/robot_localization/srv/detail/get_state__struct.h
[422.748s] -- Installing: /home/ubuntu/dev_ws/install/robot_localization/include/robot_localization/srv/detail/to_ll__type_support.h
[422.748s] -- Installing: /home/ubuntu/dev_ws/install/robot_localization/include/robot_localization/srv/toggle_filter_processing.h
[422.749s] -- Installing: /home/ubuntu/dev_ws/install/robot_localization/share/robot_localization/environment/library_path.sh
[422.814s] -- Installing: /home/ubuntu/dev_ws/install/robot_localization/share/robot_localization/environment/library_path.dsv
[422.878s] -- Installing: /home/ubuntu/dev_ws/install/robot_localization/lib/librobot_localization__rosidl_generator_c.so
[422.994s] -- Set runtime path of "/home/ubuntu/dev_ws/install/robot_localization/lib/librobot_localization__rosidl_generator_c.so" to ""
[422.994s] -- Up-to-date: /home/ubuntu/dev_ws/install/robot_localization/include/robot_localization
[423.038s] -- Up-to-date: /home/ubuntu/dev_ws/install/robot_localization/include/robot_localization/msg
[423.069s] -- Installing: /home/ubuntu/dev_ws/install/robot_localization/include/robot_localization/msg/rosidl_typesupport_fastrtps_c__visibility_control.h
[423.069s] -- Up-to-date: /home/ubuntu/dev_ws/install/robot_localization/include/robot_localization/srv
[423.069s] -- Up-to-date: /home/ubuntu/dev_ws/install/robot_localization/include/robot_localization/srv/detail
[423.070s] -- Installing: /home/ubuntu/dev_ws/install/robot_localization/include/robot_localization/srv/detail/toggle_filter_processing__rosidl_typesupport_fastrtps_c.h
[423.070s] -- Installing: /home/ubuntu/dev_ws/install/robot_localization/include/robot_localization/srv/detail/get_state__rosidl_typesupport_fastrtps_c.h
[423.070s] -- Installing: /home/ubuntu/dev_ws/install/robot_localization/include/robot_localization/srv/detail/to_ll__rosidl_typesupport_fastrtps_c.h
[423.070s] -- Installing: /home/ubuntu/dev_ws/install/robot_localization/include/robot_localization/srv/detail/from_ll__rosidl_typesupport_fastrtps_c.h
[423.070s] -- Installing: /home/ubuntu/dev_ws/install/robot_localization/include/robot_localization/srv/detail/set_pose__rosidl_typesupport_fastrtps_c.h
[423.071s] -- Installing: /home/ubuntu/dev_ws/install/robot_localization/include/robot_localization/srv/detail/set_datum__rosidl_typesupport_fastrtps_c.h
[423.071s] -- Installing: /home/ubuntu/dev_ws/install/robot_localization/lib/librobot_localization__rosidl_typesupport_fastrtps_c.so
[424.452s] -- Set runtime path of "/home/ubuntu/dev_ws/install/robot_localization/lib/librobot_localization__rosidl_typesupport_fastrtps_c.so" to ""
[424.452s] -- Up-to-date: /home/ubuntu/dev_ws/install/robot_localization/include/robot_localization
[424.874s] -- Up-to-date: /home/ubuntu/dev_ws/install/robot_localization/include/robot_localization/msg
[425.179s] -- Installing: /home/ubuntu/dev_ws/install/robot_localization/include/robot_localization/msg/rosidl_typesupport_fastrtps_cpp__visibility_control.h
[425.179s] -- Up-to-date: /home/ubuntu/dev_ws/install/robot_localization/include/robot_localization/srv
[425.207s] -- Up-to-date: /home/ubuntu/dev_ws/install/robot_localization/include/robot_localization/srv/detail
[425.219s] -- Installing: /home/ubuntu/dev_ws/install/robot_localization/include/robot_localization/srv/detail/dds_fastrtps
[425.245s] -- Installing: /home/ubuntu/dev_ws/install/robot_localization/include/robot_localization/srv/detail/set_datum__rosidl_typesupport_fastrtps_cpp.hpp
[425.245s] -- Installing: /home/ubuntu/dev_ws/install/robot_localization/include/robot_localization/srv/detail/from_ll__rosidl_typesupport_fastrtps_cpp.hpp
[425.256s] -- Installing: /home/ubuntu/dev_ws/install/robot_localization/include/robot_localization/srv/detail/set_pose__rosidl_typesupport_fastrtps_cpp.hpp
[425.256s] -- Installing: /home/ubuntu/dev_ws/install/robot_localization/include/robot_localization/srv/detail/to_ll__rosidl_typesupport_fastrtps_cpp.hpp
[425.257s] -- Installing: /home/ubuntu/dev_ws/install/robot_localization/include/robot_localization/srv/detail/get_state__rosidl_typesupport_fastrtps_cpp.hpp
[425.257s] -- Installing: /home/ubuntu/dev_ws/install/robot_localization/include/robot_localization/srv/detail/toggle_filter_processing__rosidl_typesupport_fastrtps_cpp.hpp
[425.258s] -- Installing: /home/ubuntu/dev_ws/install/robot_localization/lib/librobot_localization__rosidl_typesupport_fastrtps_cpp.so
[426.308s] -- Set runtime path of "/home/ubuntu/dev_ws/install/robot_localization/lib/librobot_localization__rosidl_typesupport_fastrtps_cpp.so" to ""
[426.309s] -- Up-to-date: /home/ubuntu/dev_ws/install/robot_localization/include/robot_localization
[426.353s] -- Up-to-date: /home/ubuntu/dev_ws/install/robot_localization/include/robot_localization/msg
[426.422s] -- Installing: /home/ubuntu/dev_ws/install/robot_localization/include/robot_localization/msg/rosidl_typesupport_introspection_c__visibility_control.h
[426.422s] -- Up-to-date: /home/ubuntu/dev_ws/install/robot_localization/include/robot_localization/srv
[426.423s] -- Up-to-date: /home/ubuntu/dev_ws/install/robot_localization/include/robot_localization/srv/detail
[426.423s] -- Installing: /home/ubuntu/dev_ws/install/robot_localization/include/robot_localization/srv/detail/toggle_filter_processing__type_support.c
[426.423s] -- Installing: /home/ubuntu/dev_ws/install/robot_localization/include/robot_localization/srv/detail/from_ll__rosidl_typesupport_introspection_c.h
[426.423s] -- Installing: /home/ubuntu/dev_ws/install/robot_localization/include/robot_localization/srv/detail/set_pose__rosidl_typesupport_introspection_c.h
[426.424s] -- Installing: /home/ubuntu/dev_ws/install/robot_localization/include/robot_localization/srv/detail/set_datum__rosidl_typesupport_introspection_c.h
[426.424s] -- Installing: /home/ubuntu/dev_ws/install/robot_localization/include/robot_localization/srv/detail/to_ll__rosidl_typesupport_introspection_c.h
[426.424s] -- Installing: /home/ubuntu/dev_ws/install/robot_localization/include/robot_localization/srv/detail/to_ll__type_support.c
[426.425s] -- Installing: /home/ubuntu/dev_ws/install/robot_localization/include/robot_localization/srv/detail/get_state__rosidl_typesupport_introspection_c.h
[426.425s] -- Installing: /home/ubuntu/dev_ws/install/robot_localization/include/robot_localization/srv/detail/toggle_filter_processing__rosidl_typesupport_introspection_c.h
[426.426s] -- Installing: /home/ubuntu/dev_ws/install/robot_localization/include/robot_localization/srv/detail/get_state__type_support.c
[426.426s] -- Installing: /home/ubuntu/dev_ws/install/robot_localization/include/robot_localization/srv/detail/set_pose__type_support.c
[426.426s] -- Installing: /home/ubuntu/dev_ws/install/robot_localization/include/robot_localization/srv/detail/from_ll__type_support.c
[426.427s] -- Installing: /home/ubuntu/dev_ws/install/robot_localization/include/robot_localization/srv/detail/set_datum__type_support.c
[426.427s] -- Installing: /home/ubuntu/dev_ws/install/robot_localization/lib/librobot_localization__rosidl_typesupport_introspection_c.so
[426.441s] -- Set runtime path of "/home/ubuntu/dev_ws/install/robot_localization/lib/librobot_localization__rosidl_typesupport_introspection_c.so" to ""
[426.442s] -- Installing: /home/ubuntu/dev_ws/install/robot_localization/lib/librobot_localization__rosidl_typesupport_c.so
[426.485s] -- Set runtime path of "/home/ubuntu/dev_ws/install/robot_localization/lib/librobot_localization__rosidl_typesupport_c.so" to ""
[426.486s] -- Up-to-date: /home/ubuntu/dev_ws/install/robot_localization/include/robot_localization
[426.505s] -- Up-to-date: /home/ubuntu/dev_ws/install/robot_localization/include/robot_localization/srv
[426.506s] -- Installing: /home/ubuntu/dev_ws/install/robot_localization/include/robot_localization/srv/set_datum.hpp
[426.506s] -- Installing: /home/ubuntu/dev_ws/install/robot_localization/include/robot_localization/srv/to_ll.hpp
[426.506s] -- Installing: /home/ubuntu/dev_ws/install/robot_localization/include/robot_localization/srv/toggle_filter_processing.hpp
[426.507s] -- Installing: /home/ubuntu/dev_ws/install/robot_localization/include/robot_localization/srv/from_ll.hpp
[426.507s] -- Installing: /home/ubuntu/dev_ws/install/robot_localization/include/robot_localization/srv/get_state.hpp
[426.507s] -- Up-to-date: /home/ubuntu/dev_ws/install/robot_localization/include/robot_localization/srv/detail
[426.507s] -- Installing: /home/ubuntu/dev_ws/install/robot_localization/include/robot_localization/srv/detail/to_ll__struct.hpp
[426.508s] -- Installing: /home/ubuntu/dev_ws/install/robot_localization/include/robot_localization/srv/detail/set_datum__traits.hpp
[426.508s] -- Installing: /home/ubuntu/dev_ws/install/robot_localization/include/robot_localization/srv/detail/set_pose__builder.hpp
[426.508s] -- Installing: /home/ubuntu/dev_ws/install/robot_localization/include/robot_localization/srv/detail/to_ll__traits.hpp
[426.509s] -- Installing: /home/ubuntu/dev_ws/install/robot_localization/include/robot_localization/srv/detail/from_ll__traits.hpp
[426.509s] -- Installing: /home/ubuntu/dev_ws/install/robot_localization/include/robot_localization/srv/detail/from_ll__builder.hpp
[426.509s] -- Installing: /home/ubuntu/dev_ws/install/robot_localization/include/robot_localization/srv/detail/get_state__builder.hpp
[426.510s] -- Installing: /home/ubuntu/dev_ws/install/robot_localization/include/robot_localization/srv/detail/from_ll__struct.hpp
[426.510s] -- Installing: /home/ubuntu/dev_ws/install/robot_localization/include/robot_localization/srv/detail/to_ll__builder.hpp
[426.510s] -- Installing: /home/ubuntu/dev_ws/install/robot_localization/include/robot_localization/srv/detail/toggle_filter_processing__traits.hpp
[426.511s] -- Installing: /home/ubuntu/dev_ws/install/robot_localization/include/robot_localization/srv/detail/toggle_filter_processing__struct.hpp
[426.511s] -- Installing: /home/ubuntu/dev_ws/install/robot_localization/include/robot_localization/srv/detail/set_pose__traits.hpp
[426.511s] -- Installing: /home/ubuntu/dev_ws/install/robot_localization/include/robot_localization/srv/detail/get_state__struct.hpp
[426.512s] -- Installing: /home/ubuntu/dev_ws/install/robot_localization/include/robot_localization/srv/detail/set_datum__builder.hpp
[426.512s] -- Installing: /home/ubuntu/dev_ws/install/robot_localization/include/robot_localization/srv/detail/get_state__traits.hpp
[426.513s] -- Installing: /home/ubuntu/dev_ws/install/robot_localization/include/robot_localization/srv/detail/toggle_filter_processing__builder.hpp
[426.513s] -- Installing: /home/ubuntu/dev_ws/install/robot_localization/include/robot_localization/srv/detail/set_pose__struct.hpp
[426.513s] -- Installing: /home/ubuntu/dev_ws/install/robot_localization/include/robot_localization/srv/detail/set_datum__struct.hpp
[426.513s] -- Installing: /home/ubuntu/dev_ws/install/robot_localization/include/robot_localization/srv/set_pose.hpp
[426.514s] -- Up-to-date: /home/ubuntu/dev_ws/install/robot_localization/include/robot_localization
[426.525s] -- Up-to-date: /home/ubuntu/dev_ws/install/robot_localization/include/robot_localization/srv
[426.549s] -- Up-to-date: /home/ubuntu/dev_ws/install/robot_localization/include/robot_localization/srv/detail
[426.568s] -- Installing: /home/ubuntu/dev_ws/install/robot_localization/include/robot_localization/srv/detail/set_pose__type_support.cpp
[426.579s] -- Installing: /home/ubuntu/dev_ws/install/robot_localization/include/robot_localization/srv/detail/set_datum__rosidl_typesupport_introspection_cpp.hpp
[426.597s] -- Installing: /home/ubuntu/dev_ws/install/robot_localization/include/robot_localization/srv/detail/from_ll__rosidl_typesupport_introspection_cpp.hpp
[426.616s] -- Installing: /home/ubuntu/dev_ws/install/robot_localization/include/robot_localization/srv/detail/get_state__rosidl_typesupport_introspection_cpp.hpp
[426.635s] -- Installing: /home/ubuntu/dev_ws/install/robot_localization/include/robot_localization/srv/detail/from_ll__type_support.cpp
[426.655s] -- Installing: /home/ubuntu/dev_ws/install/robot_localization/include/robot_localization/srv/detail/get_state__type_support.cpp
[426.674s] -- Installing: /home/ubuntu/dev_ws/install/robot_localization/include/robot_localization/srv/detail/to_ll__rosidl_typesupport_introspection_cpp.hpp
[426.686s] -- Installing: /home/ubuntu/dev_ws/install/robot_localization/include/robot_localization/srv/detail/set_pose__rosidl_typesupport_introspection_cpp.hpp
[426.697s] -- Installing: /home/ubuntu/dev_ws/install/robot_localization/include/robot_localization/srv/detail/set_datum__type_support.cpp
[426.711s] -- Installing: /home/ubuntu/dev_ws/install/robot_localization/include/robot_localization/srv/detail/to_ll__type_support.cpp
[426.722s] -- Installing: /home/ubuntu/dev_ws/install/robot_localization/include/robot_localization/srv/detail/toggle_filter_processing__type_support.cpp
[426.735s] -- Installing: /home/ubuntu/dev_ws/install/robot_localization/include/robot_localization/srv/detail/toggle_filter_processing__rosidl_typesupport_introspection_cpp.hpp
[426.757s] -- Installing: /home/ubuntu/dev_ws/install/robot_localization/lib/librobot_localization__rosidl_typesupport_introspection_cpp.so
[427.951s] -- Set runtime path of "/home/ubuntu/dev_ws/install/robot_localization/lib/librobot_localization__rosidl_typesupport_introspection_cpp.so" to ""
[427.951s] -- Installing: /home/ubuntu/dev_ws/install/robot_localization/lib/librobot_localization__rosidl_typesupport_cpp.so
[429.845s] -- Set runtime path of "/home/ubuntu/dev_ws/install/robot_localization/lib/librobot_localization__rosidl_typesupport_cpp.so" to ""
[429.846s] -- Installing: /home/ubuntu/dev_ws/install/robot_localization/share/robot_localization/environment/pythonpath.sh
[429.944s] -- Installing: /home/ubuntu/dev_ws/install/robot_localization/share/robot_localization/environment/pythonpath.dsv
[430.000s] -- Installing: /home/ubuntu/dev_ws/install/robot_localization/lib/python3.8/site-packages/robot_localization/__init__.py
[431.939s] Compiling '/home/ubuntu/dev_ws/install/robot_localization/lib/python3.8/site-packages/robot_localization/__init__.py'...
[431.939s] -- Installing: /home/ubuntu/dev_ws/install/robot_localization/lib/python3.8/site-packages/robot_localization/srv
[431.940s] -- Installing: /home/ubuntu/dev_ws/install/robot_localization/lib/python3.8/site-packages/robot_localization/srv/_from_ll.py
[431.940s] -- Installing: /home/ubuntu/dev_ws/install/robot_localization/lib/python3.8/site-packages/robot_localization/srv/_set_datum_s.c
[431.940s] -- Installing: /home/ubuntu/dev_ws/install/robot_localization/lib/python3.8/site-packages/robot_localization/srv/_toggle_filter_processing.py
[431.964s] -- Installing: /home/ubuntu/dev_ws/install/robot_localization/lib/python3.8/site-packages/robot_localization/srv/_set_datum.py
[432.179s] -- Installing: /home/ubuntu/dev_ws/install/robot_localization/lib/python3.8/site-packages/robot_localization/srv/_from_ll_s.c
[432.179s] -- Installing: /home/ubuntu/dev_ws/install/robot_localization/lib/python3.8/site-packages/robot_localization/srv/_get_state_s.c
[432.179s] -- Installing: /home/ubuntu/dev_ws/install/robot_localization/lib/python3.8/site-packages/robot_localization/srv/_to_ll_s.c
[432.180s] -- Installing: /home/ubuntu/dev_ws/install/robot_localization/lib/python3.8/site-packages/robot_localization/srv/__init__.py
[432.274s] -- Installing: /home/ubuntu/dev_ws/install/robot_localization/lib/python3.8/site-packages/robot_localization/srv/_set_pose.py
[432.371s] -- Installing: /home/ubuntu/dev_ws/install/robot_localization/lib/python3.8/site-packages/robot_localization/srv/_set_pose_s.c
[432.371s] -- Installing: /home/ubuntu/dev_ws/install/robot_localization/lib/python3.8/site-packages/robot_localization/srv/_toggle_filter_processing_s.c
[432.371s] -- Installing: /home/ubuntu/dev_ws/install/robot_localization/lib/python3.8/site-packages/robot_localization/srv/_get_state.py
[432.593s] -- Installing: /home/ubuntu/dev_ws/install/robot_localization/lib/python3.8/site-packages/robot_localization/srv/_to_ll.py
[432.867s] -- Installing: /home/ubuntu/dev_ws/install/robot_localization/lib/python3.8/site-packages/robot_localization/robot_localization_s__rosidl_typesupport_fastrtps_c.cpython-38-x86_64-linux-gnu.so
[433.270s] -- Set runtime path of "/home/ubuntu/dev_ws/install/robot_localization/lib/python3.8/site-packages/robot_localization/robot_localization_s__rosidl_typesupport_fastrtps_c.cpython-38-x86_64-linux-gnu.so" to ""
[433.270s] -- Installing: /home/ubuntu/dev_ws/install/robot_localization/lib/python3.8/site-packages/robot_localization/robot_localization_s__rosidl_typesupport_introspection_c.cpython-38-x86_64-linux-gnu.so
[434.895s] -- Set runtime path of "/home/ubuntu/dev_ws/install/robot_localization/lib/python3.8/site-packages/robot_localization/robot_localization_s__rosidl_typesupport_introspection_c.cpython-38-x86_64-linux-gnu.so" to ""
[434.896s] -- Installing: /home/ubuntu/dev_ws/install/robot_localization/lib/python3.8/site-packages/robot_localization/robot_localization_s__rosidl_typesupport_c.cpython-38-x86_64-linux-gnu.so
[435.114s] -- Set runtime path of "/home/ubuntu/dev_ws/install/robot_localization/lib/python3.8/site-packages/robot_localization/robot_localization_s__rosidl_typesupport_c.cpython-38-x86_64-linux-gnu.so" to ""
[435.114s] -- Installing: /home/ubuntu/dev_ws/install/robot_localization/lib/librobot_localization__python.so
[435.695s] -- Set runtime path of "/home/ubuntu/dev_ws/install/robot_localization/lib/librobot_localization__python.so" to ""
[435.695s] -- Installing: /home/ubuntu/dev_ws/install/robot_localization/share/robot_localization/srv/FromLL.idl
[435.729s] -- Installing: /home/ubuntu/dev_ws/install/robot_localization/share/robot_localization/srv/GetState.idl
[435.733s] -- Installing: /home/ubuntu/dev_ws/install/robot_localization/share/robot_localization/srv/SetDatum.idl
[435.769s] -- Installing: /home/ubuntu/dev_ws/install/robot_localization/share/robot_localization/srv/SetPose.idl
[435.805s] -- Installing: /home/ubuntu/dev_ws/install/robot_localization/share/robot_localization/srv/ToggleFilterProcessing.idl
[435.856s] -- Installing: /home/ubuntu/dev_ws/install/robot_localization/share/robot_localization/srv/ToLL.idl
[435.866s] -- Installing: /home/ubuntu/dev_ws/install/robot_localization/share/robot_localization/srv/FromLL.srv
[435.869s] -- Installing: /home/ubuntu/dev_ws/install/robot_localization/share/robot_localization/srv/FromLL_Request.msg
[435.917s] -- Installing: /home/ubuntu/dev_ws/install/robot_localization/share/robot_localization/srv/FromLL_Response.msg
[435.946s] -- Installing: /home/ubuntu/dev_ws/install/robot_localization/share/robot_localization/srv/GetState.srv
[436.018s] -- Installing: /home/ubuntu/dev_ws/install/robot_localization/share/robot_localization/srv/GetState_Request.msg
[436.018s] -- Installing: /home/ubuntu/dev_ws/install/robot_localization/share/robot_localization/srv/GetState_Response.msg
[436.048s] -- Installing: /home/ubuntu/dev_ws/install/robot_localization/share/robot_localization/srv/SetDatum.srv
[436.050s] -- Installing: /home/ubuntu/dev_ws/install/robot_localization/share/robot_localization/srv/SetDatum_Request.msg
[436.078s] -- Installing: /home/ubuntu/dev_ws/install/robot_localization/share/robot_localization/srv/SetDatum_Response.msg
[436.080s] -- Installing: /home/ubuntu/dev_ws/install/robot_localization/share/robot_localization/srv/SetPose.srv
[436.115s] -- Installing: /home/ubuntu/dev_ws/install/robot_localization/share/robot_localization/srv/SetPose_Request.msg
[436.226s] -- Installing: /home/ubuntu/dev_ws/install/robot_localization/share/robot_localization/srv/SetPose_Response.msg
[436.264s] -- Installing: /home/ubuntu/dev_ws/install/robot_localization/share/robot_localization/srv/ToggleFilterProcessing.srv
[436.455s] -- Installing: /home/ubuntu/dev_ws/install/robot_localization/share/robot_localization/srv/ToggleFilterProcessing_Request.msg
[436.497s] -- Installing: /home/ubuntu/dev_ws/install/robot_localization/share/robot_localization/srv/ToggleFilterProcessing_Response.msg
[436.499s] -- Installing: /home/ubuntu/dev_ws/install/robot_localization/share/robot_localization/srv/ToLL.srv
[436.586s] -- Installing: /home/ubuntu/dev_ws/install/robot_localization/share/robot_localization/srv/ToLL_Request.msg
[436.659s] -- Installing: /home/ubuntu/dev_ws/install/robot_localization/share/robot_localization/srv/ToLL_Response.msg
[436.850s] -- Installing: /home/ubuntu/dev_ws/install/robot_localization/lib/robot_localization/filter_base-test
[436.872s] -- Set runtime path of "/home/ubuntu/dev_ws/install/robot_localization/lib/robot_localization/filter_base-test" to ""
[436.872s] -- Installing: /home/ubuntu/dev_ws/install/robot_localization/lib/robot_localization/test_filter_base_diagnostics_timestamps
[436.911s] -- Set runtime path of "/home/ubuntu/dev_ws/install/robot_localization/lib/robot_localization/test_filter_base_diagnostics_timestamps" to ""
[436.911s] -- Installing: /home/ubuntu/dev_ws/install/robot_localization/lib/robot_localization/test_ekf
[436.929s] -- Set runtime path of "/home/ubuntu/dev_ws/install/robot_localization/lib/robot_localization/test_ekf" to ""
[436.929s] -- Installing: /home/ubuntu/dev_ws/install/robot_localization/lib/robot_localization/test_ekf_localization_node_interfaces
[436.970s] -- Set runtime path of "/home/ubuntu/dev_ws/install/robot_localization/lib/robot_localization/test_ekf_localization_node_interfaces" to ""
[436.971s] -- Installing: /home/ubuntu/dev_ws/install/robot_localization/lib/robot_localization/test_ukf
[437.037s] -- Set runtime path of "/home/ubuntu/dev_ws/install/robot_localization/lib/robot_localization/test_ukf" to ""
[437.037s] -- Installing: /home/ubuntu/dev_ws/install/robot_localization/lib/robot_localization/test_ukf_localization_node_interfaces
[437.077s] -- Set runtime path of "/home/ubuntu/dev_ws/install/robot_localization/lib/robot_localization/test_ukf_localization_node_interfaces" to ""
[437.078s] -- Installing: /home/ubuntu/dev_ws/install/robot_localization/lib/robot_localization/test_robot_localization_estimator
[437.094s] -- Set runtime path of "/home/ubuntu/dev_ws/install/robot_localization/lib/robot_localization/test_robot_localization_estimator" to ""
[437.094s] -- Installing: /home/ubuntu/dev_ws/install/robot_localization/lib/robot_localization/test_ros_robot_localization_listener
[437.111s] -- Set runtime path of "/home/ubuntu/dev_ws/install/robot_localization/lib/robot_localization/test_ros_robot_localization_listener" to ""
[437.111s] -- Installing: /home/ubuntu/dev_ws/install/robot_localization/lib/robot_localization/test_ros_robot_localization_listener_publisher
[437.122s] -- Set runtime path of "/home/ubuntu/dev_ws/install/robot_localization/lib/robot_localization/test_ros_robot_localization_listener_publisher" to ""
[437.122s] -- Installing: /home/ubuntu/dev_ws/install/robot_localization/share/robot_localization/test
[437.123s] -- Installing: /home/ubuntu/dev_ws/install/robot_localization/share/robot_localization/test/test_ros_robot_localization_listener.cpp
[437.123s] -- Installing: /home/ubuntu/dev_ws/install/robot_localization/share/robot_localization/test/test_filter_base.cpp
[437.123s] -- Installing: /home/ubuntu/dev_ws/install/robot_localization/share/robot_localization/test/test_ukf_localization_node_bag1.launch.py
[437.183s] -- Installing: /home/ubuntu/dev_ws/install/robot_localization/share/robot_localization/test/test_filter_base_diagnostics_timestamps.launch.py
[437.491s] -- Installing: /home/ubuntu/dev_ws/install/robot_localization/share/robot_localization/test/test_ekf_localization_node_bag3.yaml
[438.294s] -- Installing: /home/ubuntu/dev_ws/install/robot_localization/share/robot_localization/test/test_ekf_localization_node_bag1.launch.py
[438.296s] -- Installing: /home/ubuntu/dev_ws/install/robot_localization/share/robot_localization/test/test_ukf_localization_node_interfaces.launch.py
[438.647s] -- Installing: /home/ubuntu/dev_ws/install/robot_localization/share/robot_localization/test/test2.bag
[439.207s] -- Installing: /home/ubuntu/dev_ws/install/robot_localization/share/robot_localization/test/test_ukf_localization_node_bag2.launch.py
[439.269s] -- Installing: /home/ubuntu/dev_ws/install/robot_localization/share/robot_localization/test/test_ekf_localization_node_bag3.sh
[439.288s] -- Installing: /home/ubuntu/dev_ws/install/robot_localization/share/robot_localization/test/test_robot_localization_estimator.launch.py
[439.290s] -- Installing: /home/ubuntu/dev_ws/install/robot_localization/share/robot_localization/test/test3.bag
[463.892s] -- Installing: /home/ubuntu/dev_ws/install/robot_localization/share/robot_localization/test/test_ukf_localization_node_interfaces.yaml
[464.012s] -- Installing: /home/ubuntu/dev_ws/install/robot_localization/share/robot_localization/test/test_ros_robot_localization_listener.launch.py
[465.196s] -- Installing: /home/ubuntu/dev_ws/install/robot_localization/share/robot_localization/test/test_ukf_localization_node_bag3.launch.py
[465.251s] -- Installing: /home/ubuntu/dev_ws/install/robot_localization/share/robot_localization/test/test_robot_localization_estimator.cpp
[465.252s] -- Installing: /home/ubuntu/dev_ws/install/robot_localization/share/robot_localization/test/test_ekf_localization_node_interfaces.yaml
[465.301s] -- Installing: /home/ubuntu/dev_ws/install/robot_localization/share/robot_localization/test/test_ekf_localization_node_interfaces.cpp
[465.302s] -- Installing: /home/ubuntu/dev_ws/install/robot_localization/share/robot_localization/test/test_ekf_localization_node_interfaces.launch.py
[465.326s] -- Installing: /home/ubuntu/dev_ws/install/robot_localization/share/robot_localization/test/test_ukf_localization_node_bag1.yaml
[465.356s] -- Installing: /home/ubuntu/dev_ws/install/robot_localization/share/robot_localization/test/test_ukf_localization_node_bag2.sh
[465.391s] -- Installing: /home/ubuntu/dev_ws/install/robot_localization/share/robot_localization/test/test_localization_node_bag_pose_tester.cpp
[465.435s] -- Installing: /home/ubuntu/dev_ws/install/robot_localization/share/robot_localization/test/test_ukf_localization_node_bag1.sh
[465.479s] -- Installing: /home/ubuntu/dev_ws/install/robot_localization/share/robot_localization/test/test_ros_robot_localization_listener.yaml
[465.532s] -- Installing: /home/ubuntu/dev_ws/install/robot_localization/share/robot_localization/test/test_ekf_localization_node_bag1.yaml
[465.584s] -- Installing: /home/ubuntu/dev_ws/install/robot_localization/share/robot_localization/test/test_ekf_localization_node_bag3.launch.py
[465.639s] -- Installing: /home/ubuntu/dev_ws/install/robot_localization/share/robot_localization/test/test_ekf_localization_node_bag2.launch.py
[465.663s] -- Installing: /home/ubuntu/dev_ws/install/robot_localization/share/robot_localization/test/test_filter_base_diagnostics_timestamps.cpp
[465.663s] -- Installing: /home/ubuntu/dev_ws/install/robot_localization/share/robot_localization/test/test_ekf_localization_node_bag2.sh
[465.697s] -- Installing: /home/ubuntu/dev_ws/install/robot_localization/share/robot_localization/test/test_ekf_localization_node_bag1.sh
[465.743s] -- Installing: /home/ubuntu/dev_ws/install/robot_localization/share/robot_localization/test/test_ukf_localization_node_bag3.yaml
[465.793s] -- Installing: /home/ubuntu/dev_ws/install/robot_localization/share/robot_localization/test/test_ukf_localization_node_bag3.sh
[465.840s] -- Installing: /home/ubuntu/dev_ws/install/robot_localization/share/robot_localization/test/test1.bag
[466.630s] -- Installing: /home/ubuntu/dev_ws/install/robot_localization/share/robot_localization/test/test_ekf.cpp
[466.630s] -- Installing: /home/ubuntu/dev_ws/install/robot_localization/share/robot_localization/test/test_filter_base_diagnostics_timestamps.yaml
[466.640s] -- Installing: /home/ubuntu/dev_ws/install/robot_localization/share/robot_localization/test/test_ukf_localization_node_bag2.yaml
[466.651s] -- Installing: /home/ubuntu/dev_ws/install/robot_localization/share/robot_localization/test/test_ukf.cpp
[466.651s] -- Installing: /home/ubuntu/dev_ws/install/robot_localization/share/robot_localization/test/test_ukf_localization_node_interfaces.cpp
[466.651s] -- Installing: /home/ubuntu/dev_ws/install/robot_localization/share/robot_localization/test/test_ekf_localization_node_bag2.yaml
[466.662s] -- Installing: /home/ubuntu/dev_ws/install/robot_localization/share/robot_localization/test/test_ros_robot_localization_listener_publisher.cpp
[466.663s] -- Installing: /home/ubuntu/dev_ws/install/robot_localization/lib/robot_localization/navsat_transform_node
[466.669s] -- Set runtime path of "/home/ubuntu/dev_ws/install/robot_localization/lib/robot_localization/navsat_transform_node" to ""
[466.669s] -- Installing: /home/ubuntu/dev_ws/install/robot_localization/lib/robot_localization/ekf_node
[466.674s] -- Set runtime path of "/home/ubuntu/dev_ws/install/robot_localization/lib/robot_localization/ekf_node" to ""
[466.675s] -- Installing: /home/ubuntu/dev_ws/install/robot_localization/lib/robot_localization/ukf_node
[466.702s] -- Set runtime path of "/home/ubuntu/dev_ws/install/robot_localization/lib/robot_localization/ukf_node" to ""
[466.703s] -- Installing: /home/ubuntu/dev_ws/install/robot_localization/lib/robot_localization/robot_localization_listener_node
[466.709s] -- Set runtime path of "/home/ubuntu/dev_ws/install/robot_localization/lib/robot_localization/robot_localization_listener_node" to ""
[466.709s] -- Installing: /home/ubuntu/dev_ws/install/robot_localization/lib/librl_lib.so
[466.889s] -- Set runtime path of "/home/ubuntu/dev_ws/install/robot_localization/lib/librl_lib.so" to ""
[466.890s] -- Installing: /home/ubuntu/dev_ws/install/robot_localization/share/robot_localization/params
[466.920s] -- Installing: /home/ubuntu/dev_ws/install/robot_localization/share/robot_localization/params/ukf.yaml
[466.950s] -- Installing: /home/ubuntu/dev_ws/install/robot_localization/share/robot_localization/params/ekf.yaml
[466.985s] -- Installing: /home/ubuntu/dev_ws/install/robot_localization/share/robot_localization/params/navsat_transform.yaml
[466.996s] -- Installing: /home/ubuntu/dev_ws/install/robot_localization/share/robot_localization/params/dual_ekf_navsat_example.yaml
[467.007s] -- Installing: /home/ubuntu/dev_ws/install/robot_localization/share/robot_localization/launch
[467.018s] -- Installing: /home/ubuntu/dev_ws/install/robot_localization/share/robot_localization/launch/dual_ekf_navsat_example.launch.py
[467.033s] -- Installing: /home/ubuntu/dev_ws/install/robot_localization/share/robot_localization/launch/ekf.launch.py
[467.048s] -- Installing: /home/ubuntu/dev_ws/install/robot_localization/share/robot_localization/launch/navsat_transform.launch.py
[467.060s] -- Installing: /home/ubuntu/dev_ws/install/robot_localization/share/robot_localization/launch/ukf.launch.py
[467.075s] -- Installing: /home/ubuntu/dev_ws/install/robot_localization/share/ament_index/resource_index/package_run_dependencies/robot_localization
[467.085s] -- Installing: /home/ubuntu/dev_ws/install/robot_localization/share/ament_index/resource_index/parent_prefix_path/robot_localization
[467.096s] -- Installing: /home/ubuntu/dev_ws/install/robot_localization/share/robot_localization/environment/ament_prefix_path.sh
[467.107s] -- Installing: /home/ubuntu/dev_ws/install/robot_localization/share/robot_localization/environment/ament_prefix_path.dsv
[467.122s] -- Installing: /home/ubuntu/dev_ws/install/robot_localization/share/robot_localization/environment/path.sh
[467.134s] -- Installing: /home/ubuntu/dev_ws/install/robot_localization/share/robot_localization/environment/path.dsv
[467.156s] -- Installing: /home/ubuntu/dev_ws/install/robot_localization/share/robot_localization/local_setup.bash
[467.166s] -- Installing: /home/ubuntu/dev_ws/install/robot_localization/share/robot_localization/local_setup.sh
[467.202s] -- Installing: /home/ubuntu/dev_ws/install/robot_localization/share/robot_localization/local_setup.zsh
[467.238s] -- Installing: /home/ubuntu/dev_ws/install/robot_localization/share/robot_localization/local_setup.dsv
[467.256s] -- Installing: /home/ubuntu/dev_ws/install/robot_localization/share/robot_localization/package.dsv
[467.311s] -- Installing: /home/ubuntu/dev_ws/install/robot_localization/share/ament_index/resource_index/packages/robot_localization
[467.312s] -- Installing: /home/ubuntu/dev_ws/install/robot_localization/share/robot_localization/cmake/robot_localization__rosidl_generator_cExport.cmake
[467.342s] -- Installing: /home/ubuntu/dev_ws/install/robot_localization/share/robot_localization/cmake/robot_localization__rosidl_generator_cExport-relwithdebinfo.cmake
[467.430s] -- Installing: /home/ubuntu/dev_ws/install/robot_localization/share/robot_localization/cmake/robot_localization__rosidl_typesupport_introspection_cExport.cmake
[467.463s] -- Installing: /home/ubuntu/dev_ws/install/robot_localization/share/robot_localization/cmake/robot_localization__rosidl_typesupport_introspection_cExport-relwithdebinfo.cmake
[467.492s] -- Installing: /home/ubuntu/dev_ws/install/robot_localization/share/robot_localization/cmake/robot_localization__rosidl_typesupport_cExport.cmake
[467.512s] -- Installing: /home/ubuntu/dev_ws/install/robot_localization/share/robot_localization/cmake/robot_localization__rosidl_typesupport_cExport-relwithdebinfo.cmake
[467.551s] -- Installing: /home/ubuntu/dev_ws/install/robot_localization/share/robot_localization/cmake/robot_localization__rosidl_generator_cppExport.cmake
[467.588s] -- Installing: /home/ubuntu/dev_ws/install/robot_localization/share/robot_localization/cmake/robot_localization__rosidl_typesupport_introspection_cppExport.cmake
[467.607s] -- Installing: /home/ubuntu/dev_ws/install/robot_localization/share/robot_localization/cmake/robot_localization__rosidl_typesupport_introspection_cppExport-relwithdebinfo.cmake
[467.649s] -- Installing: /home/ubuntu/dev_ws/install/robot_localization/share/robot_localization/cmake/robot_localization__rosidl_typesupport_cppExport.cmake
[467.692s] -- Installing: /home/ubuntu/dev_ws/install/robot_localization/share/robot_localization/cmake/robot_localization__rosidl_typesupport_cppExport-relwithdebinfo.cmake
[467.799s] -- Installing: /home/ubuntu/dev_ws/install/robot_localization/share/robot_localization/cmake/rosidl_cmake-extras.cmake
[467.835s] -- Installing: /home/ubuntu/dev_ws/install/robot_localization/share/robot_localization/cmake/ament_cmake_export_dependencies-extras.cmake
[467.871s] -- Installing: /home/ubuntu/dev_ws/install/robot_localization/share/robot_localization/cmake/ament_cmake_export_libraries-extras.cmake
[467.899s] -- Installing: /home/ubuntu/dev_ws/install/robot_localization/share/robot_localization/cmake/ament_cmake_export_targets-extras.cmake
[467.928s] -- Installing: /home/ubuntu/dev_ws/install/robot_localization/share/robot_localization/cmake/ament_cmake_export_include_directories-extras.cmake
[467.960s] -- Installing: /home/ubuntu/dev_ws/install/robot_localization/share/robot_localization/cmake/rosidl_cmake_export_typesupport_libraries-extras.cmake
[468.005s] -- Installing: /home/ubuntu/dev_ws/install/robot_localization/share/robot_localization/cmake/rosidl_cmake_export_typesupport_targets-extras.cmake
[468.058s] -- Installing: /home/ubuntu/dev_ws/install/robot_localization/share/robot_localization/cmake/robot_localizationConfig.cmake
[468.103s] -- Installing: /home/ubuntu/dev_ws/install/robot_localization/share/robot_localization/cmake/robot_localizationConfig-version.cmake
[468.148s] -- Installing: /home/ubuntu/dev_ws/install/robot_localization/share/robot_localization/package.xml
[468.290s] Invoked command in '/home/ubuntu/dev_ws/build/robot_localization' returned '0': CMAKE_PREFIX_PATH=/opt/ros/galactic /usr/bin/cmake --install /home/ubuntu/dev_ws/build/robot_localization
