[0.038s] Invoking command in '/home/ubuntu/dev_ws/build/basic_mobile_robot': CMAKE_PREFIX_PATH=/home/ubuntu/dev_ws/install/robot_localization:/home/ubuntu/dev_ws/install/basic_mobile_robot:/opt/ros/galactic /usr/bin/cmake --build /home/ubuntu/dev_ws/build/basic_mobile_robot -- -j12 -l12
[0.124s] Invoked command in '/home/ubuntu/dev_ws/build/basic_mobile_robot' returned '0': CMAKE_PREFIX_PATH=/home/ubuntu/dev_ws/install/robot_localization:/home/ubuntu/dev_ws/install/basic_mobile_robot:/opt/ros/galactic /usr/bin/cmake --build /home/ubuntu/dev_ws/build/basic_mobile_robot -- -j12 -l12
[0.169s] Invoking command in '/home/ubuntu/dev_ws/build/basic_mobile_robot': CMAKE_PREFIX_PATH=/home/ubuntu/dev_ws/install/robot_localization:/home/ubuntu/dev_ws/install/basic_mobile_robot:/opt/ros/galactic /usr/bin/cmake --install /home/ubuntu/dev_ws/build/basic_mobile_robot
[0.183s] -- Install configuration: ""
[0.183s] -- Up-to-date: /home/ubuntu/dev_ws/install/basic_mobile_robot/share/basic_mobile_robot/config
[0.185s] -- Up-to-date: /home/ubuntu/dev_ws/install/basic_mobile_robot/share/basic_mobile_robot/config/ekf.yaml
[0.185s] -- Up-to-date: /home/ubuntu/dev_ws/install/basic_mobile_robot/share/basic_mobile_robot/launch
[0.186s] -- Up-to-date: /home/ubuntu/dev_ws/install/basic_mobile_robot/share/basic_mobile_robot/launch/basic_mobile_bot_v5.launch.py
[0.186s] -- Up-to-date: /home/ubuntu/dev_ws/install/basic_mobile_robot/share/basic_mobile_robot/launch/map_saver_launch.py
[0.186s] -- Up-to-date: /home/ubuntu/dev_ws/install/basic_mobile_robot/share/basic_mobile_robot/launch/basic_mobile_bot_v3.launch.py
[0.186s] -- Up-to-date: /home/ubuntu/dev_ws/install/basic_mobile_robot/share/basic_mobile_robot/launch/basic_mobile_bot_v2.launch.py
[0.186s] -- Up-to-date: /home/ubuntu/dev_ws/install/basic_mobile_robot/share/basic_mobile_robot/launch/__pycache__
[0.187s] -- Up-to-date: /home/ubuntu/dev_ws/install/basic_mobile_robot/share/basic_mobile_robot/launch/__pycache__/basic_mobile_bot_v5.launch.cpython-38.pyc
[0.187s] -- Up-to-date: /home/ubuntu/dev_ws/install/basic_mobile_robot/share/basic_mobile_robot/launch/basic_mobile_bot_v1.launch.py
[0.187s] -- Up-to-date: /home/ubuntu/dev_ws/install/basic_mobile_robot/share/basic_mobile_robot/launch/basic_mobile_bot_v4.launch.py
[0.187s] -- Up-to-date: /home/ubuntu/dev_ws/install/basic_mobile_robot/share/basic_mobile_robot/maps
[0.188s] -- Installing: /home/ubuntu/dev_ws/install/basic_mobile_robot/share/basic_mobile_robot/maps/my_map.pgm
[0.203s] -- Up-to-date: /home/ubuntu/dev_ws/install/basic_mobile_robot/share/basic_mobile_robot/maps/smalltown_world.yaml
[0.203s] -- Installing: /home/ubuntu/dev_ws/install/basic_mobile_robot/share/basic_mobile_robot/maps/my_map.yaml
[0.204s] -- Up-to-date: /home/ubuntu/dev_ws/install/basic_mobile_robot/share/basic_mobile_robot/maps/smalltown_world.pgm
[0.204s] -- Up-to-date: /home/ubuntu/dev_ws/install/basic_mobile_robot/share/basic_mobile_robot/meshes
[0.206s] -- Up-to-date: /home/ubuntu/dev_ws/install/basic_mobile_robot/share/basic_mobile_robot/meshes/elbow.stl-20221106T080452Z-001
[0.209s] -- Up-to-date: /home/ubuntu/dev_ws/install/basic_mobile_robot/share/basic_mobile_robot/meshes/elbow.stl-20221106T080452Z-001/elbow.stl
[0.209s] -- Up-to-date: /home/ubuntu/dev_ws/install/basic_mobile_robot/share/basic_mobile_robot/meshes/wheel.stl-20221106T080454Z-001
[0.212s] -- Up-to-date: /home/ubuntu/dev_ws/install/basic_mobile_robot/share/basic_mobile_robot/meshes/wheel.stl-20221106T080454Z-001/wheel.stl
[0.212s] -- Up-to-date: /home/ubuntu/dev_ws/install/basic_mobile_robot/share/basic_mobile_robot/meshes/arm_base.stl-20221106T080452Z-001
[0.215s] -- Up-to-date: /home/ubuntu/dev_ws/install/basic_mobile_robot/share/basic_mobile_robot/meshes/arm_base.stl-20221106T080452Z-001/arm_base.stl
[0.215s] -- Up-to-date: /home/ubuntu/dev_ws/install/basic_mobile_robot/share/basic_mobile_robot/meshes/wrist.stl-20221106T080455Z-001
[0.218s] -- Up-to-date: /home/ubuntu/dev_ws/install/basic_mobile_robot/share/basic_mobile_robot/meshes/wrist.stl-20221106T080455Z-001/wrist.stl
[0.219s] -- Up-to-date: /home/ubuntu/dev_ws/install/basic_mobile_robot/share/basic_mobile_robot/meshes/bicep.stl-20221106T080452Z-001
[0.222s] -- Up-to-date: /home/ubuntu/dev_ws/install/basic_mobile_robot/share/basic_mobile_robot/meshes/bicep.stl-20221106T080452Z-001/bicep.stl
[0.222s] -- Up-to-date: /home/ubuntu/dev_ws/install/basic_mobile_robot/share/basic_mobile_robot/meshes/robot_base.stl-20221106T080452Z-001
[0.225s] -- Up-to-date: /home/ubuntu/dev_ws/install/basic_mobile_robot/share/basic_mobile_robot/meshes/robot_base.stl-20221106T080452Z-001/robot_base.stl
[0.225s] -- Up-to-date: /home/ubuntu/dev_ws/install/basic_mobile_robot/share/basic_mobile_robot/models
[0.227s] -- Up-to-date: /home/ubuntu/dev_ws/install/basic_mobile_robot/share/basic_mobile_robot/models/basic_mobile_bot_description
[0.229s] -- Up-to-date: /home/ubuntu/dev_ws/install/basic_mobile_robot/share/basic_mobile_robot/models/basic_mobile_bot_description/model.sdf
[0.229s] -- Up-to-date: /home/ubuntu/dev_ws/install/basic_mobile_robot/share/basic_mobile_robot/models/basic_mobile_bot_description/model.config
[0.230s] -- Up-to-date: /home/ubuntu/dev_ws/install/basic_mobile_robot/share/basic_mobile_robot/models/basic_mobile_bot_description/meshes
[0.231s] -- Up-to-date: /home/ubuntu/dev_ws/install/basic_mobile_robot/share/basic_mobile_robot/models/basic_mobile_bot_description/meshes/elbow.stl-20221106T080452Z-001
[0.234s] -- Up-to-date: /home/ubuntu/dev_ws/install/basic_mobile_robot/share/basic_mobile_robot/models/basic_mobile_bot_description/meshes/elbow.stl-20221106T080452Z-001/elbow.stl
[0.234s] -- Up-to-date: /home/ubuntu/dev_ws/install/basic_mobile_robot/share/basic_mobile_robot/models/basic_mobile_bot_description/meshes/wheel.stl-20221106T080454Z-001
[0.236s] -- Up-to-date: /home/ubuntu/dev_ws/install/basic_mobile_robot/share/basic_mobile_robot/models/basic_mobile_bot_description/meshes/wheel.stl-20221106T080454Z-001/wheel.stl
[0.236s] -- Up-to-date: /home/ubuntu/dev_ws/install/basic_mobile_robot/share/basic_mobile_robot/models/basic_mobile_bot_description/meshes/arm_base.stl-20221106T080452Z-001
[0.238s] -- Up-to-date: /home/ubuntu/dev_ws/install/basic_mobile_robot/share/basic_mobile_robot/models/basic_mobile_bot_description/meshes/arm_base.stl-20221106T080452Z-001/arm_base.stl
[0.239s] -- Up-to-date: /home/ubuntu/dev_ws/install/basic_mobile_robot/share/basic_mobile_robot/models/basic_mobile_bot_description/meshes/wrist.stl-20221106T080455Z-001
[0.241s] -- Up-to-date: /home/ubuntu/dev_ws/install/basic_mobile_robot/share/basic_mobile_robot/models/basic_mobile_bot_description/meshes/wrist.stl-20221106T080455Z-001/wrist.stl
[0.241s] -- Up-to-date: /home/ubuntu/dev_ws/install/basic_mobile_robot/share/basic_mobile_robot/models/basic_mobile_bot_description/meshes/bicep.stl-20221106T080452Z-001
[0.243s] -- Up-to-date: /home/ubuntu/dev_ws/install/basic_mobile_robot/share/basic_mobile_robot/models/basic_mobile_bot_description/meshes/bicep.stl-20221106T080452Z-001/bicep.stl
[0.243s] -- Up-to-date: /home/ubuntu/dev_ws/install/basic_mobile_robot/share/basic_mobile_robot/models/basic_mobile_bot_description/meshes/robot_base.stl-20221106T080452Z-001
[0.245s] -- Up-to-date: /home/ubuntu/dev_ws/install/basic_mobile_robot/share/basic_mobile_robot/models/basic_mobile_bot_description/meshes/robot_base.stl-20221106T080452Z-001/robot_base.stl
[0.245s] -- Up-to-date: /home/ubuntu/dev_ws/install/basic_mobile_robot/share/basic_mobile_robot/models/basic_mobile_bot_v1.urdf
[0.246s] -- Up-to-date: /home/ubuntu/dev_ws/install/basic_mobile_robot/share/basic_mobile_robot/models/basic_mobile_bot_v2.urdf
[0.246s] -- Up-to-date: /home/ubuntu/dev_ws/install/basic_mobile_robot/share/basic_mobile_robot/params
[0.246s] -- Up-to-date: /home/ubuntu/dev_ws/install/basic_mobile_robot/share/basic_mobile_robot/params/map_saver_params.yaml
[0.246s] -- Up-to-date: /home/ubuntu/dev_ws/install/basic_mobile_robot/share/basic_mobile_robot/params/nav2_params.yaml
[0.246s] -- Up-to-date: /home/ubuntu/dev_ws/install/basic_mobile_robot/share/basic_mobile_robot/rviz
[0.248s] -- Up-to-date: /home/ubuntu/dev_ws/install/basic_mobile_robot/share/basic_mobile_robot/rviz/nav2_config.rviz
[0.248s] -- Up-to-date: /home/ubuntu/dev_ws/install/basic_mobile_robot/share/basic_mobile_robot/rviz/urdf_config.rviz
[0.248s] -- Up-to-date: /home/ubuntu/dev_ws/install/basic_mobile_robot/share/basic_mobile_robot/src
[0.248s] -- Up-to-date: /home/ubuntu/dev_ws/install/basic_mobile_robot/share/basic_mobile_robot/worlds
[0.249s] -- Up-to-date: /home/ubuntu/dev_ws/install/basic_mobile_robot/share/basic_mobile_robot/worlds/basic_mobile_bot_world
[0.252s] -- Up-to-date: /home/ubuntu/dev_ws/install/basic_mobile_robot/share/basic_mobile_robot/worlds/basic_mobile_bot_world/smalltown.world
[0.252s] -- Up-to-date: /home/ubuntu/dev_ws/install/basic_mobile_robot/share/ament_index/resource_index/package_run_dependencies/basic_mobile_robot
[0.253s] -- Up-to-date: /home/ubuntu/dev_ws/install/basic_mobile_robot/share/ament_index/resource_index/parent_prefix_path/basic_mobile_robot
[0.254s] -- Up-to-date: /home/ubuntu/dev_ws/install/basic_mobile_robot/share/basic_mobile_robot/environment/ament_prefix_path.sh
[0.254s] -- Up-to-date: /home/ubuntu/dev_ws/install/basic_mobile_robot/share/basic_mobile_robot/environment/ament_prefix_path.dsv
[0.254s] -- Up-to-date: /home/ubuntu/dev_ws/install/basic_mobile_robot/share/basic_mobile_robot/environment/path.sh
[0.254s] -- Up-to-date: /home/ubuntu/dev_ws/install/basic_mobile_robot/share/basic_mobile_robot/environment/path.dsv
[0.254s] -- Up-to-date: /home/ubuntu/dev_ws/install/basic_mobile_robot/share/basic_mobile_robot/local_setup.bash
[0.255s] -- Up-to-date: /home/ubuntu/dev_ws/install/basic_mobile_robot/share/basic_mobile_robot/local_setup.sh
[0.255s] -- Up-to-date: /home/ubuntu/dev_ws/install/basic_mobile_robot/share/basic_mobile_robot/local_setup.zsh
[0.255s] -- Up-to-date: /home/ubuntu/dev_ws/install/basic_mobile_robot/share/basic_mobile_robot/local_setup.dsv
[0.255s] -- Installing: /home/ubuntu/dev_ws/install/basic_mobile_robot/share/basic_mobile_robot/package.dsv
[0.258s] -- Up-to-date: /home/ubuntu/dev_ws/install/basic_mobile_robot/share/ament_index/resource_index/packages/basic_mobile_robot
[0.259s] -- Up-to-date: /home/ubuntu/dev_ws/install/basic_mobile_robot/share/basic_mobile_robot/cmake/basic_mobile_robotConfig.cmake
[0.259s] -- Up-to-date: /home/ubuntu/dev_ws/install/basic_mobile_robot/share/basic_mobile_robot/cmake/basic_mobile_robotConfig-version.cmake
[0.260s] -- Up-to-date: /home/ubuntu/dev_ws/install/basic_mobile_robot/share/basic_mobile_robot/package.xml
[0.268s] Invoked command in '/home/ubuntu/dev_ws/build/basic_mobile_robot' returned '0': CMAKE_PREFIX_PATH=/home/ubuntu/dev_ws/install/robot_localization:/home/ubuntu/dev_ws/install/basic_mobile_robot:/opt/ros/galactic /usr/bin/cmake --install /home/ubuntu/dev_ws/build/basic_mobile_robot
