[0.773s] DEBUG:colcon:Command line arguments: ['/usr/bin/colcon', 'build']
[0.774s] DEBUG:colcon:Parsed command line arguments: Namespace(allow_overriding=[], ament_cmake_args=None, base_paths=['.'], build_base='build', catkin_cmake_args=None, catkin_skip_building_tests=False, cmake_args=None, cmake_clean_cache=False, cmake_clean_first=False, cmake_force_configure=False, cmake_target=None, cmake_target_skip_unavailable=False, continue_on_error=False, event_handlers=None, executor='parallel', ignore_user_meta=False, install_base='install', log_base=None, log_level=None, main=<bound method BuildVerb.main of <colcon_core.verb.build.BuildVerb object at 0x7fa40f3f27f0>>, merge_install=False, metas=['./colcon.meta'], packages_above=None, packages_above_and_dependencies=None, packages_above_depth=None, packages_end=None, packages_ignore=None, packages_ignore_regex=None, packages_select=None, packages_select_build_failed=False, packages_select_by_dep=None, packages_select_regex=None, packages_select_test_failures=False, packages_skip=None, packages_skip_build_finished=False, packages_skip_by_dep=None, packages_skip_regex=None, packages_skip_test_passed=False, packages_skip_up_to=None, packages_start=None, packages_up_to=None, packages_up_to_regex=None, parallel_workers=12, paths=None, symlink_install=False, test_result_base=None, verb_extension=<colcon_core.verb.build.BuildVerb object at 0x7fa40f3f27f0>, verb_name='build', verb_parser=<colcon_defaults.argument_parser.defaults.DefaultArgumentsDecorator object at 0x7fa40f3f2d60>)
[0.932s] Level 1:colcon.colcon_core.package_discovery:discover_packages(colcon_meta) check parameters
[0.932s] Level 1:colcon.colcon_core.package_discovery:discover_packages(recursive) check parameters
[0.932s] Level 1:colcon.colcon_core.package_discovery:discover_packages(ignore) check parameters
[0.932s] Level 1:colcon.colcon_core.package_discovery:discover_packages(path) check parameters
[0.932s] Level 1:colcon.colcon_core.package_discovery:discover_packages(colcon_meta) discover
[0.933s] Level 1:colcon.colcon_core.package_discovery:discover_packages(recursive) discover
[0.933s] INFO:colcon.colcon_core.package_discovery:Crawling recursively for packages in '/home/ubuntu/dev_ws'
[0.933s] Level 1:colcon.colcon_core.package_identification:_identify(.) by extensions ['ignore', 'ignore_ament_install']
[0.933s] Level 1:colcon.colcon_core.package_identification:_identify(.) by extension 'ignore'
[0.933s] Level 1:colcon.colcon_core.package_identification:_identify(.) by extension 'ignore_ament_install'
[0.933s] Level 1:colcon.colcon_core.package_identification:_identify(.) by extensions ['colcon_pkg']
[0.933s] Level 1:colcon.colcon_core.package_identification:_identify(.) by extension 'colcon_pkg'
[0.933s] Level 1:colcon.colcon_core.package_identification:_identify(.) by extensions ['colcon_meta']
[0.933s] Level 1:colcon.colcon_core.package_identification:_identify(.) by extension 'colcon_meta'
[0.933s] Level 1:colcon.colcon_core.package_identification:_identify(.) by extensions ['ros']
[0.933s] Level 1:colcon.colcon_core.package_identification:_identify(.) by extension 'ros'
[0.948s] Level 1:colcon.colcon_core.package_identification:_identify(.) by extensions ['cmake', 'python']
[0.948s] Level 1:colcon.colcon_core.package_identification:_identify(.) by extension 'cmake'
[0.948s] Level 1:colcon.colcon_core.package_identification:_identify(.) by extension 'python'
[0.948s] Level 1:colcon.colcon_core.package_identification:_identify(.) by extensions ['python_setup_py']
[0.948s] Level 1:colcon.colcon_core.package_identification:_identify(.) by extension 'python_setup_py'
[0.948s] Level 1:colcon.colcon_core.package_identification:_identify(build) by extensions ['ignore', 'ignore_ament_install']
[0.948s] Level 1:colcon.colcon_core.package_identification:_identify(build) by extension 'ignore'
[0.948s] Level 1:colcon.colcon_core.package_identification:_identify(build) ignored
[0.948s] Level 1:colcon.colcon_core.package_identification:_identify(install) by extensions ['ignore', 'ignore_ament_install']
[0.948s] Level 1:colcon.colcon_core.package_identification:_identify(install) by extension 'ignore'
[0.949s] Level 1:colcon.colcon_core.package_identification:_identify(install) ignored
[0.949s] Level 1:colcon.colcon_core.package_identification:_identify(log) by extensions ['ignore', 'ignore_ament_install']
[0.949s] Level 1:colcon.colcon_core.package_identification:_identify(log) by extension 'ignore'
[0.949s] Level 1:colcon.colcon_core.package_identification:_identify(log) ignored
[0.949s] Level 1:colcon.colcon_core.package_identification:_identify(src) by extensions ['ignore', 'ignore_ament_install']
[0.949s] Level 1:colcon.colcon_core.package_identification:_identify(src) by extension 'ignore'
[0.949s] Level 1:colcon.colcon_core.package_identification:_identify(src) by extension 'ignore_ament_install'
[0.949s] Level 1:colcon.colcon_core.package_identification:_identify(src) by extensions ['colcon_pkg']
[0.949s] Level 1:colcon.colcon_core.package_identification:_identify(src) by extension 'colcon_pkg'
[0.949s] Level 1:colcon.colcon_core.package_identification:_identify(src) by extensions ['colcon_meta']
[0.949s] Level 1:colcon.colcon_core.package_identification:_identify(src) by extension 'colcon_meta'
[0.949s] Level 1:colcon.colcon_core.package_identification:_identify(src) by extensions ['ros']
[0.949s] Level 1:colcon.colcon_core.package_identification:_identify(src) by extension 'ros'
[0.949s] Level 1:colcon.colcon_core.package_identification:_identify(src) by extensions ['cmake', 'python']
[0.950s] Level 1:colcon.colcon_core.package_identification:_identify(src) by extension 'cmake'
[0.950s] Level 1:colcon.colcon_core.package_identification:_identify(src) by extension 'python'
[0.950s] Level 1:colcon.colcon_core.package_identification:_identify(src) by extensions ['python_setup_py']
[0.950s] Level 1:colcon.colcon_core.package_identification:_identify(src) by extension 'python_setup_py'
[0.950s] Level 1:colcon.colcon_core.package_identification:_identify(src/basic_mobile_robot) by extensions ['ignore', 'ignore_ament_install']
[0.950s] Level 1:colcon.colcon_core.package_identification:_identify(src/basic_mobile_robot) by extension 'ignore'
[0.950s] Level 1:colcon.colcon_core.package_identification:_identify(src/basic_mobile_robot) by extension 'ignore_ament_install'
[0.950s] Level 1:colcon.colcon_core.package_identification:_identify(src/basic_mobile_robot) by extensions ['colcon_pkg']
[0.950s] Level 1:colcon.colcon_core.package_identification:_identify(src/basic_mobile_robot) by extension 'colcon_pkg'
[0.950s] Level 1:colcon.colcon_core.package_identification:_identify(src/basic_mobile_robot) by extensions ['colcon_meta']
[0.950s] Level 1:colcon.colcon_core.package_identification:_identify(src/basic_mobile_robot) by extension 'colcon_meta'
[0.950s] Level 1:colcon.colcon_core.package_identification:_identify(src/basic_mobile_robot) by extensions ['ros']
[0.950s] Level 1:colcon.colcon_core.package_identification:_identify(src/basic_mobile_robot) by extension 'ros'
[0.955s] DEBUG:colcon.colcon_core.package_identification:Package 'src/basic_mobile_robot' with type 'ros.ament_cmake' and name 'basic_mobile_robot'
[0.955s] Level 1:colcon.colcon_core.package_identification:_identify(src/robot_localization) by extensions ['ignore', 'ignore_ament_install']
[0.955s] Level 1:colcon.colcon_core.package_identification:_identify(src/robot_localization) by extension 'ignore'
[0.955s] Level 1:colcon.colcon_core.package_identification:_identify(src/robot_localization) by extension 'ignore_ament_install'
[0.955s] Level 1:colcon.colcon_core.package_identification:_identify(src/robot_localization) by extensions ['colcon_pkg']
[0.956s] Level 1:colcon.colcon_core.package_identification:_identify(src/robot_localization) by extension 'colcon_pkg'
[0.956s] Level 1:colcon.colcon_core.package_identification:_identify(src/robot_localization) by extensions ['colcon_meta']
[0.956s] Level 1:colcon.colcon_core.package_identification:_identify(src/robot_localization) by extension 'colcon_meta'
[0.956s] Level 1:colcon.colcon_core.package_identification:_identify(src/robot_localization) by extensions ['ros']
[0.956s] Level 1:colcon.colcon_core.package_identification:_identify(src/robot_localization) by extension 'ros'
[0.977s] DEBUG:colcon.colcon_core.package_identification:Package 'src/robot_localization' with type 'ros.ament_cmake' and name 'robot_localization'
[0.977s] Level 1:colcon.colcon_core.package_discovery:discover_packages(recursive) using defaults
[0.977s] Level 1:colcon.colcon_core.package_discovery:discover_packages(ignore) discover
[0.977s] Level 1:colcon.colcon_core.package_discovery:discover_packages(ignore) using defaults
[0.977s] Level 1:colcon.colcon_core.package_discovery:discover_packages(path) discover
[0.977s] Level 1:colcon.colcon_core.package_discovery:discover_packages(path) using defaults
[1.042s] Level 1:colcon.colcon_core.package_discovery:discover_packages(prefix_path) check parameters
[1.042s] Level 1:colcon.colcon_core.package_discovery:discover_packages(prefix_path) discover
[1.055s] DEBUG:colcon.colcon_installed_package_information.package_discovery:Found 2 installed packages in /home/ubuntu/dev_ws/install
[1.058s] DEBUG:colcon.colcon_installed_package_information.package_discovery:Found 282 installed packages in /opt/ros/galactic
[1.060s] Level 1:colcon.colcon_core.package_discovery:discover_packages(prefix_path) using defaults
[1.286s] Level 5:colcon.colcon_core.verb:set package 'robot_localization' build argument 'cmake_args' from command line to 'None'
[1.286s] Level 5:colcon.colcon_core.verb:set package 'robot_localization' build argument 'cmake_target' from command line to 'None'
[1.286s] Level 5:colcon.colcon_core.verb:set package 'robot_localization' build argument 'cmake_target_skip_unavailable' from command line to 'False'
[1.286s] Level 5:colcon.colcon_core.verb:set package 'robot_localization' build argument 'cmake_clean_cache' from command line to 'False'
[1.286s] Level 5:colcon.colcon_core.verb:set package 'robot_localization' build argument 'cmake_clean_first' from command line to 'False'
[1.286s] Level 5:colcon.colcon_core.verb:set package 'robot_localization' build argument 'cmake_force_configure' from command line to 'False'
[1.286s] Level 5:colcon.colcon_core.verb:set package 'robot_localization' build argument 'ament_cmake_args' from command line to 'None'
[1.286s] Level 5:colcon.colcon_core.verb:set package 'robot_localization' build argument 'catkin_cmake_args' from command line to 'None'
[1.286s] Level 5:colcon.colcon_core.verb:set package 'robot_localization' build argument 'catkin_skip_building_tests' from command line to 'False'
[1.286s] DEBUG:colcon.colcon_core.verb:Building package 'robot_localization' with the following arguments: {'ament_cmake_args': None, 'build_base': '/home/ubuntu/dev_ws/build/robot_localization', 'catkin_cmake_args': None, 'catkin_skip_building_tests': False, 'cmake_args': None, 'cmake_clean_cache': False, 'cmake_clean_first': False, 'cmake_force_configure': False, 'cmake_target': None, 'cmake_target_skip_unavailable': False, 'install_base': '/home/ubuntu/dev_ws/install/robot_localization', 'merge_install': False, 'path': '/home/ubuntu/dev_ws/src/robot_localization', 'symlink_install': False, 'test_result_base': None}
[1.288s] Level 5:colcon.colcon_core.verb:set package 'basic_mobile_robot' build argument 'cmake_args' from command line to 'None'
[1.288s] Level 5:colcon.colcon_core.verb:set package 'basic_mobile_robot' build argument 'cmake_target' from command line to 'None'
[1.288s] Level 5:colcon.colcon_core.verb:set package 'basic_mobile_robot' build argument 'cmake_target_skip_unavailable' from command line to 'False'
[1.288s] Level 5:colcon.colcon_core.verb:set package 'basic_mobile_robot' build argument 'cmake_clean_cache' from command line to 'False'
[1.288s] Level 5:colcon.colcon_core.verb:set package 'basic_mobile_robot' build argument 'cmake_clean_first' from command line to 'False'
[1.288s] Level 5:colcon.colcon_core.verb:set package 'basic_mobile_robot' build argument 'cmake_force_configure' from command line to 'False'
[1.288s] Level 5:colcon.colcon_core.verb:set package 'basic_mobile_robot' build argument 'ament_cmake_args' from command line to 'None'
[1.288s] Level 5:colcon.colcon_core.verb:set package 'basic_mobile_robot' build argument 'catkin_cmake_args' from command line to 'None'
[1.288s] Level 5:colcon.colcon_core.verb:set package 'basic_mobile_robot' build argument 'catkin_skip_building_tests' from command line to 'False'
[1.288s] DEBUG:colcon.colcon_core.verb:Building package 'basic_mobile_robot' with the following arguments: {'ament_cmake_args': None, 'build_base': '/home/ubuntu/dev_ws/build/basic_mobile_robot', 'catkin_cmake_args': None, 'catkin_skip_building_tests': False, 'cmake_args': None, 'cmake_clean_cache': False, 'cmake_clean_first': False, 'cmake_force_configure': False, 'cmake_target': None, 'cmake_target_skip_unavailable': False, 'install_base': '/home/ubuntu/dev_ws/install/basic_mobile_robot', 'merge_install': False, 'path': '/home/ubuntu/dev_ws/src/basic_mobile_robot', 'symlink_install': False, 'test_result_base': None}
[1.289s] INFO:colcon.colcon_core.executor:Executing jobs using 'parallel' executor
[1.295s] DEBUG:colcon.colcon_parallel_executor.executor.parallel:run_until_complete
[1.295s] INFO:colcon.colcon_ros.task.ament_cmake.build:Building ROS package in '/home/ubuntu/dev_ws/src/robot_localization' with build type 'ament_cmake'
[1.296s] INFO:colcon.colcon_cmake.task.cmake.build:Building CMake package in '/home/ubuntu/dev_ws/src/robot_localization'
[1.323s] INFO:colcon.colcon_core.plugin_system:Skipping extension 'colcon_core.shell.bat': Not used on non-Windows systems
[1.324s] INFO:colcon.colcon_core.shell:Skip shell extension 'powershell' for command environment: Not usable outside of PowerShell
[1.324s] DEBUG:colcon.colcon_core.shell:Skip shell extension 'dsv' for command environment
[1.348s] DEBUG:colcon.colcon_core.event_handler.log_command:Invoking command in '/home/ubuntu/dev_ws/build/robot_localization': CMAKE_PREFIX_PATH=${CMAKE_PREFIX_PATH}:/opt/ros/galactic /usr/bin/cmake --build /home/ubuntu/dev_ws/build/robot_localization -- -j12 -l12
[2.068s] DEBUG:colcon.colcon_core.event_handler.log_command:Invoked command in '/home/ubuntu/dev_ws/build/robot_localization' returned '0': CMAKE_PREFIX_PATH=${CMAKE_PREFIX_PATH}:/opt/ros/galactic /usr/bin/cmake --build /home/ubuntu/dev_ws/build/robot_localization -- -j12 -l12
[2.360s] DEBUG:colcon.colcon_core.event_handler.log_command:Invoking command in '/home/ubuntu/dev_ws/build/robot_localization': CMAKE_PREFIX_PATH=${CMAKE_PREFIX_PATH}:/opt/ros/galactic /usr/bin/cmake --install /home/ubuntu/dev_ws/build/robot_localization
[2.457s] Level 1:colcon.colcon_core.environment:create_environment_scripts_only(robot_localization)
[2.457s] DEBUG:colcon.colcon_core.event_handler.log_command:Invoked command in '/home/ubuntu/dev_ws/build/robot_localization' returned '0': CMAKE_PREFIX_PATH=${CMAKE_PREFIX_PATH}:/opt/ros/galactic /usr/bin/cmake --install /home/ubuntu/dev_ws/build/robot_localization
[2.467s] Level 1:colcon.colcon_core.environment:checking '/home/ubuntu/dev_ws/install/robot_localization' for CMake module files
[2.468s] Level 1:colcon.colcon_core.environment:checking '/home/ubuntu/dev_ws/install/robot_localization' for CMake config files
[2.469s] Level 1:colcon.colcon_core.shell:create_environment_hook('robot_localization', 'cmake_prefix_path')
[2.471s] INFO:colcon.colcon_core.shell:Creating environment hook '/home/ubuntu/dev_ws/install/robot_localization/share/robot_localization/hook/cmake_prefix_path.ps1'
[2.472s] INFO:colcon.colcon_core.shell:Creating environment descriptor '/home/ubuntu/dev_ws/install/robot_localization/share/robot_localization/hook/cmake_prefix_path.dsv'
[2.472s] INFO:colcon.colcon_core.shell:Creating environment hook '/home/ubuntu/dev_ws/install/robot_localization/share/robot_localization/hook/cmake_prefix_path.sh'
[2.473s] Level 1:colcon.colcon_core.environment:checking '/home/ubuntu/dev_ws/install/robot_localization/lib'
[2.473s] Level 1:colcon.colcon_core.shell:create_environment_hook('robot_localization', 'ld_library_path_lib')
[2.475s] INFO:colcon.colcon_core.shell:Creating environment hook '/home/ubuntu/dev_ws/install/robot_localization/share/robot_localization/hook/ld_library_path_lib.ps1'
[2.475s] INFO:colcon.colcon_core.shell:Creating environment descriptor '/home/ubuntu/dev_ws/install/robot_localization/share/robot_localization/hook/ld_library_path_lib.dsv'
[2.476s] INFO:colcon.colcon_core.shell:Creating environment hook '/home/ubuntu/dev_ws/install/robot_localization/share/robot_localization/hook/ld_library_path_lib.sh'
[2.476s] Level 1:colcon.colcon_core.environment:checking '/home/ubuntu/dev_ws/install/robot_localization/bin'
[2.476s] Level 1:colcon.colcon_core.environment:checking '/home/ubuntu/dev_ws/install/robot_localization/lib/pkgconfig/robot_localization.pc'
[2.476s] Level 1:colcon.colcon_core.environment:checking '/home/ubuntu/dev_ws/install/robot_localization/lib/python3.8/site-packages'
[2.476s] Level 1:colcon.colcon_core.shell:create_environment_hook('robot_localization', 'pythonpath')
[2.478s] INFO:colcon.colcon_core.shell:Creating environment hook '/home/ubuntu/dev_ws/install/robot_localization/share/robot_localization/hook/pythonpath.ps1'
[2.479s] INFO:colcon.colcon_core.shell:Creating environment descriptor '/home/ubuntu/dev_ws/install/robot_localization/share/robot_localization/hook/pythonpath.dsv'
[2.479s] INFO:colcon.colcon_core.shell:Creating environment hook '/home/ubuntu/dev_ws/install/robot_localization/share/robot_localization/hook/pythonpath.sh'
[2.479s] Level 1:colcon.colcon_core.environment:checking '/home/ubuntu/dev_ws/install/robot_localization/bin'
[2.481s] INFO:colcon.colcon_core.shell:Creating package script '/home/ubuntu/dev_ws/install/robot_localization/share/robot_localization/package.ps1'
[2.482s] INFO:colcon.colcon_core.shell:Creating package descriptor '/home/ubuntu/dev_ws/install/robot_localization/share/robot_localization/package.dsv'
[2.483s] INFO:colcon.colcon_core.shell:Creating package script '/home/ubuntu/dev_ws/install/robot_localization/share/robot_localization/package.sh'
[2.483s] INFO:colcon.colcon_core.shell:Creating package script '/home/ubuntu/dev_ws/install/robot_localization/share/robot_localization/package.bash'
[2.484s] INFO:colcon.colcon_core.shell:Creating package script '/home/ubuntu/dev_ws/install/robot_localization/share/robot_localization/package.zsh'
[2.485s] Level 1:colcon.colcon_core.environment:create_file_with_runtime_dependencies(/home/ubuntu/dev_ws/install/robot_localization/share/colcon-core/packages/robot_localization)
[2.825s] Level 1:colcon.colcon_core.environment:create_environment_scripts_only(robot_localization)
[2.828s] Level 1:colcon.colcon_core.environment:checking '/home/ubuntu/dev_ws/install/robot_localization' for CMake module files
[2.829s] Level 1:colcon.colcon_core.environment:checking '/home/ubuntu/dev_ws/install/robot_localization' for CMake config files
[2.830s] Level 1:colcon.colcon_core.shell:create_environment_hook('robot_localization', 'cmake_prefix_path')
[2.831s] INFO:colcon.colcon_core.shell:Creating environment hook '/home/ubuntu/dev_ws/install/robot_localization/share/robot_localization/hook/cmake_prefix_path.ps1'
[2.832s] INFO:colcon.colcon_core.shell:Creating environment descriptor '/home/ubuntu/dev_ws/install/robot_localization/share/robot_localization/hook/cmake_prefix_path.dsv'
[2.832s] INFO:colcon.colcon_core.shell:Creating environment hook '/home/ubuntu/dev_ws/install/robot_localization/share/robot_localization/hook/cmake_prefix_path.sh'
[2.833s] Level 1:colcon.colcon_core.environment:checking '/home/ubuntu/dev_ws/install/robot_localization/lib'
[2.833s] Level 1:colcon.colcon_core.shell:create_environment_hook('robot_localization', 'ld_library_path_lib')
[2.835s] INFO:colcon.colcon_core.shell:Creating environment hook '/home/ubuntu/dev_ws/install/robot_localization/share/robot_localization/hook/ld_library_path_lib.ps1'
[2.835s] INFO:colcon.colcon_core.shell:Creating environment descriptor '/home/ubuntu/dev_ws/install/robot_localization/share/robot_localization/hook/ld_library_path_lib.dsv'
[2.835s] INFO:colcon.colcon_core.shell:Creating environment hook '/home/ubuntu/dev_ws/install/robot_localization/share/robot_localization/hook/ld_library_path_lib.sh'
[2.836s] Level 1:colcon.colcon_core.environment:checking '/home/ubuntu/dev_ws/install/robot_localization/bin'
[2.836s] Level 1:colcon.colcon_core.environment:checking '/home/ubuntu/dev_ws/install/robot_localization/lib/pkgconfig/robot_localization.pc'
[2.836s] Level 1:colcon.colcon_core.environment:checking '/home/ubuntu/dev_ws/install/robot_localization/lib/python3.8/site-packages'
[2.836s] Level 1:colcon.colcon_core.shell:create_environment_hook('robot_localization', 'pythonpath')
[2.838s] INFO:colcon.colcon_core.shell:Creating environment hook '/home/ubuntu/dev_ws/install/robot_localization/share/robot_localization/hook/pythonpath.ps1'
[2.838s] INFO:colcon.colcon_core.shell:Creating environment descriptor '/home/ubuntu/dev_ws/install/robot_localization/share/robot_localization/hook/pythonpath.dsv'
[2.839s] INFO:colcon.colcon_core.shell:Creating environment hook '/home/ubuntu/dev_ws/install/robot_localization/share/robot_localization/hook/pythonpath.sh'
[2.839s] Level 1:colcon.colcon_core.environment:checking '/home/ubuntu/dev_ws/install/robot_localization/bin'
[2.841s] INFO:colcon.colcon_core.shell:Creating package script '/home/ubuntu/dev_ws/install/robot_localization/share/robot_localization/package.ps1'
[2.842s] INFO:colcon.colcon_core.shell:Creating package descriptor '/home/ubuntu/dev_ws/install/robot_localization/share/robot_localization/package.dsv'
[2.842s] INFO:colcon.colcon_core.shell:Creating package script '/home/ubuntu/dev_ws/install/robot_localization/share/robot_localization/package.sh'
[2.843s] INFO:colcon.colcon_core.shell:Creating package script '/home/ubuntu/dev_ws/install/robot_localization/share/robot_localization/package.bash'
[2.843s] INFO:colcon.colcon_core.shell:Creating package script '/home/ubuntu/dev_ws/install/robot_localization/share/robot_localization/package.zsh'
[2.844s] Level 1:colcon.colcon_core.environment:create_file_with_runtime_dependencies(/home/ubuntu/dev_ws/install/robot_localization/share/colcon-core/packages/robot_localization)
[2.844s] INFO:colcon.colcon_ros.task.ament_cmake.build:Building ROS package in '/home/ubuntu/dev_ws/src/basic_mobile_robot' with build type 'ament_cmake'
[2.844s] INFO:colcon.colcon_cmake.task.cmake.build:Building CMake package in '/home/ubuntu/dev_ws/src/basic_mobile_robot'
[2.846s] INFO:colcon.colcon_core.shell:Skip shell extension 'powershell' for command environment: Not usable outside of PowerShell
[2.846s] DEBUG:colcon.colcon_core.shell:Skip shell extension 'dsv' for command environment
[2.870s] DEBUG:colcon.colcon_core.event_handler.log_command:Invoking command in '/home/ubuntu/dev_ws/build/basic_mobile_robot': CMAKE_PREFIX_PATH=/home/ubuntu/dev_ws/install/robot_localization:/home/ubuntu/dev_ws/install/basic_mobile_robot:/opt/ros/galactic /usr/bin/cmake --build /home/ubuntu/dev_ws/build/basic_mobile_robot -- -j12 -l12
[2.932s] DEBUG:colcon.colcon_core.event_handler.log_command:Invoked command in '/home/ubuntu/dev_ws/build/basic_mobile_robot' returned '0': CMAKE_PREFIX_PATH=/home/ubuntu/dev_ws/install/robot_localization:/home/ubuntu/dev_ws/install/basic_mobile_robot:/opt/ros/galactic /usr/bin/cmake --build /home/ubuntu/dev_ws/build/basic_mobile_robot -- -j12 -l12
[2.976s] DEBUG:colcon.colcon_core.event_handler.log_command:Invoking command in '/home/ubuntu/dev_ws/build/basic_mobile_robot': CMAKE_PREFIX_PATH=/home/ubuntu/dev_ws/install/robot_localization:/home/ubuntu/dev_ws/install/basic_mobile_robot:/opt/ros/galactic /usr/bin/cmake --install /home/ubuntu/dev_ws/build/basic_mobile_robot
[2.995s] Level 1:colcon.colcon_core.environment:create_environment_scripts_only(basic_mobile_robot)
[2.998s] Level 1:colcon.colcon_core.environment:checking '/home/ubuntu/dev_ws/install/basic_mobile_robot' for CMake module files
[3.000s] Level 1:colcon.colcon_core.environment:checking '/home/ubuntu/dev_ws/install/basic_mobile_robot' for CMake config files
[3.002s] DEBUG:colcon.colcon_core.event_handler.log_command:Invoked command in '/home/ubuntu/dev_ws/build/basic_mobile_robot' returned '0': CMAKE_PREFIX_PATH=/home/ubuntu/dev_ws/install/robot_localization:/home/ubuntu/dev_ws/install/basic_mobile_robot:/opt/ros/galactic /usr/bin/cmake --install /home/ubuntu/dev_ws/build/basic_mobile_robot
[3.002s] Level 1:colcon.colcon_core.shell:create_environment_hook('basic_mobile_robot', 'cmake_prefix_path')
[3.005s] INFO:colcon.colcon_core.shell:Creating environment hook '/home/ubuntu/dev_ws/install/basic_mobile_robot/share/basic_mobile_robot/hook/cmake_prefix_path.ps1'
[3.006s] INFO:colcon.colcon_core.shell:Creating environment descriptor '/home/ubuntu/dev_ws/install/basic_mobile_robot/share/basic_mobile_robot/hook/cmake_prefix_path.dsv'
[3.006s] INFO:colcon.colcon_core.shell:Creating environment hook '/home/ubuntu/dev_ws/install/basic_mobile_robot/share/basic_mobile_robot/hook/cmake_prefix_path.sh'
[3.007s] Level 1:colcon.colcon_core.environment:checking '/home/ubuntu/dev_ws/install/basic_mobile_robot/bin'
[3.007s] Level 1:colcon.colcon_core.environment:checking '/home/ubuntu/dev_ws/install/basic_mobile_robot/lib/pkgconfig/basic_mobile_robot.pc'
[3.007s] Level 1:colcon.colcon_core.environment:checking '/home/ubuntu/dev_ws/install/basic_mobile_robot/lib/python3.8/site-packages'
[3.008s] Level 1:colcon.colcon_core.environment:checking '/home/ubuntu/dev_ws/install/basic_mobile_robot/bin'
[3.010s] INFO:colcon.colcon_core.shell:Creating package script '/home/ubuntu/dev_ws/install/basic_mobile_robot/share/basic_mobile_robot/package.ps1'
[3.010s] INFO:colcon.colcon_core.shell:Creating package descriptor '/home/ubuntu/dev_ws/install/basic_mobile_robot/share/basic_mobile_robot/package.dsv'
[3.011s] INFO:colcon.colcon_core.shell:Creating package script '/home/ubuntu/dev_ws/install/basic_mobile_robot/share/basic_mobile_robot/package.sh'
[3.011s] INFO:colcon.colcon_core.shell:Creating package script '/home/ubuntu/dev_ws/install/basic_mobile_robot/share/basic_mobile_robot/package.bash'
[3.011s] INFO:colcon.colcon_core.shell:Creating package script '/home/ubuntu/dev_ws/install/basic_mobile_robot/share/basic_mobile_robot/package.zsh'
[3.012s] Level 1:colcon.colcon_core.environment:create_file_with_runtime_dependencies(/home/ubuntu/dev_ws/install/basic_mobile_robot/share/colcon-core/packages/basic_mobile_robot)
[3.055s] Level 1:colcon.colcon_core.environment:create_environment_scripts_only(basic_mobile_robot)
[3.060s] Level 1:colcon.colcon_core.environment:checking '/home/ubuntu/dev_ws/install/basic_mobile_robot' for CMake module files
[3.061s] Level 1:colcon.colcon_core.environment:checking '/home/ubuntu/dev_ws/install/basic_mobile_robot' for CMake config files
[3.062s] Level 1:colcon.colcon_core.shell:create_environment_hook('basic_mobile_robot', 'cmake_prefix_path')
[3.064s] INFO:colcon.colcon_core.shell:Creating environment hook '/home/ubuntu/dev_ws/install/basic_mobile_robot/share/basic_mobile_robot/hook/cmake_prefix_path.ps1'
[3.064s] INFO:colcon.colcon_core.shell:Creating environment descriptor '/home/ubuntu/dev_ws/install/basic_mobile_robot/share/basic_mobile_robot/hook/cmake_prefix_path.dsv'
[3.064s] INFO:colcon.colcon_core.shell:Creating environment hook '/home/ubuntu/dev_ws/install/basic_mobile_robot/share/basic_mobile_robot/hook/cmake_prefix_path.sh'
[3.065s] Level 1:colcon.colcon_core.environment:checking '/home/ubuntu/dev_ws/install/basic_mobile_robot/bin'
[3.065s] Level 1:colcon.colcon_core.environment:checking '/home/ubuntu/dev_ws/install/basic_mobile_robot/lib/pkgconfig/basic_mobile_robot.pc'
[3.065s] Level 1:colcon.colcon_core.environment:checking '/home/ubuntu/dev_ws/install/basic_mobile_robot/lib/python3.8/site-packages'
[3.066s] Level 1:colcon.colcon_core.environment:checking '/home/ubuntu/dev_ws/install/basic_mobile_robot/bin'
[3.067s] INFO:colcon.colcon_core.shell:Creating package script '/home/ubuntu/dev_ws/install/basic_mobile_robot/share/basic_mobile_robot/package.ps1'
[3.068s] INFO:colcon.colcon_core.shell:Creating package descriptor '/home/ubuntu/dev_ws/install/basic_mobile_robot/share/basic_mobile_robot/package.dsv'
[3.068s] INFO:colcon.colcon_core.shell:Creating package script '/home/ubuntu/dev_ws/install/basic_mobile_robot/share/basic_mobile_robot/package.sh'
[3.069s] INFO:colcon.colcon_core.shell:Creating package script '/home/ubuntu/dev_ws/install/basic_mobile_robot/share/basic_mobile_robot/package.bash'
[3.069s] INFO:colcon.colcon_core.shell:Creating package script '/home/ubuntu/dev_ws/install/basic_mobile_robot/share/basic_mobile_robot/package.zsh'
[3.070s] Level 1:colcon.colcon_core.environment:create_file_with_runtime_dependencies(/home/ubuntu/dev_ws/install/basic_mobile_robot/share/colcon-core/packages/basic_mobile_robot)
[3.070s] DEBUG:colcon.colcon_parallel_executor.executor.parallel:closing loop
[3.071s] DEBUG:colcon.colcon_parallel_executor.executor.parallel:loop closed
[3.071s] DEBUG:colcon.colcon_parallel_executor.executor.parallel:run_until_complete finished with '0'
[3.072s] DEBUG:colcon.colcon_core.event_reactor:joining thread
[3.082s] INFO:colcon.colcon_core.plugin_system:Skipping extension 'colcon_notification.desktop_notification.terminal_notifier': Not used on non-Darwin systems
[3.082s] INFO:colcon.colcon_core.plugin_system:Skipping extension 'colcon_notification.desktop_notification.win32': Not used on non-Windows systems
[3.082s] INFO:colcon.colcon_notification.desktop_notification:Sending desktop notification using 'notify2'
[3.110s] DEBUG:colcon.colcon_core.event_reactor:joined thread
[3.114s] INFO:colcon.colcon_core.shell:Creating prefix script '/home/ubuntu/dev_ws/install/local_setup.ps1'
[3.116s] INFO:colcon.colcon_core.shell:Creating prefix util module '/home/ubuntu/dev_ws/install/_local_setup_util_ps1.py'
[3.118s] INFO:colcon.colcon_core.shell:Creating prefix chain script '/home/ubuntu/dev_ws/install/setup.ps1'
[3.121s] INFO:colcon.colcon_core.shell:Creating prefix script '/home/ubuntu/dev_ws/install/local_setup.sh'
[3.122s] INFO:colcon.colcon_core.shell:Creating prefix util module '/home/ubuntu/dev_ws/install/_local_setup_util_sh.py'
[3.123s] INFO:colcon.colcon_core.shell:Creating prefix chain script '/home/ubuntu/dev_ws/install/setup.sh'
[3.126s] INFO:colcon.colcon_core.shell:Creating prefix script '/home/ubuntu/dev_ws/install/local_setup.bash'
[3.126s] INFO:colcon.colcon_core.shell:Creating prefix chain script '/home/ubuntu/dev_ws/install/setup.bash'
[3.128s] INFO:colcon.colcon_core.shell:Creating prefix script '/home/ubuntu/dev_ws/install/local_setup.zsh'
[3.128s] INFO:colcon.colcon_core.shell:Creating prefix chain script '/home/ubuntu/dev_ws/install/setup.zsh'
