[0.023s] Invoking command in '/home/ubuntu/dev_ws/build/robot_localization': CMAKE_PREFIX_PATH=${CMAKE_PREFIX_PATH}:/opt/ros/galactic /usr/bin/cmake --build /home/ubuntu/dev_ws/build/robot_localization -- -j12 -l12
[0.105s] [  2%] Built target gtest_main
[0.106s] [  4%] Built target gtest
[0.108s] [  4%] Built target robot_localization__cpp
[0.115s] [ 11%] Built target robot_localization__rosidl_generator_c
[0.141s] [ 18%] Built target robot_localization__rosidl_typesupport_introspection_cpp
[0.142s] [ 25%] Built target robot_localization__rosidl_typesupport_c
[0.143s] [ 32%] Built target robot_localization__rosidl_typesupport_cpp
[0.146s] [ 39%] Built target robot_localization__rosidl_typesupport_fastrtps_cpp
[0.153s] [ 46%] Built target robot_localization__rosidl_typesupport_introspection_c
[0.199s] [ 53%] Built target robot_localization__rosidl_typesupport_fastrtps_c
[0.235s] [ 53%] Built target robot_localization
[0.271s] [ 54%] Built target robot_localization__py
[0.319s] [ 61%] Built target robot_localization__python
[0.322s] [ 70%] Built target rl_lib
[0.368s] [ 72%] Built target robot_localization__rosidl_typesupport_introspection_c__pyext
[0.370s] [ 74%] Built target robot_localization__rosidl_typesupport_fastrtps_c__pyext
[0.372s] [ 78%] Built target filter_base-test
[0.372s] [ 78%] Built target robot_localization__rosidl_typesupport_c__pyext
[0.387s] [ 81%] Built target test_robot_localization_estimator
[0.387s] [ 81%] Built target ekf_node
[0.387s] [ 82%] Built target test_ros_robot_localization_listener_publisher
[0.387s] [ 90%] Built target test_ekf
[0.388s] [ 90%] Built target ukf_node
[0.388s] [ 90%] Built target test_ros_robot_localization_listener
[0.388s] [ 90%] Built target navsat_transform_node
[0.399s] [ 92%] Built target test_ukf
[0.419s] [ 94%] Built target robot_localization_listener_node
[0.429s] [ 98%] Built target test_ukf_localization_node_interfaces
[0.429s] [ 99%] Built target test_filter_base_diagnostics_timestamps
[0.430s] [100%] Built target test_ekf_localization_node_interfaces
[0.448s] Invoked command in '/home/ubuntu/dev_ws/build/robot_localization' returned '0': CMAKE_PREFIX_PATH=${CMAKE_PREFIX_PATH}:/opt/ros/galactic /usr/bin/cmake --build /home/ubuntu/dev_ws/build/robot_localization -- -j12 -l12
[0.716s] Invoking command in '/home/ubuntu/dev_ws/build/robot_localization': CMAKE_PREFIX_PATH=${CMAKE_PREFIX_PATH}:/opt/ros/galactic /usr/bin/cmake --install /home/ubuntu/dev_ws/build/robot_localization
[0.728s] -- Install configuration: "RelWithDebInfo"
[0.728s] -- Up-to-date: /home/ubuntu/dev_ws/install/robot_localization/share/ament_index/resource_index/rosidl_interfaces/robot_localization
[0.729s] -- Up-to-date: /home/ubuntu/dev_ws/install/robot_localization/include/robot_localization
[0.729s] -- Up-to-date: /home/ubuntu/dev_ws/install/robot_localization/include/robot_localization/msg
[0.729s] -- Up-to-date: /home/ubuntu/dev_ws/install/robot_localization/include/robot_localization/msg/rosidl_generator_c__visibility_control.h
[0.729s] -- Up-to-date: /home/ubuntu/dev_ws/install/robot_localization/include/robot_localization/srv
[0.730s] -- Up-to-date: /home/ubuntu/dev_ws/install/robot_localization/include/robot_localization/srv/set_pose.h
[0.730s] -- Up-to-date: /home/ubuntu/dev_ws/install/robot_localization/include/robot_localization/srv/to_ll.h
[0.730s] -- Up-to-date: /home/ubuntu/dev_ws/install/robot_localization/include/robot_localization/srv/get_state.h
[0.730s] -- Up-to-date: /home/ubuntu/dev_ws/install/robot_localization/include/robot_localization/srv/set_datum.h
[0.730s] -- Up-to-date: /home/ubuntu/dev_ws/install/robot_localization/include/robot_localization/srv/from_ll.h
[0.731s] -- Up-to-date: /home/ubuntu/dev_ws/install/robot_localization/include/robot_localization/srv/detail
[0.731s] -- Up-to-date: /home/ubuntu/dev_ws/install/robot_localization/include/robot_localization/srv/detail/toggle_filter_processing__struct.h
[0.731s] -- Up-to-date: /home/ubuntu/dev_ws/install/robot_localization/include/robot_localization/srv/detail/set_datum__type_support.h
[0.731s] -- Up-to-date: /home/ubuntu/dev_ws/install/robot_localization/include/robot_localization/srv/detail/get_state__functions.h
[0.731s] -- Up-to-date: /home/ubuntu/dev_ws/install/robot_localization/include/robot_localization/srv/detail/toggle_filter_processing__functions.c
[0.732s] -- Up-to-date: /home/ubuntu/dev_ws/install/robot_localization/include/robot_localization/srv/detail/to_ll__functions.h
[0.732s] -- Up-to-date: /home/ubuntu/dev_ws/install/robot_localization/include/robot_localization/srv/detail/from_ll__functions.h
[0.733s] -- Up-to-date: /home/ubuntu/dev_ws/install/robot_localization/include/robot_localization/srv/detail/get_state__functions.c
[0.733s] -- Up-to-date: /home/ubuntu/dev_ws/install/robot_localization/include/robot_localization/srv/detail/to_ll__struct.h
[0.733s] -- Up-to-date: /home/ubuntu/dev_ws/install/robot_localization/include/robot_localization/srv/detail/set_datum__functions.c
[0.733s] -- Up-to-date: /home/ubuntu/dev_ws/install/robot_localization/include/robot_localization/srv/detail/from_ll__functions.c
[0.734s] -- Up-to-date: /home/ubuntu/dev_ws/install/robot_localization/include/robot_localization/srv/detail/get_state__type_support.h
[0.734s] -- Up-to-date: /home/ubuntu/dev_ws/install/robot_localization/include/robot_localization/srv/detail/toggle_filter_processing__type_support.h
[0.734s] -- Up-to-date: /home/ubuntu/dev_ws/install/robot_localization/include/robot_localization/srv/detail/set_pose__type_support.h
[0.734s] -- Up-to-date: /home/ubuntu/dev_ws/install/robot_localization/include/robot_localization/srv/detail/set_pose__struct.h
[0.734s] -- Up-to-date: /home/ubuntu/dev_ws/install/robot_localization/include/robot_localization/srv/detail/from_ll__type_support.h
[0.734s] -- Up-to-date: /home/ubuntu/dev_ws/install/robot_localization/include/robot_localization/srv/detail/set_datum__functions.h
[0.735s] -- Up-to-date: /home/ubuntu/dev_ws/install/robot_localization/include/robot_localization/srv/detail/toggle_filter_processing__functions.h
[0.735s] -- Up-to-date: /home/ubuntu/dev_ws/install/robot_localization/include/robot_localization/srv/detail/to_ll__functions.c
[0.735s] -- Up-to-date: /home/ubuntu/dev_ws/install/robot_localization/include/robot_localization/srv/detail/set_pose__functions.c
[0.735s] -- Up-to-date: /home/ubuntu/dev_ws/install/robot_localization/include/robot_localization/srv/detail/set_pose__functions.h
[0.735s] -- Up-to-date: /home/ubuntu/dev_ws/install/robot_localization/include/robot_localization/srv/detail/from_ll__struct.h
[0.735s] -- Up-to-date: /home/ubuntu/dev_ws/install/robot_localization/include/robot_localization/srv/detail/set_datum__struct.h
[0.736s] -- Up-to-date: /home/ubuntu/dev_ws/install/robot_localization/include/robot_localization/srv/detail/get_state__struct.h
[0.736s] -- Up-to-date: /home/ubuntu/dev_ws/install/robot_localization/include/robot_localization/srv/detail/to_ll__type_support.h
[0.736s] -- Up-to-date: /home/ubuntu/dev_ws/install/robot_localization/include/robot_localization/srv/toggle_filter_processing.h
[0.736s] -- Up-to-date: /home/ubuntu/dev_ws/install/robot_localization/share/robot_localization/environment/library_path.sh
[0.736s] -- Up-to-date: /home/ubuntu/dev_ws/install/robot_localization/share/robot_localization/environment/library_path.dsv
[0.736s] -- Up-to-date: /home/ubuntu/dev_ws/install/robot_localization/lib/librobot_localization__rosidl_generator_c.so
[0.737s] -- Up-to-date: /home/ubuntu/dev_ws/install/robot_localization/include/robot_localization
[0.737s] -- Up-to-date: /home/ubuntu/dev_ws/install/robot_localization/include/robot_localization/msg
[0.737s] -- Up-to-date: /home/ubuntu/dev_ws/install/robot_localization/include/robot_localization/msg/rosidl_typesupport_fastrtps_c__visibility_control.h
[0.737s] -- Up-to-date: /home/ubuntu/dev_ws/install/robot_localization/include/robot_localization/srv
[0.737s] -- Up-to-date: /home/ubuntu/dev_ws/install/robot_localization/include/robot_localization/srv/detail
[0.738s] -- Up-to-date: /home/ubuntu/dev_ws/install/robot_localization/include/robot_localization/srv/detail/toggle_filter_processing__rosidl_typesupport_fastrtps_c.h
[0.738s] -- Up-to-date: /home/ubuntu/dev_ws/install/robot_localization/include/robot_localization/srv/detail/get_state__rosidl_typesupport_fastrtps_c.h
[0.738s] -- Up-to-date: /home/ubuntu/dev_ws/install/robot_localization/include/robot_localization/srv/detail/to_ll__rosidl_typesupport_fastrtps_c.h
[0.738s] -- Up-to-date: /home/ubuntu/dev_ws/install/robot_localization/include/robot_localization/srv/detail/from_ll__rosidl_typesupport_fastrtps_c.h
[0.738s] -- Up-to-date: /home/ubuntu/dev_ws/install/robot_localization/include/robot_localization/srv/detail/set_pose__rosidl_typesupport_fastrtps_c.h
[0.738s] -- Up-to-date: /home/ubuntu/dev_ws/install/robot_localization/include/robot_localization/srv/detail/set_datum__rosidl_typesupport_fastrtps_c.h
[0.738s] -- Up-to-date: /home/ubuntu/dev_ws/install/robot_localization/lib/librobot_localization__rosidl_typesupport_fastrtps_c.so
[0.738s] -- Up-to-date: /home/ubuntu/dev_ws/install/robot_localization/include/robot_localization
[0.739s] -- Up-to-date: /home/ubuntu/dev_ws/install/robot_localization/include/robot_localization/msg
[0.739s] -- Up-to-date: /home/ubuntu/dev_ws/install/robot_localization/include/robot_localization/msg/rosidl_typesupport_fastrtps_cpp__visibility_control.h
[0.739s] -- Up-to-date: /home/ubuntu/dev_ws/install/robot_localization/include/robot_localization/srv
[0.739s] -- Up-to-date: /home/ubuntu/dev_ws/install/robot_localization/include/robot_localization/srv/detail
[0.739s] -- Up-to-date: /home/ubuntu/dev_ws/install/robot_localization/include/robot_localization/srv/detail/dds_fastrtps
[0.739s] -- Up-to-date: /home/ubuntu/dev_ws/install/robot_localization/include/robot_localization/srv/detail/set_datum__rosidl_typesupport_fastrtps_cpp.hpp
[0.739s] -- Up-to-date: /home/ubuntu/dev_ws/install/robot_localization/include/robot_localization/srv/detail/from_ll__rosidl_typesupport_fastrtps_cpp.hpp
[0.739s] -- Up-to-date: /home/ubuntu/dev_ws/install/robot_localization/include/robot_localization/srv/detail/set_pose__rosidl_typesupport_fastrtps_cpp.hpp
[0.739s] -- Up-to-date: /home/ubuntu/dev_ws/install/robot_localization/include/robot_localization/srv/detail/to_ll__rosidl_typesupport_fastrtps_cpp.hpp
[0.739s] -- Up-to-date: /home/ubuntu/dev_ws/install/robot_localization/include/robot_localization/srv/detail/get_state__rosidl_typesupport_fastrtps_cpp.hpp
[0.739s] -- Up-to-date: /home/ubuntu/dev_ws/install/robot_localization/include/robot_localization/srv/detail/toggle_filter_processing__rosidl_typesupport_fastrtps_cpp.hpp
[0.739s] -- Up-to-date: /home/ubuntu/dev_ws/install/robot_localization/lib/librobot_localization__rosidl_typesupport_fastrtps_cpp.so
[0.739s] -- Up-to-date: /home/ubuntu/dev_ws/install/robot_localization/include/robot_localization
[0.739s] -- Up-to-date: /home/ubuntu/dev_ws/install/robot_localization/include/robot_localization/msg
[0.739s] -- Up-to-date: /home/ubuntu/dev_ws/install/robot_localization/include/robot_localization/msg/rosidl_typesupport_introspection_c__visibility_control.h
[0.739s] -- Up-to-date: /home/ubuntu/dev_ws/install/robot_localization/include/robot_localization/srv
[0.739s] -- Up-to-date: /home/ubuntu/dev_ws/install/robot_localization/include/robot_localization/srv/detail
[0.739s] -- Up-to-date: /home/ubuntu/dev_ws/install/robot_localization/include/robot_localization/srv/detail/toggle_filter_processing__type_support.c
[0.739s] -- Up-to-date: /home/ubuntu/dev_ws/install/robot_localization/include/robot_localization/srv/detail/from_ll__rosidl_typesupport_introspection_c.h
[0.740s] -- Up-to-date: /home/ubuntu/dev_ws/install/robot_localization/include/robot_localization/srv/detail/set_pose__rosidl_typesupport_introspection_c.h
[0.740s] -- Up-to-date: /home/ubuntu/dev_ws/install/robot_localization/include/robot_localization/srv/detail/set_datum__rosidl_typesupport_introspection_c.h
[0.740s] -- Up-to-date: /home/ubuntu/dev_ws/install/robot_localization/include/robot_localization/srv/detail/to_ll__rosidl_typesupport_introspection_c.h
[0.740s] -- Up-to-date: /home/ubuntu/dev_ws/install/robot_localization/include/robot_localization/srv/detail/to_ll__type_support.c
[0.740s] -- Up-to-date: /home/ubuntu/dev_ws/install/robot_localization/include/robot_localization/srv/detail/get_state__rosidl_typesupport_introspection_c.h
[0.740s] -- Up-to-date: /home/ubuntu/dev_ws/install/robot_localization/include/robot_localization/srv/detail/toggle_filter_processing__rosidl_typesupport_introspection_c.h
[0.740s] -- Up-to-date: /home/ubuntu/dev_ws/install/robot_localization/include/robot_localization/srv/detail/get_state__type_support.c
[0.740s] -- Up-to-date: /home/ubuntu/dev_ws/install/robot_localization/include/robot_localization/srv/detail/set_pose__type_support.c
[0.740s] -- Up-to-date: /home/ubuntu/dev_ws/install/robot_localization/include/robot_localization/srv/detail/from_ll__type_support.c
[0.740s] -- Up-to-date: /home/ubuntu/dev_ws/install/robot_localization/include/robot_localization/srv/detail/set_datum__type_support.c
[0.740s] -- Up-to-date: /home/ubuntu/dev_ws/install/robot_localization/lib/librobot_localization__rosidl_typesupport_introspection_c.so
[0.740s] -- Up-to-date: /home/ubuntu/dev_ws/install/robot_localization/lib/librobot_localization__rosidl_typesupport_c.so
[0.740s] -- Up-to-date: /home/ubuntu/dev_ws/install/robot_localization/include/robot_localization
[0.740s] -- Up-to-date: /home/ubuntu/dev_ws/install/robot_localization/include/robot_localization/srv
[0.740s] -- Up-to-date: /home/ubuntu/dev_ws/install/robot_localization/include/robot_localization/srv/set_datum.hpp
[0.740s] -- Up-to-date: /home/ubuntu/dev_ws/install/robot_localization/include/robot_localization/srv/to_ll.hpp
[0.740s] -- Up-to-date: /home/ubuntu/dev_ws/install/robot_localization/include/robot_localization/srv/toggle_filter_processing.hpp
[0.740s] -- Up-to-date: /home/ubuntu/dev_ws/install/robot_localization/include/robot_localization/srv/from_ll.hpp
[0.740s] -- Up-to-date: /home/ubuntu/dev_ws/install/robot_localization/include/robot_localization/srv/get_state.hpp
[0.740s] -- Up-to-date: /home/ubuntu/dev_ws/install/robot_localization/include/robot_localization/srv/detail
[0.741s] -- Up-to-date: /home/ubuntu/dev_ws/install/robot_localization/include/robot_localization/srv/detail/to_ll__struct.hpp
[0.741s] -- Up-to-date: /home/ubuntu/dev_ws/install/robot_localization/include/robot_localization/srv/detail/set_datum__traits.hpp
[0.741s] -- Up-to-date: /home/ubuntu/dev_ws/install/robot_localization/include/robot_localization/srv/detail/set_pose__builder.hpp
[0.741s] -- Up-to-date: /home/ubuntu/dev_ws/install/robot_localization/include/robot_localization/srv/detail/to_ll__traits.hpp
[0.741s] -- Up-to-date: /home/ubuntu/dev_ws/install/robot_localization/include/robot_localization/srv/detail/from_ll__traits.hpp
[0.741s] -- Up-to-date: /home/ubuntu/dev_ws/install/robot_localization/include/robot_localization/srv/detail/from_ll__builder.hpp
[0.741s] -- Up-to-date: /home/ubuntu/dev_ws/install/robot_localization/include/robot_localization/srv/detail/get_state__builder.hpp
[0.741s] -- Up-to-date: /home/ubuntu/dev_ws/install/robot_localization/include/robot_localization/srv/detail/from_ll__struct.hpp
[0.741s] -- Up-to-date: /home/ubuntu/dev_ws/install/robot_localization/include/robot_localization/srv/detail/to_ll__builder.hpp
[0.741s] -- Up-to-date: /home/ubuntu/dev_ws/install/robot_localization/include/robot_localization/srv/detail/toggle_filter_processing__traits.hpp
[0.741s] -- Up-to-date: /home/ubuntu/dev_ws/install/robot_localization/include/robot_localization/srv/detail/toggle_filter_processing__struct.hpp
[0.741s] -- Up-to-date: /home/ubuntu/dev_ws/install/robot_localization/include/robot_localization/srv/detail/set_pose__traits.hpp
[0.741s] -- Up-to-date: /home/ubuntu/dev_ws/install/robot_localization/include/robot_localization/srv/detail/get_state__struct.hpp
[0.741s] -- Up-to-date: /home/ubuntu/dev_ws/install/robot_localization/include/robot_localization/srv/detail/set_datum__builder.hpp
[0.741s] -- Up-to-date: /home/ubuntu/dev_ws/install/robot_localization/include/robot_localization/srv/detail/get_state__traits.hpp
[0.741s] -- Up-to-date: /home/ubuntu/dev_ws/install/robot_localization/include/robot_localization/srv/detail/toggle_filter_processing__builder.hpp
[0.741s] -- Up-to-date: /home/ubuntu/dev_ws/install/robot_localization/include/robot_localization/srv/detail/set_pose__struct.hpp
[0.741s] -- Up-to-date: /home/ubuntu/dev_ws/install/robot_localization/include/robot_localization/srv/detail/set_datum__struct.hpp
[0.741s] -- Up-to-date: /home/ubuntu/dev_ws/install/robot_localization/include/robot_localization/srv/set_pose.hpp
[0.742s] -- Up-to-date: /home/ubuntu/dev_ws/install/robot_localization/include/robot_localization
[0.742s] -- Up-to-date: /home/ubuntu/dev_ws/install/robot_localization/include/robot_localization/srv
[0.742s] -- Up-to-date: /home/ubuntu/dev_ws/install/robot_localization/include/robot_localization/srv/detail
[0.742s] -- Up-to-date: /home/ubuntu/dev_ws/install/robot_localization/include/robot_localization/srv/detail/set_pose__type_support.cpp
[0.742s] -- Up-to-date: /home/ubuntu/dev_ws/install/robot_localization/include/robot_localization/srv/detail/set_datum__rosidl_typesupport_introspection_cpp.hpp
[0.742s] -- Up-to-date: /home/ubuntu/dev_ws/install/robot_localization/include/robot_localization/srv/detail/from_ll__rosidl_typesupport_introspection_cpp.hpp
[0.742s] -- Up-to-date: /home/ubuntu/dev_ws/install/robot_localization/include/robot_localization/srv/detail/get_state__rosidl_typesupport_introspection_cpp.hpp
[0.742s] -- Up-to-date: /home/ubuntu/dev_ws/install/robot_localization/include/robot_localization/srv/detail/from_ll__type_support.cpp
[0.742s] -- Up-to-date: /home/ubuntu/dev_ws/install/robot_localization/include/robot_localization/srv/detail/get_state__type_support.cpp
[0.742s] -- Up-to-date: /home/ubuntu/dev_ws/install/robot_localization/include/robot_localization/srv/detail/to_ll__rosidl_typesupport_introspection_cpp.hpp
[0.742s] -- Up-to-date: /home/ubuntu/dev_ws/install/robot_localization/include/robot_localization/srv/detail/set_pose__rosidl_typesupport_introspection_cpp.hpp
[0.742s] -- Up-to-date: /home/ubuntu/dev_ws/install/robot_localization/include/robot_localization/srv/detail/set_datum__type_support.cpp
[0.742s] -- Up-to-date: /home/ubuntu/dev_ws/install/robot_localization/include/robot_localization/srv/detail/to_ll__type_support.cpp
[0.742s] -- Up-to-date: /home/ubuntu/dev_ws/install/robot_localization/include/robot_localization/srv/detail/toggle_filter_processing__type_support.cpp
[0.742s] -- Up-to-date: /home/ubuntu/dev_ws/install/robot_localization/include/robot_localization/srv/detail/toggle_filter_processing__rosidl_typesupport_introspection_cpp.hpp
[0.742s] -- Up-to-date: /home/ubuntu/dev_ws/install/robot_localization/lib/librobot_localization__rosidl_typesupport_introspection_cpp.so
[0.742s] -- Up-to-date: /home/ubuntu/dev_ws/install/robot_localization/lib/librobot_localization__rosidl_typesupport_cpp.so
[0.742s] -- Up-to-date: /home/ubuntu/dev_ws/install/robot_localization/share/robot_localization/environment/pythonpath.sh
[0.742s] -- Up-to-date: /home/ubuntu/dev_ws/install/robot_localization/share/robot_localization/environment/pythonpath.dsv
[0.743s] -- Up-to-date: /home/ubuntu/dev_ws/install/robot_localization/lib/python3.8/site-packages/robot_localization/__init__.py
[0.770s] -- Up-to-date: /home/ubuntu/dev_ws/install/robot_localization/lib/python3.8/site-packages/robot_localization/srv
[0.770s] -- Up-to-date: /home/ubuntu/dev_ws/install/robot_localization/lib/python3.8/site-packages/robot_localization/srv/_from_ll.py
[0.770s] -- Up-to-date: /home/ubuntu/dev_ws/install/robot_localization/lib/python3.8/site-packages/robot_localization/srv/_set_datum_s.c
[0.770s] -- Up-to-date: /home/ubuntu/dev_ws/install/robot_localization/lib/python3.8/site-packages/robot_localization/srv/_toggle_filter_processing.py
[0.771s] -- Up-to-date: /home/ubuntu/dev_ws/install/robot_localization/lib/python3.8/site-packages/robot_localization/srv/_set_datum.py
[0.771s] -- Up-to-date: /home/ubuntu/dev_ws/install/robot_localization/lib/python3.8/site-packages/robot_localization/srv/_from_ll_s.c
[0.771s] -- Up-to-date: /home/ubuntu/dev_ws/install/robot_localization/lib/python3.8/site-packages/robot_localization/srv/_get_state_s.c
[0.771s] -- Up-to-date: /home/ubuntu/dev_ws/install/robot_localization/lib/python3.8/site-packages/robot_localization/srv/_to_ll_s.c
[0.772s] -- Up-to-date: /home/ubuntu/dev_ws/install/robot_localization/lib/python3.8/site-packages/robot_localization/srv/__init__.py
[0.772s] -- Up-to-date: /home/ubuntu/dev_ws/install/robot_localization/lib/python3.8/site-packages/robot_localization/srv/_set_pose.py
[0.772s] -- Up-to-date: /home/ubuntu/dev_ws/install/robot_localization/lib/python3.8/site-packages/robot_localization/srv/_set_pose_s.c
[0.772s] -- Up-to-date: /home/ubuntu/dev_ws/install/robot_localization/lib/python3.8/site-packages/robot_localization/srv/_toggle_filter_processing_s.c
[0.772s] -- Up-to-date: /home/ubuntu/dev_ws/install/robot_localization/lib/python3.8/site-packages/robot_localization/srv/_get_state.py
[0.772s] -- Up-to-date: /home/ubuntu/dev_ws/install/robot_localization/lib/python3.8/site-packages/robot_localization/srv/_to_ll.py
[0.773s] -- Up-to-date: /home/ubuntu/dev_ws/install/robot_localization/lib/python3.8/site-packages/robot_localization/robot_localization_s__rosidl_typesupport_fastrtps_c.cpython-38-x86_64-linux-gnu.so
[0.773s] -- Up-to-date: /home/ubuntu/dev_ws/install/robot_localization/lib/python3.8/site-packages/robot_localization/robot_localization_s__rosidl_typesupport_introspection_c.cpython-38-x86_64-linux-gnu.so
[0.775s] -- Up-to-date: /home/ubuntu/dev_ws/install/robot_localization/lib/python3.8/site-packages/robot_localization/robot_localization_s__rosidl_typesupport_c.cpython-38-x86_64-linux-gnu.so
[0.776s] -- Up-to-date: /home/ubuntu/dev_ws/install/robot_localization/lib/librobot_localization__python.so
[0.777s] -- Up-to-date: /home/ubuntu/dev_ws/install/robot_localization/share/robot_localization/srv/FromLL.idl
[0.777s] -- Up-to-date: /home/ubuntu/dev_ws/install/robot_localization/share/robot_localization/srv/GetState.idl
[0.777s] -- Up-to-date: /home/ubuntu/dev_ws/install/robot_localization/share/robot_localization/srv/SetDatum.idl
[0.778s] -- Up-to-date: /home/ubuntu/dev_ws/install/robot_localization/share/robot_localization/srv/SetPose.idl
[0.778s] -- Up-to-date: /home/ubuntu/dev_ws/install/robot_localization/share/robot_localization/srv/ToggleFilterProcessing.idl
[0.779s] -- Up-to-date: /home/ubuntu/dev_ws/install/robot_localization/share/robot_localization/srv/ToLL.idl
[0.779s] -- Up-to-date: /home/ubuntu/dev_ws/install/robot_localization/share/robot_localization/srv/FromLL.srv
[0.779s] -- Up-to-date: /home/ubuntu/dev_ws/install/robot_localization/share/robot_localization/srv/FromLL_Request.msg
[0.779s] -- Up-to-date: /home/ubuntu/dev_ws/install/robot_localization/share/robot_localization/srv/FromLL_Response.msg
[0.779s] -- Up-to-date: /home/ubuntu/dev_ws/install/robot_localization/share/robot_localization/srv/GetState.srv
[0.779s] -- Up-to-date: /home/ubuntu/dev_ws/install/robot_localization/share/robot_localization/srv/GetState_Request.msg
[0.780s] -- Up-to-date: /home/ubuntu/dev_ws/install/robot_localization/share/robot_localization/srv/GetState_Response.msg
[0.780s] -- Up-to-date: /home/ubuntu/dev_ws/install/robot_localization/share/robot_localization/srv/SetDatum.srv
[0.780s] -- Up-to-date: /home/ubuntu/dev_ws/install/robot_localization/share/robot_localization/srv/SetDatum_Request.msg
[0.780s] -- Up-to-date: /home/ubuntu/dev_ws/install/robot_localization/share/robot_localization/srv/SetDatum_Response.msg
[0.780s] -- Up-to-date: /home/ubuntu/dev_ws/install/robot_localization/share/robot_localization/srv/SetPose.srv
[0.780s] -- Up-to-date: /home/ubuntu/dev_ws/install/robot_localization/share/robot_localization/srv/SetPose_Request.msg
[0.780s] -- Up-to-date: /home/ubuntu/dev_ws/install/robot_localization/share/robot_localization/srv/SetPose_Response.msg
[0.780s] -- Up-to-date: /home/ubuntu/dev_ws/install/robot_localization/share/robot_localization/srv/ToggleFilterProcessing.srv
[0.780s] -- Up-to-date: /home/ubuntu/dev_ws/install/robot_localization/share/robot_localization/srv/ToggleFilterProcessing_Request.msg
[0.780s] -- Up-to-date: /home/ubuntu/dev_ws/install/robot_localization/share/robot_localization/srv/ToggleFilterProcessing_Response.msg
[0.780s] -- Up-to-date: /home/ubuntu/dev_ws/install/robot_localization/share/robot_localization/srv/ToLL.srv
[0.780s] -- Up-to-date: /home/ubuntu/dev_ws/install/robot_localization/share/robot_localization/srv/ToLL_Request.msg
[0.780s] -- Up-to-date: /home/ubuntu/dev_ws/install/robot_localization/share/robot_localization/srv/ToLL_Response.msg
[0.780s] -- Up-to-date: /home/ubuntu/dev_ws/install/robot_localization/lib/robot_localization/filter_base-test
[0.781s] -- Up-to-date: /home/ubuntu/dev_ws/install/robot_localization/lib/robot_localization/test_filter_base_diagnostics_timestamps
[0.781s] -- Up-to-date: /home/ubuntu/dev_ws/install/robot_localization/lib/robot_localization/test_ekf
[0.781s] -- Up-to-date: /home/ubuntu/dev_ws/install/robot_localization/lib/robot_localization/test_ekf_localization_node_interfaces
[0.782s] -- Up-to-date: /home/ubuntu/dev_ws/install/robot_localization/lib/robot_localization/test_ukf
[0.783s] -- Up-to-date: /home/ubuntu/dev_ws/install/robot_localization/lib/robot_localization/test_ukf_localization_node_interfaces
[0.783s] -- Up-to-date: /home/ubuntu/dev_ws/install/robot_localization/lib/robot_localization/test_robot_localization_estimator
[0.783s] -- Up-to-date: /home/ubuntu/dev_ws/install/robot_localization/lib/robot_localization/test_ros_robot_localization_listener
[0.784s] -- Up-to-date: /home/ubuntu/dev_ws/install/robot_localization/lib/robot_localization/test_ros_robot_localization_listener_publisher
[0.784s] -- Up-to-date: /home/ubuntu/dev_ws/install/robot_localization/share/robot_localization/test
[0.784s] -- Up-to-date: /home/ubuntu/dev_ws/install/robot_localization/share/robot_localization/test/test_ros_robot_localization_listener.cpp
[0.784s] -- Up-to-date: /home/ubuntu/dev_ws/install/robot_localization/share/robot_localization/test/test_filter_base.cpp
[0.785s] -- Up-to-date: /home/ubuntu/dev_ws/install/robot_localization/share/robot_localization/test/test_ukf_localization_node_bag1.launch.py
[0.785s] -- Up-to-date: /home/ubuntu/dev_ws/install/robot_localization/share/robot_localization/test/test_filter_base_diagnostics_timestamps.launch.py
[0.785s] -- Up-to-date: /home/ubuntu/dev_ws/install/robot_localization/share/robot_localization/test/test_ekf_localization_node_bag3.yaml
[0.785s] -- Up-to-date: /home/ubuntu/dev_ws/install/robot_localization/share/robot_localization/test/test_ekf_localization_node_bag1.launch.py
[0.785s] -- Up-to-date: /home/ubuntu/dev_ws/install/robot_localization/share/robot_localization/test/test_ukf_localization_node_interfaces.launch.py
[0.785s] -- Up-to-date: /home/ubuntu/dev_ws/install/robot_localization/share/robot_localization/test/test2.bag
[0.785s] -- Up-to-date: /home/ubuntu/dev_ws/install/robot_localization/share/robot_localization/test/test_ukf_localization_node_bag2.launch.py
[0.785s] -- Up-to-date: /home/ubuntu/dev_ws/install/robot_localization/share/robot_localization/test/test_ekf_localization_node_bag3.sh
[0.785s] -- Up-to-date: /home/ubuntu/dev_ws/install/robot_localization/share/robot_localization/test/test_robot_localization_estimator.launch.py
[0.785s] -- Up-to-date: /home/ubuntu/dev_ws/install/robot_localization/share/robot_localization/test/test3.bag
[0.785s] -- Up-to-date: /home/ubuntu/dev_ws/install/robot_localization/share/robot_localization/test/test_ukf_localization_node_interfaces.yaml
[0.786s] -- Up-to-date: /home/ubuntu/dev_ws/install/robot_localization/share/robot_localization/test/test_ros_robot_localization_listener.launch.py
[0.786s] -- Up-to-date: /home/ubuntu/dev_ws/install/robot_localization/share/robot_localization/test/test_ukf_localization_node_bag3.launch.py
[0.786s] -- Up-to-date: /home/ubuntu/dev_ws/install/robot_localization/share/robot_localization/test/test_robot_localization_estimator.cpp
[0.786s] -- Up-to-date: /home/ubuntu/dev_ws/install/robot_localization/share/robot_localization/test/test_ekf_localization_node_interfaces.yaml
[0.786s] -- Up-to-date: /home/ubuntu/dev_ws/install/robot_localization/share/robot_localization/test/test_ekf_localization_node_interfaces.cpp
[0.786s] -- Up-to-date: /home/ubuntu/dev_ws/install/robot_localization/share/robot_localization/test/test_ekf_localization_node_interfaces.launch.py
[0.786s] -- Up-to-date: /home/ubuntu/dev_ws/install/robot_localization/share/robot_localization/test/test_ukf_localization_node_bag1.yaml
[0.786s] -- Up-to-date: /home/ubuntu/dev_ws/install/robot_localization/share/robot_localization/test/test_ukf_localization_node_bag2.sh
[0.786s] -- Up-to-date: /home/ubuntu/dev_ws/install/robot_localization/share/robot_localization/test/test_localization_node_bag_pose_tester.cpp
[0.786s] -- Up-to-date: /home/ubuntu/dev_ws/install/robot_localization/share/robot_localization/test/test_ukf_localization_node_bag1.sh
[0.786s] -- Up-to-date: /home/ubuntu/dev_ws/install/robot_localization/share/robot_localization/test/test_ros_robot_localization_listener.yaml
[0.787s] -- Up-to-date: /home/ubuntu/dev_ws/install/robot_localization/share/robot_localization/test/test_ekf_localization_node_bag1.yaml
[0.787s] -- Up-to-date: /home/ubuntu/dev_ws/install/robot_localization/share/robot_localization/test/test_ekf_localization_node_bag3.launch.py
[0.787s] -- Up-to-date: /home/ubuntu/dev_ws/install/robot_localization/share/robot_localization/test/test_ekf_localization_node_bag2.launch.py
[0.787s] -- Up-to-date: /home/ubuntu/dev_ws/install/robot_localization/share/robot_localization/test/test_filter_base_diagnostics_timestamps.cpp
[0.787s] -- Up-to-date: /home/ubuntu/dev_ws/install/robot_localization/share/robot_localization/test/test_ekf_localization_node_bag2.sh
[0.787s] -- Up-to-date: /home/ubuntu/dev_ws/install/robot_localization/share/robot_localization/test/test_ekf_localization_node_bag1.sh
[0.787s] -- Up-to-date: /home/ubuntu/dev_ws/install/robot_localization/share/robot_localization/test/test_ukf_localization_node_bag3.yaml
[0.787s] -- Up-to-date: /home/ubuntu/dev_ws/install/robot_localization/share/robot_localization/test/test_ukf_localization_node_bag3.sh
[0.787s] -- Up-to-date: /home/ubuntu/dev_ws/install/robot_localization/share/robot_localization/test/test1.bag
[0.787s] -- Up-to-date: /home/ubuntu/dev_ws/install/robot_localization/share/robot_localization/test/test_ekf.cpp
[0.787s] -- Up-to-date: /home/ubuntu/dev_ws/install/robot_localization/share/robot_localization/test/test_filter_base_diagnostics_timestamps.yaml
[0.787s] -- Up-to-date: /home/ubuntu/dev_ws/install/robot_localization/share/robot_localization/test/test_ukf_localization_node_bag2.yaml
[0.788s] -- Up-to-date: /home/ubuntu/dev_ws/install/robot_localization/share/robot_localization/test/test_ukf.cpp
[0.788s] -- Up-to-date: /home/ubuntu/dev_ws/install/robot_localization/share/robot_localization/test/test_ukf_localization_node_interfaces.cpp
[0.788s] -- Up-to-date: /home/ubuntu/dev_ws/install/robot_localization/share/robot_localization/test/test_ekf_localization_node_bag2.yaml
[0.788s] -- Up-to-date: /home/ubuntu/dev_ws/install/robot_localization/share/robot_localization/test/test_ros_robot_localization_listener_publisher.cpp
[0.788s] -- Up-to-date: /home/ubuntu/dev_ws/install/robot_localization/lib/robot_localization/navsat_transform_node
[0.788s] -- Up-to-date: /home/ubuntu/dev_ws/install/robot_localization/lib/robot_localization/ekf_node
[0.788s] -- Up-to-date: /home/ubuntu/dev_ws/install/robot_localization/lib/robot_localization/ukf_node
[0.788s] -- Up-to-date: /home/ubuntu/dev_ws/install/robot_localization/lib/robot_localization/robot_localization_listener_node
[0.788s] -- Up-to-date: /home/ubuntu/dev_ws/install/robot_localization/lib/librl_lib.so
[0.788s] -- Up-to-date: /home/ubuntu/dev_ws/install/robot_localization/share/robot_localization/params
[0.789s] -- Up-to-date: /home/ubuntu/dev_ws/install/robot_localization/share/robot_localization/params/ukf.yaml
[0.789s] -- Up-to-date: /home/ubuntu/dev_ws/install/robot_localization/share/robot_localization/params/ekf.yaml
[0.789s] -- Up-to-date: /home/ubuntu/dev_ws/install/robot_localization/share/robot_localization/params/navsat_transform.yaml
[0.789s] -- Up-to-date: /home/ubuntu/dev_ws/install/robot_localization/share/robot_localization/params/dual_ekf_navsat_example.yaml
[0.789s] -- Up-to-date: /home/ubuntu/dev_ws/install/robot_localization/share/robot_localization/launch
[0.789s] -- Up-to-date: /home/ubuntu/dev_ws/install/robot_localization/share/robot_localization/launch/dual_ekf_navsat_example.launch.py
[0.789s] -- Up-to-date: /home/ubuntu/dev_ws/install/robot_localization/share/robot_localization/launch/ekf.launch.py
[0.789s] -- Up-to-date: /home/ubuntu/dev_ws/install/robot_localization/share/robot_localization/launch/navsat_transform.launch.py
[0.789s] -- Up-to-date: /home/ubuntu/dev_ws/install/robot_localization/share/robot_localization/launch/ukf.launch.py
[0.789s] -- Up-to-date: /home/ubuntu/dev_ws/install/robot_localization/share/ament_index/resource_index/package_run_dependencies/robot_localization
[0.789s] -- Up-to-date: /home/ubuntu/dev_ws/install/robot_localization/share/ament_index/resource_index/parent_prefix_path/robot_localization
[0.789s] -- Up-to-date: /home/ubuntu/dev_ws/install/robot_localization/share/robot_localization/environment/ament_prefix_path.sh
[0.790s] -- Up-to-date: /home/ubuntu/dev_ws/install/robot_localization/share/robot_localization/environment/ament_prefix_path.dsv
[0.790s] -- Up-to-date: /home/ubuntu/dev_ws/install/robot_localization/share/robot_localization/environment/path.sh
[0.790s] -- Up-to-date: /home/ubuntu/dev_ws/install/robot_localization/share/robot_localization/environment/path.dsv
[0.790s] -- Up-to-date: /home/ubuntu/dev_ws/install/robot_localization/share/robot_localization/local_setup.bash
[0.790s] -- Up-to-date: /home/ubuntu/dev_ws/install/robot_localization/share/robot_localization/local_setup.sh
[0.790s] -- Up-to-date: /home/ubuntu/dev_ws/install/robot_localization/share/robot_localization/local_setup.zsh
[0.790s] -- Up-to-date: /home/ubuntu/dev_ws/install/robot_localization/share/robot_localization/local_setup.dsv
[0.790s] -- Installing: /home/ubuntu/dev_ws/install/robot_localization/share/robot_localization/package.dsv
[0.790s] -- Up-to-date: /home/ubuntu/dev_ws/install/robot_localization/share/ament_index/resource_index/packages/robot_localization
[0.790s] -- Up-to-date: /home/ubuntu/dev_ws/install/robot_localization/share/robot_localization/cmake/robot_localization__rosidl_generator_cExport.cmake
[0.790s] -- Up-to-date: /home/ubuntu/dev_ws/install/robot_localization/share/robot_localization/cmake/robot_localization__rosidl_generator_cExport-relwithdebinfo.cmake
[0.791s] -- Up-to-date: /home/ubuntu/dev_ws/install/robot_localization/share/robot_localization/cmake/robot_localization__rosidl_typesupport_introspection_cExport.cmake
[0.791s] -- Up-to-date: /home/ubuntu/dev_ws/install/robot_localization/share/robot_localization/cmake/robot_localization__rosidl_typesupport_introspection_cExport-relwithdebinfo.cmake
[0.791s] -- Up-to-date: /home/ubuntu/dev_ws/install/robot_localization/share/robot_localization/cmake/robot_localization__rosidl_typesupport_cExport.cmake
[0.791s] -- Up-to-date: /home/ubuntu/dev_ws/install/robot_localization/share/robot_localization/cmake/robot_localization__rosidl_typesupport_cExport-relwithdebinfo.cmake
[0.791s] -- Up-to-date: /home/ubuntu/dev_ws/install/robot_localization/share/robot_localization/cmake/robot_localization__rosidl_generator_cppExport.cmake
[0.791s] -- Up-to-date: /home/ubuntu/dev_ws/install/robot_localization/share/robot_localization/cmake/robot_localization__rosidl_typesupport_introspection_cppExport.cmake
[0.791s] -- Up-to-date: /home/ubuntu/dev_ws/install/robot_localization/share/robot_localization/cmake/robot_localization__rosidl_typesupport_introspection_cppExport-relwithdebinfo.cmake
[0.791s] -- Up-to-date: /home/ubuntu/dev_ws/install/robot_localization/share/robot_localization/cmake/robot_localization__rosidl_typesupport_cppExport.cmake
[0.791s] -- Up-to-date: /home/ubuntu/dev_ws/install/robot_localization/share/robot_localization/cmake/robot_localization__rosidl_typesupport_cppExport-relwithdebinfo.cmake
[0.791s] -- Up-to-date: /home/ubuntu/dev_ws/install/robot_localization/share/robot_localization/cmake/rosidl_cmake-extras.cmake
[0.792s] -- Up-to-date: /home/ubuntu/dev_ws/install/robot_localization/share/robot_localization/cmake/ament_cmake_export_dependencies-extras.cmake
[0.792s] -- Up-to-date: /home/ubuntu/dev_ws/install/robot_localization/share/robot_localization/cmake/ament_cmake_export_libraries-extras.cmake
[0.792s] -- Up-to-date: /home/ubuntu/dev_ws/install/robot_localization/share/robot_localization/cmake/ament_cmake_export_targets-extras.cmake
[0.792s] -- Up-to-date: /home/ubuntu/dev_ws/install/robot_localization/share/robot_localization/cmake/ament_cmake_export_include_directories-extras.cmake
[0.792s] -- Up-to-date: /home/ubuntu/dev_ws/install/robot_localization/share/robot_localization/cmake/rosidl_cmake_export_typesupport_libraries-extras.cmake
[0.792s] -- Up-to-date: /home/ubuntu/dev_ws/install/robot_localization/share/robot_localization/cmake/rosidl_cmake_export_typesupport_targets-extras.cmake
[0.792s] -- Up-to-date: /home/ubuntu/dev_ws/install/robot_localization/share/robot_localization/cmake/robot_localizationConfig.cmake
[0.792s] -- Up-to-date: /home/ubuntu/dev_ws/install/robot_localization/share/robot_localization/cmake/robot_localizationConfig-version.cmake
[0.792s] -- Up-to-date: /home/ubuntu/dev_ws/install/robot_localization/share/robot_localization/package.xml
[0.796s] Invoked command in '/home/ubuntu/dev_ws/build/robot_localization' returned '0': CMAKE_PREFIX_PATH=${CMAKE_PREFIX_PATH}:/opt/ros/galactic /usr/bin/cmake --install /home/ubuntu/dev_ws/build/robot_localization
