[0.051s] Invoking command in '/home/ubuntu/dev_ws/build/robot_localization': CMAKE_PREFIX_PATH=${CMAKE_PREFIX_PATH}:/opt/ros/galactic /usr/bin/cmake --build /home/ubuntu/dev_ws/build/robot_localization -- -j12 -l12
[0.198s] [  2%] Built target gtest
[0.203s] [  4%] Built target gtest_main
[0.208s] [  4%] Built target robot_localization__cpp
[0.246s] [ 11%] Built target robot_localization__rosidl_generator_c
[0.338s] [ 18%] Built target robot_localization__rosidl_typesupport_introspection_cpp
[0.341s] [ 25%] Built target robot_localization__rosidl_typesupport_cpp
[0.346s] [ 45%] Built target robot_localization__rosidl_typesupport_c
[0.347s] [ 46%] Built target robot_localization__rosidl_typesupport_fastrtps_cpp
[0.347s] [ 46%] Built target robot_localization__rosidl_typesupport_introspection_c
[0.422s] [ 53%] Built target robot_localization__rosidl_typesupport_fastrtps_c
[0.469s] [ 53%] Built target robot_localization
[0.522s] [ 54%] Built target robot_localization__py
[0.606s] [ 61%] Built target robot_localization__python
[0.616s] [ 70%] Built target rl_lib
[0.675s] [ 72%] Built target robot_localization__rosidl_typesupport_introspection_c__pyext
[0.677s] [ 76%] Built target robot_localization__rosidl_typesupport_c__pyext
[0.677s] [ 76%] Built target robot_localization__rosidl_typesupport_fastrtps_c__pyext
[0.688s] [ 79%] Built target filter_base-test
[0.688s] [ 80%] Built target test_ros_robot_localization_listener_publisher
[0.694s] [ 83%] Built target test_ekf
[0.694s] [ 83%] Built target test_robot_localization_estimator
[0.694s] [ 85%] Built target test_ukf
[0.695s] [ 88%] Built target ekf_node
[0.695s] [ 88%] Built target ukf_node
[0.698s] [ 90%] Built target test_ros_robot_localization_listener
[0.701s] [ 92%] Built target navsat_transform_node
[0.742s] [ 94%] Built target robot_localization_listener_node
[0.747s] [ 96%] Built target test_ukf_localization_node_interfaces
[0.749s] [ 98%] Built target test_ekf_localization_node_interfaces
[0.752s] [100%] Built target test_filter_base_diagnostics_timestamps
[0.771s] Invoked command in '/home/ubuntu/dev_ws/build/robot_localization' returned '0': CMAKE_PREFIX_PATH=${CMAKE_PREFIX_PATH}:/opt/ros/galactic /usr/bin/cmake --build /home/ubuntu/dev_ws/build/robot_localization -- -j12 -l12
[1.063s] Invoking command in '/home/ubuntu/dev_ws/build/robot_localization': CMAKE_PREFIX_PATH=${CMAKE_PREFIX_PATH}:/opt/ros/galactic /usr/bin/cmake --install /home/ubuntu/dev_ws/build/robot_localization
[1.080s] -- Install configuration: "RelWithDebInfo"
[1.080s] -- Up-to-date: /home/ubuntu/dev_ws/install/robot_localization/share/ament_index/resource_index/rosidl_interfaces/robot_localization
[1.080s] -- Up-to-date: /home/ubuntu/dev_ws/install/robot_localization/include/robot_localization
[1.081s] -- Up-to-date: /home/ubuntu/dev_ws/install/robot_localization/include/robot_localization/msg
[1.081s] -- Up-to-date: /home/ubuntu/dev_ws/install/robot_localization/include/robot_localization/msg/rosidl_generator_c__visibility_control.h
[1.081s] -- Up-to-date: /home/ubuntu/dev_ws/install/robot_localization/include/robot_localization/srv
[1.081s] -- Up-to-date: /home/ubuntu/dev_ws/install/robot_localization/include/robot_localization/srv/set_pose.h
[1.082s] -- Up-to-date: /home/ubuntu/dev_ws/install/robot_localization/include/robot_localization/srv/to_ll.h
[1.082s] -- Up-to-date: /home/ubuntu/dev_ws/install/robot_localization/include/robot_localization/srv/get_state.h
[1.082s] -- Up-to-date: /home/ubuntu/dev_ws/install/robot_localization/include/robot_localization/srv/set_datum.h
[1.083s] -- Up-to-date: /home/ubuntu/dev_ws/install/robot_localization/include/robot_localization/srv/from_ll.h
[1.083s] -- Up-to-date: /home/ubuntu/dev_ws/install/robot_localization/include/robot_localization/srv/detail
[1.083s] -- Up-to-date: /home/ubuntu/dev_ws/install/robot_localization/include/robot_localization/srv/detail/toggle_filter_processing__struct.h
[1.084s] -- Up-to-date: /home/ubuntu/dev_ws/install/robot_localization/include/robot_localization/srv/detail/set_datum__type_support.h
[1.084s] -- Up-to-date: /home/ubuntu/dev_ws/install/robot_localization/include/robot_localization/srv/detail/get_state__functions.h
[1.084s] -- Up-to-date: /home/ubuntu/dev_ws/install/robot_localization/include/robot_localization/srv/detail/toggle_filter_processing__functions.c
[1.084s] -- Up-to-date: /home/ubuntu/dev_ws/install/robot_localization/include/robot_localization/srv/detail/to_ll__functions.h
[1.084s] -- Up-to-date: /home/ubuntu/dev_ws/install/robot_localization/include/robot_localization/srv/detail/from_ll__functions.h
[1.085s] -- Up-to-date: /home/ubuntu/dev_ws/install/robot_localization/include/robot_localization/srv/detail/get_state__functions.c
[1.085s] -- Up-to-date: /home/ubuntu/dev_ws/install/robot_localization/include/robot_localization/srv/detail/to_ll__struct.h
[1.086s] -- Up-to-date: /home/ubuntu/dev_ws/install/robot_localization/include/robot_localization/srv/detail/set_datum__functions.c
[1.086s] -- Up-to-date: /home/ubuntu/dev_ws/install/robot_localization/include/robot_localization/srv/detail/from_ll__functions.c
[1.086s] -- Up-to-date: /home/ubuntu/dev_ws/install/robot_localization/include/robot_localization/srv/detail/get_state__type_support.h
[1.086s] -- Up-to-date: /home/ubuntu/dev_ws/install/robot_localization/include/robot_localization/srv/detail/toggle_filter_processing__type_support.h
[1.086s] -- Up-to-date: /home/ubuntu/dev_ws/install/robot_localization/include/robot_localization/srv/detail/set_pose__type_support.h
[1.087s] -- Up-to-date: /home/ubuntu/dev_ws/install/robot_localization/include/robot_localization/srv/detail/set_pose__struct.h
[1.087s] -- Up-to-date: /home/ubuntu/dev_ws/install/robot_localization/include/robot_localization/srv/detail/from_ll__type_support.h
[1.087s] -- Up-to-date: /home/ubuntu/dev_ws/install/robot_localization/include/robot_localization/srv/detail/set_datum__functions.h
[1.087s] -- Up-to-date: /home/ubuntu/dev_ws/install/robot_localization/include/robot_localization/srv/detail/toggle_filter_processing__functions.h
[1.087s] -- Up-to-date: /home/ubuntu/dev_ws/install/robot_localization/include/robot_localization/srv/detail/to_ll__functions.c
[1.087s] -- Up-to-date: /home/ubuntu/dev_ws/install/robot_localization/include/robot_localization/srv/detail/set_pose__functions.c
[1.087s] -- Up-to-date: /home/ubuntu/dev_ws/install/robot_localization/include/robot_localization/srv/detail/set_pose__functions.h
[1.087s] -- Up-to-date: /home/ubuntu/dev_ws/install/robot_localization/include/robot_localization/srv/detail/from_ll__struct.h
[1.087s] -- Up-to-date: /home/ubuntu/dev_ws/install/robot_localization/include/robot_localization/srv/detail/set_datum__struct.h
[1.087s] -- Up-to-date: /home/ubuntu/dev_ws/install/robot_localization/include/robot_localization/srv/detail/get_state__struct.h
[1.087s] -- Up-to-date: /home/ubuntu/dev_ws/install/robot_localization/include/robot_localization/srv/detail/to_ll__type_support.h
[1.088s] -- Up-to-date: /home/ubuntu/dev_ws/install/robot_localization/include/robot_localization/srv/toggle_filter_processing.h
[1.088s] -- Up-to-date: /home/ubuntu/dev_ws/install/robot_localization/share/robot_localization/environment/library_path.sh
[1.088s] -- Up-to-date: /home/ubuntu/dev_ws/install/robot_localization/share/robot_localization/environment/library_path.dsv
[1.088s] -- Up-to-date: /home/ubuntu/dev_ws/install/robot_localization/lib/librobot_localization__rosidl_generator_c.so
[1.088s] -- Up-to-date: /home/ubuntu/dev_ws/install/robot_localization/include/robot_localization
[1.088s] -- Up-to-date: /home/ubuntu/dev_ws/install/robot_localization/include/robot_localization/msg
[1.088s] -- Up-to-date: /home/ubuntu/dev_ws/install/robot_localization/include/robot_localization/msg/rosidl_typesupport_fastrtps_c__visibility_control.h
[1.088s] -- Up-to-date: /home/ubuntu/dev_ws/install/robot_localization/include/robot_localization/srv
[1.088s] -- Up-to-date: /home/ubuntu/dev_ws/install/robot_localization/include/robot_localization/srv/detail
[1.088s] -- Up-to-date: /home/ubuntu/dev_ws/install/robot_localization/include/robot_localization/srv/detail/toggle_filter_processing__rosidl_typesupport_fastrtps_c.h
[1.088s] -- Up-to-date: /home/ubuntu/dev_ws/install/robot_localization/include/robot_localization/srv/detail/get_state__rosidl_typesupport_fastrtps_c.h
[1.089s] -- Up-to-date: /home/ubuntu/dev_ws/install/robot_localization/include/robot_localization/srv/detail/to_ll__rosidl_typesupport_fastrtps_c.h
[1.089s] -- Up-to-date: /home/ubuntu/dev_ws/install/robot_localization/include/robot_localization/srv/detail/from_ll__rosidl_typesupport_fastrtps_c.h
[1.089s] -- Up-to-date: /home/ubuntu/dev_ws/install/robot_localization/include/robot_localization/srv/detail/set_pose__rosidl_typesupport_fastrtps_c.h
[1.089s] -- Up-to-date: /home/ubuntu/dev_ws/install/robot_localization/include/robot_localization/srv/detail/set_datum__rosidl_typesupport_fastrtps_c.h
[1.089s] -- Up-to-date: /home/ubuntu/dev_ws/install/robot_localization/lib/librobot_localization__rosidl_typesupport_fastrtps_c.so
[1.089s] -- Up-to-date: /home/ubuntu/dev_ws/install/robot_localization/include/robot_localization
[1.089s] -- Up-to-date: /home/ubuntu/dev_ws/install/robot_localization/include/robot_localization/msg
[1.089s] -- Up-to-date: /home/ubuntu/dev_ws/install/robot_localization/include/robot_localization/msg/rosidl_typesupport_fastrtps_cpp__visibility_control.h
[1.089s] -- Up-to-date: /home/ubuntu/dev_ws/install/robot_localization/include/robot_localization/srv
[1.089s] -- Up-to-date: /home/ubuntu/dev_ws/install/robot_localization/include/robot_localization/srv/detail
[1.089s] -- Up-to-date: /home/ubuntu/dev_ws/install/robot_localization/include/robot_localization/srv/detail/dds_fastrtps
[1.089s] -- Up-to-date: /home/ubuntu/dev_ws/install/robot_localization/include/robot_localization/srv/detail/set_datum__rosidl_typesupport_fastrtps_cpp.hpp
[1.089s] -- Up-to-date: /home/ubuntu/dev_ws/install/robot_localization/include/robot_localization/srv/detail/from_ll__rosidl_typesupport_fastrtps_cpp.hpp
[1.089s] -- Up-to-date: /home/ubuntu/dev_ws/install/robot_localization/include/robot_localization/srv/detail/set_pose__rosidl_typesupport_fastrtps_cpp.hpp
[1.090s] -- Up-to-date: /home/ubuntu/dev_ws/install/robot_localization/include/robot_localization/srv/detail/to_ll__rosidl_typesupport_fastrtps_cpp.hpp
[1.090s] -- Up-to-date: /home/ubuntu/dev_ws/install/robot_localization/include/robot_localization/srv/detail/get_state__rosidl_typesupport_fastrtps_cpp.hpp
[1.090s] -- Up-to-date: /home/ubuntu/dev_ws/install/robot_localization/include/robot_localization/srv/detail/toggle_filter_processing__rosidl_typesupport_fastrtps_cpp.hpp
[1.090s] -- Up-to-date: /home/ubuntu/dev_ws/install/robot_localization/lib/librobot_localization__rosidl_typesupport_fastrtps_cpp.so
[1.090s] -- Up-to-date: /home/ubuntu/dev_ws/install/robot_localization/include/robot_localization
[1.090s] -- Up-to-date: /home/ubuntu/dev_ws/install/robot_localization/include/robot_localization/msg
[1.090s] -- Up-to-date: /home/ubuntu/dev_ws/install/robot_localization/include/robot_localization/msg/rosidl_typesupport_introspection_c__visibility_control.h
[1.090s] -- Up-to-date: /home/ubuntu/dev_ws/install/robot_localization/include/robot_localization/srv
[1.090s] -- Up-to-date: /home/ubuntu/dev_ws/install/robot_localization/include/robot_localization/srv/detail
[1.090s] -- Up-to-date: /home/ubuntu/dev_ws/install/robot_localization/include/robot_localization/srv/detail/toggle_filter_processing__type_support.c
[1.090s] -- Up-to-date: /home/ubuntu/dev_ws/install/robot_localization/include/robot_localization/srv/detail/from_ll__rosidl_typesupport_introspection_c.h
[1.090s] -- Up-to-date: /home/ubuntu/dev_ws/install/robot_localization/include/robot_localization/srv/detail/set_pose__rosidl_typesupport_introspection_c.h
[1.090s] -- Up-to-date: /home/ubuntu/dev_ws/install/robot_localization/include/robot_localization/srv/detail/set_datum__rosidl_typesupport_introspection_c.h
[1.091s] -- Up-to-date: /home/ubuntu/dev_ws/install/robot_localization/include/robot_localization/srv/detail/to_ll__rosidl_typesupport_introspection_c.h
[1.091s] -- Up-to-date: /home/ubuntu/dev_ws/install/robot_localization/include/robot_localization/srv/detail/to_ll__type_support.c
[1.091s] -- Up-to-date: /home/ubuntu/dev_ws/install/robot_localization/include/robot_localization/srv/detail/get_state__rosidl_typesupport_introspection_c.h
[1.091s] -- Up-to-date: /home/ubuntu/dev_ws/install/robot_localization/include/robot_localization/srv/detail/toggle_filter_processing__rosidl_typesupport_introspection_c.h
[1.091s] -- Up-to-date: /home/ubuntu/dev_ws/install/robot_localization/include/robot_localization/srv/detail/get_state__type_support.c
[1.091s] -- Up-to-date: /home/ubuntu/dev_ws/install/robot_localization/include/robot_localization/srv/detail/set_pose__type_support.c
[1.091s] -- Up-to-date: /home/ubuntu/dev_ws/install/robot_localization/include/robot_localization/srv/detail/from_ll__type_support.c
[1.091s] -- Up-to-date: /home/ubuntu/dev_ws/install/robot_localization/include/robot_localization/srv/detail/set_datum__type_support.c
[1.091s] -- Up-to-date: /home/ubuntu/dev_ws/install/robot_localization/lib/librobot_localization__rosidl_typesupport_introspection_c.so
[1.091s] -- Up-to-date: /home/ubuntu/dev_ws/install/robot_localization/lib/librobot_localization__rosidl_typesupport_c.so
[1.091s] -- Up-to-date: /home/ubuntu/dev_ws/install/robot_localization/include/robot_localization
[1.091s] -- Up-to-date: /home/ubuntu/dev_ws/install/robot_localization/include/robot_localization/srv
[1.091s] -- Up-to-date: /home/ubuntu/dev_ws/install/robot_localization/include/robot_localization/srv/set_datum.hpp
[1.092s] -- Up-to-date: /home/ubuntu/dev_ws/install/robot_localization/include/robot_localization/srv/to_ll.hpp
[1.092s] -- Up-to-date: /home/ubuntu/dev_ws/install/robot_localization/include/robot_localization/srv/toggle_filter_processing.hpp
[1.092s] -- Up-to-date: /home/ubuntu/dev_ws/install/robot_localization/include/robot_localization/srv/from_ll.hpp
[1.092s] -- Up-to-date: /home/ubuntu/dev_ws/install/robot_localization/include/robot_localization/srv/get_state.hpp
[1.092s] -- Up-to-date: /home/ubuntu/dev_ws/install/robot_localization/include/robot_localization/srv/detail
[1.092s] -- Up-to-date: /home/ubuntu/dev_ws/install/robot_localization/include/robot_localization/srv/detail/to_ll__struct.hpp
[1.092s] -- Up-to-date: /home/ubuntu/dev_ws/install/robot_localization/include/robot_localization/srv/detail/set_datum__traits.hpp
[1.092s] -- Up-to-date: /home/ubuntu/dev_ws/install/robot_localization/include/robot_localization/srv/detail/set_pose__builder.hpp
[1.092s] -- Up-to-date: /home/ubuntu/dev_ws/install/robot_localization/include/robot_localization/srv/detail/to_ll__traits.hpp
[1.092s] -- Up-to-date: /home/ubuntu/dev_ws/install/robot_localization/include/robot_localization/srv/detail/from_ll__traits.hpp
[1.092s] -- Up-to-date: /home/ubuntu/dev_ws/install/robot_localization/include/robot_localization/srv/detail/from_ll__builder.hpp
[1.092s] -- Up-to-date: /home/ubuntu/dev_ws/install/robot_localization/include/robot_localization/srv/detail/get_state__builder.hpp
[1.092s] -- Up-to-date: /home/ubuntu/dev_ws/install/robot_localization/include/robot_localization/srv/detail/from_ll__struct.hpp
[1.093s] -- Up-to-date: /home/ubuntu/dev_ws/install/robot_localization/include/robot_localization/srv/detail/to_ll__builder.hpp
[1.093s] -- Up-to-date: /home/ubuntu/dev_ws/install/robot_localization/include/robot_localization/srv/detail/toggle_filter_processing__traits.hpp
[1.093s] -- Up-to-date: /home/ubuntu/dev_ws/install/robot_localization/include/robot_localization/srv/detail/toggle_filter_processing__struct.hpp
[1.093s] -- Up-to-date: /home/ubuntu/dev_ws/install/robot_localization/include/robot_localization/srv/detail/set_pose__traits.hpp
[1.093s] -- Up-to-date: /home/ubuntu/dev_ws/install/robot_localization/include/robot_localization/srv/detail/get_state__struct.hpp
[1.093s] -- Up-to-date: /home/ubuntu/dev_ws/install/robot_localization/include/robot_localization/srv/detail/set_datum__builder.hpp
[1.093s] -- Up-to-date: /home/ubuntu/dev_ws/install/robot_localization/include/robot_localization/srv/detail/get_state__traits.hpp
[1.093s] -- Up-to-date: /home/ubuntu/dev_ws/install/robot_localization/include/robot_localization/srv/detail/toggle_filter_processing__builder.hpp
[1.093s] -- Up-to-date: /home/ubuntu/dev_ws/install/robot_localization/include/robot_localization/srv/detail/set_pose__struct.hpp
[1.093s] -- Up-to-date: /home/ubuntu/dev_ws/install/robot_localization/include/robot_localization/srv/detail/set_datum__struct.hpp
[1.093s] -- Up-to-date: /home/ubuntu/dev_ws/install/robot_localization/include/robot_localization/srv/set_pose.hpp
[1.093s] -- Up-to-date: /home/ubuntu/dev_ws/install/robot_localization/include/robot_localization
[1.094s] -- Up-to-date: /home/ubuntu/dev_ws/install/robot_localization/include/robot_localization/srv
[1.094s] -- Up-to-date: /home/ubuntu/dev_ws/install/robot_localization/include/robot_localization/srv/detail
[1.094s] -- Up-to-date: /home/ubuntu/dev_ws/install/robot_localization/include/robot_localization/srv/detail/set_pose__type_support.cpp
[1.094s] -- Up-to-date: /home/ubuntu/dev_ws/install/robot_localization/include/robot_localization/srv/detail/set_datum__rosidl_typesupport_introspection_cpp.hpp
[1.094s] -- Up-to-date: /home/ubuntu/dev_ws/install/robot_localization/include/robot_localization/srv/detail/from_ll__rosidl_typesupport_introspection_cpp.hpp
[1.094s] -- Up-to-date: /home/ubuntu/dev_ws/install/robot_localization/include/robot_localization/srv/detail/get_state__rosidl_typesupport_introspection_cpp.hpp
[1.094s] -- Up-to-date: /home/ubuntu/dev_ws/install/robot_localization/include/robot_localization/srv/detail/from_ll__type_support.cpp
[1.094s] -- Up-to-date: /home/ubuntu/dev_ws/install/robot_localization/include/robot_localization/srv/detail/get_state__type_support.cpp
[1.094s] -- Up-to-date: /home/ubuntu/dev_ws/install/robot_localization/include/robot_localization/srv/detail/to_ll__rosidl_typesupport_introspection_cpp.hpp
[1.094s] -- Up-to-date: /home/ubuntu/dev_ws/install/robot_localization/include/robot_localization/srv/detail/set_pose__rosidl_typesupport_introspection_cpp.hpp
[1.094s] -- Up-to-date: /home/ubuntu/dev_ws/install/robot_localization/include/robot_localization/srv/detail/set_datum__type_support.cpp
[1.094s] -- Up-to-date: /home/ubuntu/dev_ws/install/robot_localization/include/robot_localization/srv/detail/to_ll__type_support.cpp
[1.094s] -- Up-to-date: /home/ubuntu/dev_ws/install/robot_localization/include/robot_localization/srv/detail/toggle_filter_processing__type_support.cpp
[1.095s] -- Up-to-date: /home/ubuntu/dev_ws/install/robot_localization/include/robot_localization/srv/detail/toggle_filter_processing__rosidl_typesupport_introspection_cpp.hpp
[1.095s] -- Up-to-date: /home/ubuntu/dev_ws/install/robot_localization/lib/librobot_localization__rosidl_typesupport_introspection_cpp.so
[1.095s] -- Up-to-date: /home/ubuntu/dev_ws/install/robot_localization/lib/librobot_localization__rosidl_typesupport_cpp.so
[1.095s] -- Up-to-date: /home/ubuntu/dev_ws/install/robot_localization/share/robot_localization/environment/pythonpath.sh
[1.095s] -- Up-to-date: /home/ubuntu/dev_ws/install/robot_localization/share/robot_localization/environment/pythonpath.dsv
[1.095s] -- Up-to-date: /home/ubuntu/dev_ws/install/robot_localization/lib/python3.8/site-packages/robot_localization/__init__.py
[1.131s] -- Up-to-date: /home/ubuntu/dev_ws/install/robot_localization/lib/python3.8/site-packages/robot_localization/srv
[1.132s] -- Up-to-date: /home/ubuntu/dev_ws/install/robot_localization/lib/python3.8/site-packages/robot_localization/srv/_from_ll.py
[1.132s] -- Up-to-date: /home/ubuntu/dev_ws/install/robot_localization/lib/python3.8/site-packages/robot_localization/srv/_set_datum_s.c
[1.132s] -- Up-to-date: /home/ubuntu/dev_ws/install/robot_localization/lib/python3.8/site-packages/robot_localization/srv/_toggle_filter_processing.py
[1.132s] -- Up-to-date: /home/ubuntu/dev_ws/install/robot_localization/lib/python3.8/site-packages/robot_localization/srv/_set_datum.py
[1.132s] -- Up-to-date: /home/ubuntu/dev_ws/install/robot_localization/lib/python3.8/site-packages/robot_localization/srv/_from_ll_s.c
[1.133s] -- Up-to-date: /home/ubuntu/dev_ws/install/robot_localization/lib/python3.8/site-packages/robot_localization/srv/_get_state_s.c
[1.133s] -- Up-to-date: /home/ubuntu/dev_ws/install/robot_localization/lib/python3.8/site-packages/robot_localization/srv/_to_ll_s.c
[1.133s] -- Up-to-date: /home/ubuntu/dev_ws/install/robot_localization/lib/python3.8/site-packages/robot_localization/srv/__init__.py
[1.133s] -- Up-to-date: /home/ubuntu/dev_ws/install/robot_localization/lib/python3.8/site-packages/robot_localization/srv/_set_pose.py
[1.133s] -- Up-to-date: /home/ubuntu/dev_ws/install/robot_localization/lib/python3.8/site-packages/robot_localization/srv/_set_pose_s.c
[1.134s] -- Up-to-date: /home/ubuntu/dev_ws/install/robot_localization/lib/python3.8/site-packages/robot_localization/srv/_toggle_filter_processing_s.c
[1.134s] -- Up-to-date: /home/ubuntu/dev_ws/install/robot_localization/lib/python3.8/site-packages/robot_localization/srv/_get_state.py
[1.134s] -- Up-to-date: /home/ubuntu/dev_ws/install/robot_localization/lib/python3.8/site-packages/robot_localization/srv/_to_ll.py
[1.134s] -- Up-to-date: /home/ubuntu/dev_ws/install/robot_localization/lib/python3.8/site-packages/robot_localization/robot_localization_s__rosidl_typesupport_fastrtps_c.cpython-38-x86_64-linux-gnu.so
[1.135s] -- Up-to-date: /home/ubuntu/dev_ws/install/robot_localization/lib/python3.8/site-packages/robot_localization/robot_localization_s__rosidl_typesupport_introspection_c.cpython-38-x86_64-linux-gnu.so
[1.137s] -- Up-to-date: /home/ubuntu/dev_ws/install/robot_localization/lib/python3.8/site-packages/robot_localization/robot_localization_s__rosidl_typesupport_c.cpython-38-x86_64-linux-gnu.so
[1.139s] -- Up-to-date: /home/ubuntu/dev_ws/install/robot_localization/lib/librobot_localization__python.so
[1.140s] -- Up-to-date: /home/ubuntu/dev_ws/install/robot_localization/share/robot_localization/srv/FromLL.idl
[1.140s] -- Up-to-date: /home/ubuntu/dev_ws/install/robot_localization/share/robot_localization/srv/GetState.idl
[1.140s] -- Up-to-date: /home/ubuntu/dev_ws/install/robot_localization/share/robot_localization/srv/SetDatum.idl
[1.141s] -- Up-to-date: /home/ubuntu/dev_ws/install/robot_localization/share/robot_localization/srv/SetPose.idl
[1.141s] -- Up-to-date: /home/ubuntu/dev_ws/install/robot_localization/share/robot_localization/srv/ToggleFilterProcessing.idl
[1.141s] -- Up-to-date: /home/ubuntu/dev_ws/install/robot_localization/share/robot_localization/srv/ToLL.idl
[1.141s] -- Up-to-date: /home/ubuntu/dev_ws/install/robot_localization/share/robot_localization/srv/FromLL.srv
[1.141s] -- Up-to-date: /home/ubuntu/dev_ws/install/robot_localization/share/robot_localization/srv/FromLL_Request.msg
[1.141s] -- Up-to-date: /home/ubuntu/dev_ws/install/robot_localization/share/robot_localization/srv/FromLL_Response.msg
[1.141s] -- Up-to-date: /home/ubuntu/dev_ws/install/robot_localization/share/robot_localization/srv/GetState.srv
[1.141s] -- Up-to-date: /home/ubuntu/dev_ws/install/robot_localization/share/robot_localization/srv/GetState_Request.msg
[1.142s] -- Up-to-date: /home/ubuntu/dev_ws/install/robot_localization/share/robot_localization/srv/GetState_Response.msg
[1.142s] -- Up-to-date: /home/ubuntu/dev_ws/install/robot_localization/share/robot_localization/srv/SetDatum.srv
[1.142s] -- Up-to-date: /home/ubuntu/dev_ws/install/robot_localization/share/robot_localization/srv/SetDatum_Request.msg
[1.142s] -- Up-to-date: /home/ubuntu/dev_ws/install/robot_localization/share/robot_localization/srv/SetDatum_Response.msg
[1.142s] -- Up-to-date: /home/ubuntu/dev_ws/install/robot_localization/share/robot_localization/srv/SetPose.srv
[1.142s] -- Up-to-date: /home/ubuntu/dev_ws/install/robot_localization/share/robot_localization/srv/SetPose_Request.msg
[1.142s] -- Up-to-date: /home/ubuntu/dev_ws/install/robot_localization/share/robot_localization/srv/SetPose_Response.msg
[1.143s] -- Up-to-date: /home/ubuntu/dev_ws/install/robot_localization/share/robot_localization/srv/ToggleFilterProcessing.srv
[1.143s] -- Up-to-date: /home/ubuntu/dev_ws/install/robot_localization/share/robot_localization/srv/ToggleFilterProcessing_Request.msg
[1.143s] -- Up-to-date: /home/ubuntu/dev_ws/install/robot_localization/share/robot_localization/srv/ToggleFilterProcessing_Response.msg
[1.143s] -- Up-to-date: /home/ubuntu/dev_ws/install/robot_localization/share/robot_localization/srv/ToLL.srv
[1.143s] -- Up-to-date: /home/ubuntu/dev_ws/install/robot_localization/share/robot_localization/srv/ToLL_Request.msg
[1.143s] -- Up-to-date: /home/ubuntu/dev_ws/install/robot_localization/share/robot_localization/srv/ToLL_Response.msg
[1.144s] -- Up-to-date: /home/ubuntu/dev_ws/install/robot_localization/lib/robot_localization/filter_base-test
[1.145s] -- Up-to-date: /home/ubuntu/dev_ws/install/robot_localization/lib/robot_localization/test_filter_base_diagnostics_timestamps
[1.145s] -- Up-to-date: /home/ubuntu/dev_ws/install/robot_localization/lib/robot_localization/test_ekf
[1.146s] -- Up-to-date: /home/ubuntu/dev_ws/install/robot_localization/lib/robot_localization/test_ekf_localization_node_interfaces
[1.146s] -- Up-to-date: /home/ubuntu/dev_ws/install/robot_localization/lib/robot_localization/test_ukf
[1.147s] -- Up-to-date: /home/ubuntu/dev_ws/install/robot_localization/lib/robot_localization/test_ukf_localization_node_interfaces
[1.147s] -- Up-to-date: /home/ubuntu/dev_ws/install/robot_localization/lib/robot_localization/test_robot_localization_estimator
[1.148s] -- Up-to-date: /home/ubuntu/dev_ws/install/robot_localization/lib/robot_localization/test_ros_robot_localization_listener
[1.149s] -- Up-to-date: /home/ubuntu/dev_ws/install/robot_localization/lib/robot_localization/test_ros_robot_localization_listener_publisher
[1.149s] -- Up-to-date: /home/ubuntu/dev_ws/install/robot_localization/share/robot_localization/test
[1.149s] -- Up-to-date: /home/ubuntu/dev_ws/install/robot_localization/share/robot_localization/test/test_ros_robot_localization_listener.cpp
[1.149s] -- Up-to-date: /home/ubuntu/dev_ws/install/robot_localization/share/robot_localization/test/test_filter_base.cpp
[1.150s] -- Up-to-date: /home/ubuntu/dev_ws/install/robot_localization/share/robot_localization/test/test_ukf_localization_node_bag1.launch.py
[1.150s] -- Up-to-date: /home/ubuntu/dev_ws/install/robot_localization/share/robot_localization/test/test_filter_base_diagnostics_timestamps.launch.py
[1.150s] -- Up-to-date: /home/ubuntu/dev_ws/install/robot_localization/share/robot_localization/test/test_ekf_localization_node_bag3.yaml
[1.150s] -- Up-to-date: /home/ubuntu/dev_ws/install/robot_localization/share/robot_localization/test/test_ekf_localization_node_bag1.launch.py
[1.150s] -- Up-to-date: /home/ubuntu/dev_ws/install/robot_localization/share/robot_localization/test/test_ukf_localization_node_interfaces.launch.py
[1.150s] -- Up-to-date: /home/ubuntu/dev_ws/install/robot_localization/share/robot_localization/test/test2.bag
[1.150s] -- Up-to-date: /home/ubuntu/dev_ws/install/robot_localization/share/robot_localization/test/test_ukf_localization_node_bag2.launch.py
[1.151s] -- Up-to-date: /home/ubuntu/dev_ws/install/robot_localization/share/robot_localization/test/test_ekf_localization_node_bag3.sh
[1.151s] -- Up-to-date: /home/ubuntu/dev_ws/install/robot_localization/share/robot_localization/test/test_robot_localization_estimator.launch.py
[1.151s] -- Up-to-date: /home/ubuntu/dev_ws/install/robot_localization/share/robot_localization/test/test3.bag
[1.151s] -- Up-to-date: /home/ubuntu/dev_ws/install/robot_localization/share/robot_localization/test/test_ukf_localization_node_interfaces.yaml
[1.151s] -- Up-to-date: /home/ubuntu/dev_ws/install/robot_localization/share/robot_localization/test/test_ros_robot_localization_listener.launch.py
[1.151s] -- Up-to-date: /home/ubuntu/dev_ws/install/robot_localization/share/robot_localization/test/test_ukf_localization_node_bag3.launch.py
[1.151s] -- Up-to-date: /home/ubuntu/dev_ws/install/robot_localization/share/robot_localization/test/test_robot_localization_estimator.cpp
[1.151s] -- Up-to-date: /home/ubuntu/dev_ws/install/robot_localization/share/robot_localization/test/test_ekf_localization_node_interfaces.yaml
[1.151s] -- Up-to-date: /home/ubuntu/dev_ws/install/robot_localization/share/robot_localization/test/test_ekf_localization_node_interfaces.cpp
[1.151s] -- Up-to-date: /home/ubuntu/dev_ws/install/robot_localization/share/robot_localization/test/test_ekf_localization_node_interfaces.launch.py
[1.152s] -- Up-to-date: /home/ubuntu/dev_ws/install/robot_localization/share/robot_localization/test/test_ukf_localization_node_bag1.yaml
[1.152s] -- Up-to-date: /home/ubuntu/dev_ws/install/robot_localization/share/robot_localization/test/test_ukf_localization_node_bag2.sh
[1.152s] -- Up-to-date: /home/ubuntu/dev_ws/install/robot_localization/share/robot_localization/test/test_localization_node_bag_pose_tester.cpp
[1.152s] -- Up-to-date: /home/ubuntu/dev_ws/install/robot_localization/share/robot_localization/test/test_ukf_localization_node_bag1.sh
[1.152s] -- Up-to-date: /home/ubuntu/dev_ws/install/robot_localization/share/robot_localization/test/test_ros_robot_localization_listener.yaml
[1.152s] -- Up-to-date: /home/ubuntu/dev_ws/install/robot_localization/share/robot_localization/test/test_ekf_localization_node_bag1.yaml
[1.152s] -- Up-to-date: /home/ubuntu/dev_ws/install/robot_localization/share/robot_localization/test/test_ekf_localization_node_bag3.launch.py
[1.152s] -- Up-to-date: /home/ubuntu/dev_ws/install/robot_localization/share/robot_localization/test/test_ekf_localization_node_bag2.launch.py
[1.152s] -- Up-to-date: /home/ubuntu/dev_ws/install/robot_localization/share/robot_localization/test/test_filter_base_diagnostics_timestamps.cpp
[1.152s] -- Up-to-date: /home/ubuntu/dev_ws/install/robot_localization/share/robot_localization/test/test_ekf_localization_node_bag2.sh
[1.153s] -- Up-to-date: /home/ubuntu/dev_ws/install/robot_localization/share/robot_localization/test/test_ekf_localization_node_bag1.sh
[1.153s] -- Up-to-date: /home/ubuntu/dev_ws/install/robot_localization/share/robot_localization/test/test_ukf_localization_node_bag3.yaml
[1.153s] -- Up-to-date: /home/ubuntu/dev_ws/install/robot_localization/share/robot_localization/test/test_ukf_localization_node_bag3.sh
[1.153s] -- Up-to-date: /home/ubuntu/dev_ws/install/robot_localization/share/robot_localization/test/test1.bag
[1.153s] -- Up-to-date: /home/ubuntu/dev_ws/install/robot_localization/share/robot_localization/test/test_ekf.cpp
[1.153s] -- Up-to-date: /home/ubuntu/dev_ws/install/robot_localization/share/robot_localization/test/test_filter_base_diagnostics_timestamps.yaml
[1.154s] -- Up-to-date: /home/ubuntu/dev_ws/install/robot_localization/share/robot_localization/test/test_ukf_localization_node_bag2.yaml
[1.154s] -- Up-to-date: /home/ubuntu/dev_ws/install/robot_localization/share/robot_localization/test/test_ukf.cpp
[1.154s] -- Up-to-date: /home/ubuntu/dev_ws/install/robot_localization/share/robot_localization/test/test_ukf_localization_node_interfaces.cpp
[1.154s] -- Up-to-date: /home/ubuntu/dev_ws/install/robot_localization/share/robot_localization/test/test_ekf_localization_node_bag2.yaml
[1.154s] -- Up-to-date: /home/ubuntu/dev_ws/install/robot_localization/share/robot_localization/test/test_ros_robot_localization_listener_publisher.cpp
[1.154s] -- Up-to-date: /home/ubuntu/dev_ws/install/robot_localization/lib/robot_localization/navsat_transform_node
[1.154s] -- Up-to-date: /home/ubuntu/dev_ws/install/robot_localization/lib/robot_localization/ekf_node
[1.154s] -- Up-to-date: /home/ubuntu/dev_ws/install/robot_localization/lib/robot_localization/ukf_node
[1.154s] -- Up-to-date: /home/ubuntu/dev_ws/install/robot_localization/lib/robot_localization/robot_localization_listener_node
[1.155s] -- Up-to-date: /home/ubuntu/dev_ws/install/robot_localization/lib/librl_lib.so
[1.155s] -- Up-to-date: /home/ubuntu/dev_ws/install/robot_localization/share/robot_localization/params
[1.155s] -- Up-to-date: /home/ubuntu/dev_ws/install/robot_localization/share/robot_localization/params/ukf.yaml
[1.155s] -- Up-to-date: /home/ubuntu/dev_ws/install/robot_localization/share/robot_localization/params/ekf.yaml
[1.155s] -- Up-to-date: /home/ubuntu/dev_ws/install/robot_localization/share/robot_localization/params/navsat_transform.yaml
[1.155s] -- Up-to-date: /home/ubuntu/dev_ws/install/robot_localization/share/robot_localization/params/dual_ekf_navsat_example.yaml
[1.155s] -- Up-to-date: /home/ubuntu/dev_ws/install/robot_localization/share/robot_localization/launch
[1.155s] -- Up-to-date: /home/ubuntu/dev_ws/install/robot_localization/share/robot_localization/launch/dual_ekf_navsat_example.launch.py
[1.155s] -- Up-to-date: /home/ubuntu/dev_ws/install/robot_localization/share/robot_localization/launch/ekf.launch.py
[1.156s] -- Up-to-date: /home/ubuntu/dev_ws/install/robot_localization/share/robot_localization/launch/navsat_transform.launch.py
[1.156s] -- Up-to-date: /home/ubuntu/dev_ws/install/robot_localization/share/robot_localization/launch/ukf.launch.py
[1.156s] -- Up-to-date: /home/ubuntu/dev_ws/install/robot_localization/share/ament_index/resource_index/package_run_dependencies/robot_localization
[1.156s] -- Up-to-date: /home/ubuntu/dev_ws/install/robot_localization/share/ament_index/resource_index/parent_prefix_path/robot_localization
[1.156s] -- Up-to-date: /home/ubuntu/dev_ws/install/robot_localization/share/robot_localization/environment/ament_prefix_path.sh
[1.156s] -- Up-to-date: /home/ubuntu/dev_ws/install/robot_localization/share/robot_localization/environment/ament_prefix_path.dsv
[1.157s] -- Up-to-date: /home/ubuntu/dev_ws/install/robot_localization/share/robot_localization/environment/path.sh
[1.157s] -- Up-to-date: /home/ubuntu/dev_ws/install/robot_localization/share/robot_localization/environment/path.dsv
[1.157s] -- Up-to-date: /home/ubuntu/dev_ws/install/robot_localization/share/robot_localization/local_setup.bash
[1.157s] -- Up-to-date: /home/ubuntu/dev_ws/install/robot_localization/share/robot_localization/local_setup.sh
[1.157s] -- Up-to-date: /home/ubuntu/dev_ws/install/robot_localization/share/robot_localization/local_setup.zsh
[1.157s] -- Up-to-date: /home/ubuntu/dev_ws/install/robot_localization/share/robot_localization/local_setup.dsv
[1.157s] -- Installing: /home/ubuntu/dev_ws/install/robot_localization/share/robot_localization/package.dsv
[1.157s] -- Up-to-date: /home/ubuntu/dev_ws/install/robot_localization/share/ament_index/resource_index/packages/robot_localization
[1.157s] -- Up-to-date: /home/ubuntu/dev_ws/install/robot_localization/share/robot_localization/cmake/robot_localization__rosidl_generator_cExport.cmake
[1.157s] -- Up-to-date: /home/ubuntu/dev_ws/install/robot_localization/share/robot_localization/cmake/robot_localization__rosidl_generator_cExport-relwithdebinfo.cmake
[1.157s] -- Up-to-date: /home/ubuntu/dev_ws/install/robot_localization/share/robot_localization/cmake/robot_localization__rosidl_typesupport_introspection_cExport.cmake
[1.157s] -- Up-to-date: /home/ubuntu/dev_ws/install/robot_localization/share/robot_localization/cmake/robot_localization__rosidl_typesupport_introspection_cExport-relwithdebinfo.cmake
[1.158s] -- Up-to-date: /home/ubuntu/dev_ws/install/robot_localization/share/robot_localization/cmake/robot_localization__rosidl_typesupport_cExport.cmake
[1.158s] -- Up-to-date: /home/ubuntu/dev_ws/install/robot_localization/share/robot_localization/cmake/robot_localization__rosidl_typesupport_cExport-relwithdebinfo.cmake
[1.158s] -- Up-to-date: /home/ubuntu/dev_ws/install/robot_localization/share/robot_localization/cmake/robot_localization__rosidl_generator_cppExport.cmake
[1.158s] -- Up-to-date: /home/ubuntu/dev_ws/install/robot_localization/share/robot_localization/cmake/robot_localization__rosidl_typesupport_introspection_cppExport.cmake
[1.158s] -- Up-to-date: /home/ubuntu/dev_ws/install/robot_localization/share/robot_localization/cmake/robot_localization__rosidl_typesupport_introspection_cppExport-relwithdebinfo.cmake
[1.158s] -- Up-to-date: /home/ubuntu/dev_ws/install/robot_localization/share/robot_localization/cmake/robot_localization__rosidl_typesupport_cppExport.cmake
[1.158s] -- Up-to-date: /home/ubuntu/dev_ws/install/robot_localization/share/robot_localization/cmake/robot_localization__rosidl_typesupport_cppExport-relwithdebinfo.cmake
[1.158s] -- Up-to-date: /home/ubuntu/dev_ws/install/robot_localization/share/robot_localization/cmake/rosidl_cmake-extras.cmake
[1.158s] -- Up-to-date: /home/ubuntu/dev_ws/install/robot_localization/share/robot_localization/cmake/ament_cmake_export_dependencies-extras.cmake
[1.159s] -- Up-to-date: /home/ubuntu/dev_ws/install/robot_localization/share/robot_localization/cmake/ament_cmake_export_libraries-extras.cmake
[1.159s] -- Up-to-date: /home/ubuntu/dev_ws/install/robot_localization/share/robot_localization/cmake/ament_cmake_export_targets-extras.cmake
[1.159s] -- Up-to-date: /home/ubuntu/dev_ws/install/robot_localization/share/robot_localization/cmake/ament_cmake_export_include_directories-extras.cmake
[1.159s] -- Up-to-date: /home/ubuntu/dev_ws/install/robot_localization/share/robot_localization/cmake/rosidl_cmake_export_typesupport_libraries-extras.cmake
[1.159s] -- Up-to-date: /home/ubuntu/dev_ws/install/robot_localization/share/robot_localization/cmake/rosidl_cmake_export_typesupport_targets-extras.cmake
[1.159s] -- Up-to-date: /home/ubuntu/dev_ws/install/robot_localization/share/robot_localization/cmake/robot_localizationConfig.cmake
[1.159s] -- Up-to-date: /home/ubuntu/dev_ws/install/robot_localization/share/robot_localization/cmake/robot_localizationConfig-version.cmake
[1.159s] -- Up-to-date: /home/ubuntu/dev_ws/install/robot_localization/share/robot_localization/package.xml
[1.161s] Invoked command in '/home/ubuntu/dev_ws/build/robot_localization' returned '0': CMAKE_PREFIX_PATH=${CMAKE_PREFIX_PATH}:/opt/ros/galactic /usr/bin/cmake --install /home/ubuntu/dev_ws/build/robot_localization
