[0.029s] Invoking command in '/home/ubuntu/dev_ws/build/robot_localization': CMAKE_PREFIX_PATH=${CMAKE_PREFIX_PATH}:/opt/ros/galactic /usr/bin/cmake --build /home/ubuntu/dev_ws/build/robot_localization -- -j12 -l12
[0.121s] [  2%] Built target gtest_main
[0.124s] [  4%] Built target gtest
[0.128s] [  4%] Built target robot_localization__cpp
[0.129s] [ 11%] Built target robot_localization__rosidl_generator_c
[0.167s] [ 18%] Built target robot_localization__rosidl_typesupport_introspection_c
[0.171s] [ 25%] Built target robot_localization__rosidl_typesupport_cpp
[0.173s] [ 32%] Built target robot_localization__rosidl_typesupport_introspection_cpp
[0.173s] [ 39%] Built target robot_localization__rosidl_typesupport_c
[0.186s] [ 46%] Built target robot_localization__rosidl_typesupport_fastrtps_cpp
[0.245s] [ 53%] Built target robot_localization__rosidl_typesupport_fastrtps_c
[0.284s] [ 53%] Built target robot_localization
[0.321s] [ 54%] Built target robot_localization__py
[0.366s] [ 61%] Built target robot_localization__python
[0.372s] [ 70%] Built target rl_lib
[0.429s] [ 72%] Built target robot_localization__rosidl_typesupport_fastrtps_c__pyext
[0.438s] [ 74%] Built target robot_localization__rosidl_typesupport_introspection_c__pyext
[0.451s] [ 77%] Built target robot_localization__rosidl_typesupport_c__pyext
[0.451s] [ 78%] Built target filter_base-test
[0.451s] [ 82%] Built target ekf_node
[0.451s] [ 83%] Built target test_ukf
[0.451s] [ 83%] Built target ukf_node
[0.456s] [ 85%] Built target test_ros_robot_localization_listener_publisher
[0.459s] [ 86%] Built target test_robot_localization_estimator
[0.462s] [ 90%] Built target test_ekf
[0.463s] [ 90%] Built target navsat_transform_node
[0.467s] [ 92%] Built target test_ros_robot_localization_listener
[0.499s] [ 94%] Built target robot_localization_listener_node
[0.509s] [ 98%] Built target test_ukf_localization_node_interfaces
[0.509s] [ 98%] Built target test_ekf_localization_node_interfaces
[0.512s] [100%] Built target test_filter_base_diagnostics_timestamps
[0.532s] Invoked command in '/home/ubuntu/dev_ws/build/robot_localization' returned '0': CMAKE_PREFIX_PATH=${CMAKE_PREFIX_PATH}:/opt/ros/galactic /usr/bin/cmake --build /home/ubuntu/dev_ws/build/robot_localization -- -j12 -l12
[0.913s] Invoking command in '/home/ubuntu/dev_ws/build/robot_localization': CMAKE_PREFIX_PATH=${CMAKE_PREFIX_PATH}:/opt/ros/galactic /usr/bin/cmake --install /home/ubuntu/dev_ws/build/robot_localization
[0.928s] -- Install configuration: "RelWithDebInfo"
[0.928s] -- Up-to-date: /home/ubuntu/dev_ws/install/robot_localization/share/ament_index/resource_index/rosidl_interfaces/robot_localization
[0.928s] -- Up-to-date: /home/ubuntu/dev_ws/install/robot_localization/include/robot_localization
[0.928s] -- Up-to-date: /home/ubuntu/dev_ws/install/robot_localization/include/robot_localization/msg
[0.929s] -- Up-to-date: /home/ubuntu/dev_ws/install/robot_localization/include/robot_localization/msg/rosidl_generator_c__visibility_control.h
[0.929s] -- Up-to-date: /home/ubuntu/dev_ws/install/robot_localization/include/robot_localization/srv
[0.929s] -- Up-to-date: /home/ubuntu/dev_ws/install/robot_localization/include/robot_localization/srv/set_pose.h
[0.929s] -- Up-to-date: /home/ubuntu/dev_ws/install/robot_localization/include/robot_localization/srv/to_ll.h
[0.930s] -- Up-to-date: /home/ubuntu/dev_ws/install/robot_localization/include/robot_localization/srv/get_state.h
[0.930s] -- Up-to-date: /home/ubuntu/dev_ws/install/robot_localization/include/robot_localization/srv/set_datum.h
[0.930s] -- Up-to-date: /home/ubuntu/dev_ws/install/robot_localization/include/robot_localization/srv/from_ll.h
[0.930s] -- Up-to-date: /home/ubuntu/dev_ws/install/robot_localization/include/robot_localization/srv/detail
[0.931s] -- Up-to-date: /home/ubuntu/dev_ws/install/robot_localization/include/robot_localization/srv/detail/toggle_filter_processing__struct.h
[0.931s] -- Up-to-date: /home/ubuntu/dev_ws/install/robot_localization/include/robot_localization/srv/detail/set_datum__type_support.h
[0.931s] -- Up-to-date: /home/ubuntu/dev_ws/install/robot_localization/include/robot_localization/srv/detail/get_state__functions.h
[0.931s] -- Up-to-date: /home/ubuntu/dev_ws/install/robot_localization/include/robot_localization/srv/detail/toggle_filter_processing__functions.c
[0.931s] -- Up-to-date: /home/ubuntu/dev_ws/install/robot_localization/include/robot_localization/srv/detail/to_ll__functions.h
[0.931s] -- Up-to-date: /home/ubuntu/dev_ws/install/robot_localization/include/robot_localization/srv/detail/from_ll__functions.h
[0.932s] -- Up-to-date: /home/ubuntu/dev_ws/install/robot_localization/include/robot_localization/srv/detail/get_state__functions.c
[0.932s] -- Up-to-date: /home/ubuntu/dev_ws/install/robot_localization/include/robot_localization/srv/detail/to_ll__struct.h
[0.932s] -- Up-to-date: /home/ubuntu/dev_ws/install/robot_localization/include/robot_localization/srv/detail/set_datum__functions.c
[0.932s] -- Up-to-date: /home/ubuntu/dev_ws/install/robot_localization/include/robot_localization/srv/detail/from_ll__functions.c
[0.932s] -- Up-to-date: /home/ubuntu/dev_ws/install/robot_localization/include/robot_localization/srv/detail/get_state__type_support.h
[0.933s] -- Up-to-date: /home/ubuntu/dev_ws/install/robot_localization/include/robot_localization/srv/detail/toggle_filter_processing__type_support.h
[0.933s] -- Up-to-date: /home/ubuntu/dev_ws/install/robot_localization/include/robot_localization/srv/detail/set_pose__type_support.h
[0.933s] -- Up-to-date: /home/ubuntu/dev_ws/install/robot_localization/include/robot_localization/srv/detail/set_pose__struct.h
[0.933s] -- Up-to-date: /home/ubuntu/dev_ws/install/robot_localization/include/robot_localization/srv/detail/from_ll__type_support.h
[0.933s] -- Up-to-date: /home/ubuntu/dev_ws/install/robot_localization/include/robot_localization/srv/detail/set_datum__functions.h
[0.934s] -- Up-to-date: /home/ubuntu/dev_ws/install/robot_localization/include/robot_localization/srv/detail/toggle_filter_processing__functions.h
[0.934s] -- Up-to-date: /home/ubuntu/dev_ws/install/robot_localization/include/robot_localization/srv/detail/to_ll__functions.c
[0.934s] -- Up-to-date: /home/ubuntu/dev_ws/install/robot_localization/include/robot_localization/srv/detail/set_pose__functions.c
[0.934s] -- Up-to-date: /home/ubuntu/dev_ws/install/robot_localization/include/robot_localization/srv/detail/set_pose__functions.h
[0.934s] -- Up-to-date: /home/ubuntu/dev_ws/install/robot_localization/include/robot_localization/srv/detail/from_ll__struct.h
[0.934s] -- Up-to-date: /home/ubuntu/dev_ws/install/robot_localization/include/robot_localization/srv/detail/set_datum__struct.h
[0.934s] -- Up-to-date: /home/ubuntu/dev_ws/install/robot_localization/include/robot_localization/srv/detail/get_state__struct.h
[0.934s] -- Up-to-date: /home/ubuntu/dev_ws/install/robot_localization/include/robot_localization/srv/detail/to_ll__type_support.h
[0.934s] -- Up-to-date: /home/ubuntu/dev_ws/install/robot_localization/include/robot_localization/srv/toggle_filter_processing.h
[0.935s] -- Up-to-date: /home/ubuntu/dev_ws/install/robot_localization/share/robot_localization/environment/library_path.sh
[0.935s] -- Up-to-date: /home/ubuntu/dev_ws/install/robot_localization/share/robot_localization/environment/library_path.dsv
[0.935s] -- Up-to-date: /home/ubuntu/dev_ws/install/robot_localization/lib/librobot_localization__rosidl_generator_c.so
[0.935s] -- Up-to-date: /home/ubuntu/dev_ws/install/robot_localization/include/robot_localization
[0.935s] -- Up-to-date: /home/ubuntu/dev_ws/install/robot_localization/include/robot_localization/msg
[0.935s] -- Up-to-date: /home/ubuntu/dev_ws/install/robot_localization/include/robot_localization/msg/rosidl_typesupport_fastrtps_c__visibility_control.h
[0.935s] -- Up-to-date: /home/ubuntu/dev_ws/install/robot_localization/include/robot_localization/srv
[0.935s] -- Up-to-date: /home/ubuntu/dev_ws/install/robot_localization/include/robot_localization/srv/detail
[0.935s] -- Up-to-date: /home/ubuntu/dev_ws/install/robot_localization/include/robot_localization/srv/detail/toggle_filter_processing__rosidl_typesupport_fastrtps_c.h
[0.935s] -- Up-to-date: /home/ubuntu/dev_ws/install/robot_localization/include/robot_localization/srv/detail/get_state__rosidl_typesupport_fastrtps_c.h
[0.936s] -- Up-to-date: /home/ubuntu/dev_ws/install/robot_localization/include/robot_localization/srv/detail/to_ll__rosidl_typesupport_fastrtps_c.h
[0.936s] -- Up-to-date: /home/ubuntu/dev_ws/install/robot_localization/include/robot_localization/srv/detail/from_ll__rosidl_typesupport_fastrtps_c.h
[0.936s] -- Up-to-date: /home/ubuntu/dev_ws/install/robot_localization/include/robot_localization/srv/detail/set_pose__rosidl_typesupport_fastrtps_c.h
[0.936s] -- Up-to-date: /home/ubuntu/dev_ws/install/robot_localization/include/robot_localization/srv/detail/set_datum__rosidl_typesupport_fastrtps_c.h
[0.936s] -- Up-to-date: /home/ubuntu/dev_ws/install/robot_localization/lib/librobot_localization__rosidl_typesupport_fastrtps_c.so
[0.936s] -- Up-to-date: /home/ubuntu/dev_ws/install/robot_localization/include/robot_localization
[0.936s] -- Up-to-date: /home/ubuntu/dev_ws/install/robot_localization/include/robot_localization/msg
[0.936s] -- Up-to-date: /home/ubuntu/dev_ws/install/robot_localization/include/robot_localization/msg/rosidl_typesupport_fastrtps_cpp__visibility_control.h
[0.936s] -- Up-to-date: /home/ubuntu/dev_ws/install/robot_localization/include/robot_localization/srv
[0.937s] -- Up-to-date: /home/ubuntu/dev_ws/install/robot_localization/include/robot_localization/srv/detail
[0.937s] -- Up-to-date: /home/ubuntu/dev_ws/install/robot_localization/include/robot_localization/srv/detail/dds_fastrtps
[0.937s] -- Up-to-date: /home/ubuntu/dev_ws/install/robot_localization/include/robot_localization/srv/detail/set_datum__rosidl_typesupport_fastrtps_cpp.hpp
[0.937s] -- Up-to-date: /home/ubuntu/dev_ws/install/robot_localization/include/robot_localization/srv/detail/from_ll__rosidl_typesupport_fastrtps_cpp.hpp
[0.937s] -- Up-to-date: /home/ubuntu/dev_ws/install/robot_localization/include/robot_localization/srv/detail/set_pose__rosidl_typesupport_fastrtps_cpp.hpp
[0.937s] -- Up-to-date: /home/ubuntu/dev_ws/install/robot_localization/include/robot_localization/srv/detail/to_ll__rosidl_typesupport_fastrtps_cpp.hpp
[0.937s] -- Up-to-date: /home/ubuntu/dev_ws/install/robot_localization/include/robot_localization/srv/detail/get_state__rosidl_typesupport_fastrtps_cpp.hpp
[0.937s] -- Up-to-date: /home/ubuntu/dev_ws/install/robot_localization/include/robot_localization/srv/detail/toggle_filter_processing__rosidl_typesupport_fastrtps_cpp.hpp
[0.937s] -- Up-to-date: /home/ubuntu/dev_ws/install/robot_localization/lib/librobot_localization__rosidl_typesupport_fastrtps_cpp.so
[0.938s] -- Up-to-date: /home/ubuntu/dev_ws/install/robot_localization/include/robot_localization
[0.938s] -- Up-to-date: /home/ubuntu/dev_ws/install/robot_localization/include/robot_localization/msg
[0.938s] -- Up-to-date: /home/ubuntu/dev_ws/install/robot_localization/include/robot_localization/msg/rosidl_typesupport_introspection_c__visibility_control.h
[0.938s] -- Up-to-date: /home/ubuntu/dev_ws/install/robot_localization/include/robot_localization/srv
[0.938s] -- Up-to-date: /home/ubuntu/dev_ws/install/robot_localization/include/robot_localization/srv/detail
[0.938s] -- Up-to-date: /home/ubuntu/dev_ws/install/robot_localization/include/robot_localization/srv/detail/toggle_filter_processing__type_support.c
[0.938s] -- Up-to-date: /home/ubuntu/dev_ws/install/robot_localization/include/robot_localization/srv/detail/from_ll__rosidl_typesupport_introspection_c.h
[0.938s] -- Up-to-date: /home/ubuntu/dev_ws/install/robot_localization/include/robot_localization/srv/detail/set_pose__rosidl_typesupport_introspection_c.h
[0.938s] -- Up-to-date: /home/ubuntu/dev_ws/install/robot_localization/include/robot_localization/srv/detail/set_datum__rosidl_typesupport_introspection_c.h
[0.938s] -- Up-to-date: /home/ubuntu/dev_ws/install/robot_localization/include/robot_localization/srv/detail/to_ll__rosidl_typesupport_introspection_c.h
[0.938s] -- Up-to-date: /home/ubuntu/dev_ws/install/robot_localization/include/robot_localization/srv/detail/to_ll__type_support.c
[0.938s] -- Up-to-date: /home/ubuntu/dev_ws/install/robot_localization/include/robot_localization/srv/detail/get_state__rosidl_typesupport_introspection_c.h
[0.938s] -- Up-to-date: /home/ubuntu/dev_ws/install/robot_localization/include/robot_localization/srv/detail/toggle_filter_processing__rosidl_typesupport_introspection_c.h
[0.938s] -- Up-to-date: /home/ubuntu/dev_ws/install/robot_localization/include/robot_localization/srv/detail/get_state__type_support.c
[0.938s] -- Up-to-date: /home/ubuntu/dev_ws/install/robot_localization/include/robot_localization/srv/detail/set_pose__type_support.c
[0.939s] -- Up-to-date: /home/ubuntu/dev_ws/install/robot_localization/include/robot_localization/srv/detail/from_ll__type_support.c
[0.939s] -- Up-to-date: /home/ubuntu/dev_ws/install/robot_localization/include/robot_localization/srv/detail/set_datum__type_support.c
[0.939s] -- Up-to-date: /home/ubuntu/dev_ws/install/robot_localization/lib/librobot_localization__rosidl_typesupport_introspection_c.so
[0.939s] -- Up-to-date: /home/ubuntu/dev_ws/install/robot_localization/lib/librobot_localization__rosidl_typesupport_c.so
[0.939s] -- Up-to-date: /home/ubuntu/dev_ws/install/robot_localization/include/robot_localization
[0.939s] -- Up-to-date: /home/ubuntu/dev_ws/install/robot_localization/include/robot_localization/srv
[0.939s] -- Up-to-date: /home/ubuntu/dev_ws/install/robot_localization/include/robot_localization/srv/set_datum.hpp
[0.939s] -- Up-to-date: /home/ubuntu/dev_ws/install/robot_localization/include/robot_localization/srv/to_ll.hpp
[0.939s] -- Up-to-date: /home/ubuntu/dev_ws/install/robot_localization/include/robot_localization/srv/toggle_filter_processing.hpp
[0.939s] -- Up-to-date: /home/ubuntu/dev_ws/install/robot_localization/include/robot_localization/srv/from_ll.hpp
[0.939s] -- Up-to-date: /home/ubuntu/dev_ws/install/robot_localization/include/robot_localization/srv/get_state.hpp
[0.939s] -- Up-to-date: /home/ubuntu/dev_ws/install/robot_localization/include/robot_localization/srv/detail
[0.939s] -- Up-to-date: /home/ubuntu/dev_ws/install/robot_localization/include/robot_localization/srv/detail/to_ll__struct.hpp
[0.939s] -- Up-to-date: /home/ubuntu/dev_ws/install/robot_localization/include/robot_localization/srv/detail/set_datum__traits.hpp
[0.939s] -- Up-to-date: /home/ubuntu/dev_ws/install/robot_localization/include/robot_localization/srv/detail/set_pose__builder.hpp
[0.939s] -- Up-to-date: /home/ubuntu/dev_ws/install/robot_localization/include/robot_localization/srv/detail/to_ll__traits.hpp
[0.939s] -- Up-to-date: /home/ubuntu/dev_ws/install/robot_localization/include/robot_localization/srv/detail/from_ll__traits.hpp
[0.939s] -- Up-to-date: /home/ubuntu/dev_ws/install/robot_localization/include/robot_localization/srv/detail/from_ll__builder.hpp
[0.939s] -- Up-to-date: /home/ubuntu/dev_ws/install/robot_localization/include/robot_localization/srv/detail/get_state__builder.hpp
[0.940s] -- Up-to-date: /home/ubuntu/dev_ws/install/robot_localization/include/robot_localization/srv/detail/from_ll__struct.hpp
[0.940s] -- Up-to-date: /home/ubuntu/dev_ws/install/robot_localization/include/robot_localization/srv/detail/to_ll__builder.hpp
[0.940s] -- Up-to-date: /home/ubuntu/dev_ws/install/robot_localization/include/robot_localization/srv/detail/toggle_filter_processing__traits.hpp
[0.940s] -- Up-to-date: /home/ubuntu/dev_ws/install/robot_localization/include/robot_localization/srv/detail/toggle_filter_processing__struct.hpp
[0.940s] -- Up-to-date: /home/ubuntu/dev_ws/install/robot_localization/include/robot_localization/srv/detail/set_pose__traits.hpp
[0.940s] -- Up-to-date: /home/ubuntu/dev_ws/install/robot_localization/include/robot_localization/srv/detail/get_state__struct.hpp
[0.940s] -- Up-to-date: /home/ubuntu/dev_ws/install/robot_localization/include/robot_localization/srv/detail/set_datum__builder.hpp
[0.940s] -- Up-to-date: /home/ubuntu/dev_ws/install/robot_localization/include/robot_localization/srv/detail/get_state__traits.hpp
[0.940s] -- Up-to-date: /home/ubuntu/dev_ws/install/robot_localization/include/robot_localization/srv/detail/toggle_filter_processing__builder.hpp
[0.940s] -- Up-to-date: /home/ubuntu/dev_ws/install/robot_localization/include/robot_localization/srv/detail/set_pose__struct.hpp
[0.940s] -- Up-to-date: /home/ubuntu/dev_ws/install/robot_localization/include/robot_localization/srv/detail/set_datum__struct.hpp
[0.940s] -- Up-to-date: /home/ubuntu/dev_ws/install/robot_localization/include/robot_localization/srv/set_pose.hpp
[0.940s] -- Up-to-date: /home/ubuntu/dev_ws/install/robot_localization/include/robot_localization
[0.940s] -- Up-to-date: /home/ubuntu/dev_ws/install/robot_localization/include/robot_localization/srv
[0.940s] -- Up-to-date: /home/ubuntu/dev_ws/install/robot_localization/include/robot_localization/srv/detail
[0.940s] -- Up-to-date: /home/ubuntu/dev_ws/install/robot_localization/include/robot_localization/srv/detail/set_pose__type_support.cpp
[0.940s] -- Up-to-date: /home/ubuntu/dev_ws/install/robot_localization/include/robot_localization/srv/detail/set_datum__rosidl_typesupport_introspection_cpp.hpp
[0.940s] -- Up-to-date: /home/ubuntu/dev_ws/install/robot_localization/include/robot_localization/srv/detail/from_ll__rosidl_typesupport_introspection_cpp.hpp
[0.940s] -- Up-to-date: /home/ubuntu/dev_ws/install/robot_localization/include/robot_localization/srv/detail/get_state__rosidl_typesupport_introspection_cpp.hpp
[0.940s] -- Up-to-date: /home/ubuntu/dev_ws/install/robot_localization/include/robot_localization/srv/detail/from_ll__type_support.cpp
[0.941s] -- Up-to-date: /home/ubuntu/dev_ws/install/robot_localization/include/robot_localization/srv/detail/get_state__type_support.cpp
[0.941s] -- Up-to-date: /home/ubuntu/dev_ws/install/robot_localization/include/robot_localization/srv/detail/to_ll__rosidl_typesupport_introspection_cpp.hpp
[0.941s] -- Up-to-date: /home/ubuntu/dev_ws/install/robot_localization/include/robot_localization/srv/detail/set_pose__rosidl_typesupport_introspection_cpp.hpp
[0.941s] -- Up-to-date: /home/ubuntu/dev_ws/install/robot_localization/include/robot_localization/srv/detail/set_datum__type_support.cpp
[0.941s] -- Up-to-date: /home/ubuntu/dev_ws/install/robot_localization/include/robot_localization/srv/detail/to_ll__type_support.cpp
[0.941s] -- Up-to-date: /home/ubuntu/dev_ws/install/robot_localization/include/robot_localization/srv/detail/toggle_filter_processing__type_support.cpp
[0.941s] -- Up-to-date: /home/ubuntu/dev_ws/install/robot_localization/include/robot_localization/srv/detail/toggle_filter_processing__rosidl_typesupport_introspection_cpp.hpp
[0.941s] -- Up-to-date: /home/ubuntu/dev_ws/install/robot_localization/lib/librobot_localization__rosidl_typesupport_introspection_cpp.so
[0.941s] -- Up-to-date: /home/ubuntu/dev_ws/install/robot_localization/lib/librobot_localization__rosidl_typesupport_cpp.so
[0.941s] -- Up-to-date: /home/ubuntu/dev_ws/install/robot_localization/share/robot_localization/environment/pythonpath.sh
[0.941s] -- Up-to-date: /home/ubuntu/dev_ws/install/robot_localization/share/robot_localization/environment/pythonpath.dsv
[0.941s] -- Up-to-date: /home/ubuntu/dev_ws/install/robot_localization/lib/python3.8/site-packages/robot_localization/__init__.py
[0.975s] -- Up-to-date: /home/ubuntu/dev_ws/install/robot_localization/lib/python3.8/site-packages/robot_localization/srv
[0.975s] -- Up-to-date: /home/ubuntu/dev_ws/install/robot_localization/lib/python3.8/site-packages/robot_localization/srv/_from_ll.py
[0.975s] -- Up-to-date: /home/ubuntu/dev_ws/install/robot_localization/lib/python3.8/site-packages/robot_localization/srv/_set_datum_s.c
[0.975s] -- Up-to-date: /home/ubuntu/dev_ws/install/robot_localization/lib/python3.8/site-packages/robot_localization/srv/_toggle_filter_processing.py
[0.976s] -- Up-to-date: /home/ubuntu/dev_ws/install/robot_localization/lib/python3.8/site-packages/robot_localization/srv/_set_datum.py
[0.976s] -- Up-to-date: /home/ubuntu/dev_ws/install/robot_localization/lib/python3.8/site-packages/robot_localization/srv/_from_ll_s.c
[0.976s] -- Up-to-date: /home/ubuntu/dev_ws/install/robot_localization/lib/python3.8/site-packages/robot_localization/srv/_get_state_s.c
[0.976s] -- Up-to-date: /home/ubuntu/dev_ws/install/robot_localization/lib/python3.8/site-packages/robot_localization/srv/_to_ll_s.c
[0.976s] -- Up-to-date: /home/ubuntu/dev_ws/install/robot_localization/lib/python3.8/site-packages/robot_localization/srv/__init__.py
[0.977s] -- Up-to-date: /home/ubuntu/dev_ws/install/robot_localization/lib/python3.8/site-packages/robot_localization/srv/_set_pose.py
[0.977s] -- Up-to-date: /home/ubuntu/dev_ws/install/robot_localization/lib/python3.8/site-packages/robot_localization/srv/_set_pose_s.c
[0.977s] -- Up-to-date: /home/ubuntu/dev_ws/install/robot_localization/lib/python3.8/site-packages/robot_localization/srv/_toggle_filter_processing_s.c
[0.977s] -- Up-to-date: /home/ubuntu/dev_ws/install/robot_localization/lib/python3.8/site-packages/robot_localization/srv/_get_state.py
[0.978s] -- Up-to-date: /home/ubuntu/dev_ws/install/robot_localization/lib/python3.8/site-packages/robot_localization/srv/_to_ll.py
[0.978s] -- Up-to-date: /home/ubuntu/dev_ws/install/robot_localization/lib/python3.8/site-packages/robot_localization/robot_localization_s__rosidl_typesupport_fastrtps_c.cpython-38-x86_64-linux-gnu.so
[0.980s] -- Up-to-date: /home/ubuntu/dev_ws/install/robot_localization/lib/python3.8/site-packages/robot_localization/robot_localization_s__rosidl_typesupport_introspection_c.cpython-38-x86_64-linux-gnu.so
[0.982s] -- Up-to-date: /home/ubuntu/dev_ws/install/robot_localization/lib/python3.8/site-packages/robot_localization/robot_localization_s__rosidl_typesupport_c.cpython-38-x86_64-linux-gnu.so
[0.984s] -- Up-to-date: /home/ubuntu/dev_ws/install/robot_localization/lib/librobot_localization__python.so
[0.985s] -- Up-to-date: /home/ubuntu/dev_ws/install/robot_localization/share/robot_localization/srv/FromLL.idl
[0.985s] -- Up-to-date: /home/ubuntu/dev_ws/install/robot_localization/share/robot_localization/srv/GetState.idl
[0.986s] -- Up-to-date: /home/ubuntu/dev_ws/install/robot_localization/share/robot_localization/srv/SetDatum.idl
[0.986s] -- Up-to-date: /home/ubuntu/dev_ws/install/robot_localization/share/robot_localization/srv/SetPose.idl
[0.986s] -- Up-to-date: /home/ubuntu/dev_ws/install/robot_localization/share/robot_localization/srv/ToggleFilterProcessing.idl
[0.986s] -- Up-to-date: /home/ubuntu/dev_ws/install/robot_localization/share/robot_localization/srv/ToLL.idl
[0.986s] -- Up-to-date: /home/ubuntu/dev_ws/install/robot_localization/share/robot_localization/srv/FromLL.srv
[0.986s] -- Up-to-date: /home/ubuntu/dev_ws/install/robot_localization/share/robot_localization/srv/FromLL_Request.msg
[0.986s] -- Up-to-date: /home/ubuntu/dev_ws/install/robot_localization/share/robot_localization/srv/FromLL_Response.msg
[0.986s] -- Up-to-date: /home/ubuntu/dev_ws/install/robot_localization/share/robot_localization/srv/GetState.srv
[0.987s] -- Up-to-date: /home/ubuntu/dev_ws/install/robot_localization/share/robot_localization/srv/GetState_Request.msg
[0.987s] -- Up-to-date: /home/ubuntu/dev_ws/install/robot_localization/share/robot_localization/srv/GetState_Response.msg
[0.987s] -- Up-to-date: /home/ubuntu/dev_ws/install/robot_localization/share/robot_localization/srv/SetDatum.srv
[0.987s] -- Up-to-date: /home/ubuntu/dev_ws/install/robot_localization/share/robot_localization/srv/SetDatum_Request.msg
[0.987s] -- Up-to-date: /home/ubuntu/dev_ws/install/robot_localization/share/robot_localization/srv/SetDatum_Response.msg
[0.987s] -- Up-to-date: /home/ubuntu/dev_ws/install/robot_localization/share/robot_localization/srv/SetPose.srv
[0.987s] -- Up-to-date: /home/ubuntu/dev_ws/install/robot_localization/share/robot_localization/srv/SetPose_Request.msg
[0.987s] -- Up-to-date: /home/ubuntu/dev_ws/install/robot_localization/share/robot_localization/srv/SetPose_Response.msg
[0.987s] -- Up-to-date: /home/ubuntu/dev_ws/install/robot_localization/share/robot_localization/srv/ToggleFilterProcessing.srv
[0.988s] -- Up-to-date: /home/ubuntu/dev_ws/install/robot_localization/share/robot_localization/srv/ToggleFilterProcessing_Request.msg
[0.988s] -- Up-to-date: /home/ubuntu/dev_ws/install/robot_localization/share/robot_localization/srv/ToggleFilterProcessing_Response.msg
[0.988s] -- Up-to-date: /home/ubuntu/dev_ws/install/robot_localization/share/robot_localization/srv/ToLL.srv
[0.988s] -- Up-to-date: /home/ubuntu/dev_ws/install/robot_localization/share/robot_localization/srv/ToLL_Request.msg
[0.988s] -- Up-to-date: /home/ubuntu/dev_ws/install/robot_localization/share/robot_localization/srv/ToLL_Response.msg
[0.988s] -- Up-to-date: /home/ubuntu/dev_ws/install/robot_localization/lib/robot_localization/filter_base-test
[0.988s] -- Up-to-date: /home/ubuntu/dev_ws/install/robot_localization/lib/robot_localization/test_filter_base_diagnostics_timestamps
[0.988s] -- Up-to-date: /home/ubuntu/dev_ws/install/robot_localization/lib/robot_localization/test_ekf
[0.989s] -- Up-to-date: /home/ubuntu/dev_ws/install/robot_localization/lib/robot_localization/test_ekf_localization_node_interfaces
[0.989s] -- Up-to-date: /home/ubuntu/dev_ws/install/robot_localization/lib/robot_localization/test_ukf
[0.989s] -- Up-to-date: /home/ubuntu/dev_ws/install/robot_localization/lib/robot_localization/test_ukf_localization_node_interfaces
[0.990s] -- Up-to-date: /home/ubuntu/dev_ws/install/robot_localization/lib/robot_localization/test_robot_localization_estimator
[0.990s] -- Up-to-date: /home/ubuntu/dev_ws/install/robot_localization/lib/robot_localization/test_ros_robot_localization_listener
[0.990s] -- Up-to-date: /home/ubuntu/dev_ws/install/robot_localization/lib/robot_localization/test_ros_robot_localization_listener_publisher
[0.990s] -- Up-to-date: /home/ubuntu/dev_ws/install/robot_localization/share/robot_localization/test
[0.990s] -- Up-to-date: /home/ubuntu/dev_ws/install/robot_localization/share/robot_localization/test/test_ros_robot_localization_listener.cpp
[0.990s] -- Up-to-date: /home/ubuntu/dev_ws/install/robot_localization/share/robot_localization/test/test_filter_base.cpp
[0.991s] -- Up-to-date: /home/ubuntu/dev_ws/install/robot_localization/share/robot_localization/test/test_ukf_localization_node_bag1.launch.py
[0.991s] -- Up-to-date: /home/ubuntu/dev_ws/install/robot_localization/share/robot_localization/test/test_filter_base_diagnostics_timestamps.launch.py
[0.991s] -- Up-to-date: /home/ubuntu/dev_ws/install/robot_localization/share/robot_localization/test/test_ekf_localization_node_bag3.yaml
[0.991s] -- Up-to-date: /home/ubuntu/dev_ws/install/robot_localization/share/robot_localization/test/test_ekf_localization_node_bag1.launch.py
[0.991s] -- Up-to-date: /home/ubuntu/dev_ws/install/robot_localization/share/robot_localization/test/test_ukf_localization_node_interfaces.launch.py
[0.991s] -- Up-to-date: /home/ubuntu/dev_ws/install/robot_localization/share/robot_localization/test/test2.bag
[0.991s] -- Up-to-date: /home/ubuntu/dev_ws/install/robot_localization/share/robot_localization/test/test_ukf_localization_node_bag2.launch.py
[0.991s] -- Up-to-date: /home/ubuntu/dev_ws/install/robot_localization/share/robot_localization/test/test_ekf_localization_node_bag3.sh
[0.991s] -- Up-to-date: /home/ubuntu/dev_ws/install/robot_localization/share/robot_localization/test/test_robot_localization_estimator.launch.py
[0.992s] -- Up-to-date: /home/ubuntu/dev_ws/install/robot_localization/share/robot_localization/test/test3.bag
[0.992s] -- Up-to-date: /home/ubuntu/dev_ws/install/robot_localization/share/robot_localization/test/test_ukf_localization_node_interfaces.yaml
[0.992s] -- Up-to-date: /home/ubuntu/dev_ws/install/robot_localization/share/robot_localization/test/test_ros_robot_localization_listener.launch.py
[0.992s] -- Up-to-date: /home/ubuntu/dev_ws/install/robot_localization/share/robot_localization/test/test_ukf_localization_node_bag3.launch.py
[0.993s] -- Up-to-date: /home/ubuntu/dev_ws/install/robot_localization/share/robot_localization/test/test_robot_localization_estimator.cpp
[0.993s] -- Up-to-date: /home/ubuntu/dev_ws/install/robot_localization/share/robot_localization/test/test_ekf_localization_node_interfaces.yaml
[0.993s] -- Up-to-date: /home/ubuntu/dev_ws/install/robot_localization/share/robot_localization/test/test_ekf_localization_node_interfaces.cpp
[0.993s] -- Up-to-date: /home/ubuntu/dev_ws/install/robot_localization/share/robot_localization/test/test_ekf_localization_node_interfaces.launch.py
[0.993s] -- Up-to-date: /home/ubuntu/dev_ws/install/robot_localization/share/robot_localization/test/test_ukf_localization_node_bag1.yaml
[0.993s] -- Up-to-date: /home/ubuntu/dev_ws/install/robot_localization/share/robot_localization/test/test_ukf_localization_node_bag2.sh
[0.993s] -- Up-to-date: /home/ubuntu/dev_ws/install/robot_localization/share/robot_localization/test/test_localization_node_bag_pose_tester.cpp
[0.994s] -- Up-to-date: /home/ubuntu/dev_ws/install/robot_localization/share/robot_localization/test/test_ukf_localization_node_bag1.sh
[0.994s] -- Up-to-date: /home/ubuntu/dev_ws/install/robot_localization/share/robot_localization/test/test_ros_robot_localization_listener.yaml
[0.994s] -- Up-to-date: /home/ubuntu/dev_ws/install/robot_localization/share/robot_localization/test/test_ekf_localization_node_bag1.yaml
[0.994s] -- Up-to-date: /home/ubuntu/dev_ws/install/robot_localization/share/robot_localization/test/test_ekf_localization_node_bag3.launch.py
[0.994s] -- Up-to-date: /home/ubuntu/dev_ws/install/robot_localization/share/robot_localization/test/test_ekf_localization_node_bag2.launch.py
[0.994s] -- Up-to-date: /home/ubuntu/dev_ws/install/robot_localization/share/robot_localization/test/test_filter_base_diagnostics_timestamps.cpp
[0.996s] -- Up-to-date: /home/ubuntu/dev_ws/install/robot_localization/share/robot_localization/test/test_ekf_localization_node_bag2.sh
[0.996s] -- Up-to-date: /home/ubuntu/dev_ws/install/robot_localization/share/robot_localization/test/test_ekf_localization_node_bag1.sh
[0.996s] -- Up-to-date: /home/ubuntu/dev_ws/install/robot_localization/share/robot_localization/test/test_ukf_localization_node_bag3.yaml
[0.996s] -- Up-to-date: /home/ubuntu/dev_ws/install/robot_localization/share/robot_localization/test/test_ukf_localization_node_bag3.sh
[0.997s] -- Up-to-date: /home/ubuntu/dev_ws/install/robot_localization/share/robot_localization/test/test1.bag
[0.997s] -- Up-to-date: /home/ubuntu/dev_ws/install/robot_localization/share/robot_localization/test/test_ekf.cpp
[0.997s] -- Up-to-date: /home/ubuntu/dev_ws/install/robot_localization/share/robot_localization/test/test_filter_base_diagnostics_timestamps.yaml
[0.997s] -- Up-to-date: /home/ubuntu/dev_ws/install/robot_localization/share/robot_localization/test/test_ukf_localization_node_bag2.yaml
[0.997s] -- Up-to-date: /home/ubuntu/dev_ws/install/robot_localization/share/robot_localization/test/test_ukf.cpp
[0.997s] -- Up-to-date: /home/ubuntu/dev_ws/install/robot_localization/share/robot_localization/test/test_ukf_localization_node_interfaces.cpp
[0.998s] -- Up-to-date: /home/ubuntu/dev_ws/install/robot_localization/share/robot_localization/test/test_ekf_localization_node_bag2.yaml
[0.998s] -- Up-to-date: /home/ubuntu/dev_ws/install/robot_localization/share/robot_localization/test/test_ros_robot_localization_listener_publisher.cpp
[0.999s] -- Up-to-date: /home/ubuntu/dev_ws/install/robot_localization/lib/robot_localization/navsat_transform_node
[1.000s] -- Up-to-date: /home/ubuntu/dev_ws/install/robot_localization/lib/robot_localization/ekf_node
[1.000s] -- Up-to-date: /home/ubuntu/dev_ws/install/robot_localization/lib/robot_localization/ukf_node
[1.000s] -- Up-to-date: /home/ubuntu/dev_ws/install/robot_localization/lib/robot_localization/robot_localization_listener_node
[1.000s] -- Up-to-date: /home/ubuntu/dev_ws/install/robot_localization/lib/librl_lib.so
[1.000s] -- Up-to-date: /home/ubuntu/dev_ws/install/robot_localization/share/robot_localization/params
[1.000s] -- Up-to-date: /home/ubuntu/dev_ws/install/robot_localization/share/robot_localization/params/ukf.yaml
[1.000s] -- Up-to-date: /home/ubuntu/dev_ws/install/robot_localization/share/robot_localization/params/ekf.yaml
[1.000s] -- Up-to-date: /home/ubuntu/dev_ws/install/robot_localization/share/robot_localization/params/navsat_transform.yaml
[1.002s] -- Up-to-date: /home/ubuntu/dev_ws/install/robot_localization/share/robot_localization/params/dual_ekf_navsat_example.yaml
[1.002s] -- Up-to-date: /home/ubuntu/dev_ws/install/robot_localization/share/robot_localization/launch
[1.002s] -- Up-to-date: /home/ubuntu/dev_ws/install/robot_localization/share/robot_localization/launch/dual_ekf_navsat_example.launch.py
[1.002s] -- Up-to-date: /home/ubuntu/dev_ws/install/robot_localization/share/robot_localization/launch/ekf.launch.py
[1.003s] -- Up-to-date: /home/ubuntu/dev_ws/install/robot_localization/share/robot_localization/launch/navsat_transform.launch.py
[1.003s] -- Up-to-date: /home/ubuntu/dev_ws/install/robot_localization/share/robot_localization/launch/ukf.launch.py
[1.003s] -- Up-to-date: /home/ubuntu/dev_ws/install/robot_localization/share/ament_index/resource_index/package_run_dependencies/robot_localization
[1.003s] -- Up-to-date: /home/ubuntu/dev_ws/install/robot_localization/share/ament_index/resource_index/parent_prefix_path/robot_localization
[1.003s] -- Up-to-date: /home/ubuntu/dev_ws/install/robot_localization/share/robot_localization/environment/ament_prefix_path.sh
[1.003s] -- Up-to-date: /home/ubuntu/dev_ws/install/robot_localization/share/robot_localization/environment/ament_prefix_path.dsv
[1.003s] -- Up-to-date: /home/ubuntu/dev_ws/install/robot_localization/share/robot_localization/environment/path.sh
[1.003s] -- Up-to-date: /home/ubuntu/dev_ws/install/robot_localization/share/robot_localization/environment/path.dsv
[1.003s] -- Up-to-date: /home/ubuntu/dev_ws/install/robot_localization/share/robot_localization/local_setup.bash
[1.003s] -- Up-to-date: /home/ubuntu/dev_ws/install/robot_localization/share/robot_localization/local_setup.sh
[1.003s] -- Up-to-date: /home/ubuntu/dev_ws/install/robot_localization/share/robot_localization/local_setup.zsh
[1.003s] -- Up-to-date: /home/ubuntu/dev_ws/install/robot_localization/share/robot_localization/local_setup.dsv
[1.003s] -- Installing: /home/ubuntu/dev_ws/install/robot_localization/share/robot_localization/package.dsv
[1.003s] -- Up-to-date: /home/ubuntu/dev_ws/install/robot_localization/share/ament_index/resource_index/packages/robot_localization
[1.003s] -- Up-to-date: /home/ubuntu/dev_ws/install/robot_localization/share/robot_localization/cmake/robot_localization__rosidl_generator_cExport.cmake
[1.004s] -- Up-to-date: /home/ubuntu/dev_ws/install/robot_localization/share/robot_localization/cmake/robot_localization__rosidl_generator_cExport-relwithdebinfo.cmake
[1.004s] -- Up-to-date: /home/ubuntu/dev_ws/install/robot_localization/share/robot_localization/cmake/robot_localization__rosidl_typesupport_introspection_cExport.cmake
[1.004s] -- Up-to-date: /home/ubuntu/dev_ws/install/robot_localization/share/robot_localization/cmake/robot_localization__rosidl_typesupport_introspection_cExport-relwithdebinfo.cmake
[1.004s] -- Up-to-date: /home/ubuntu/dev_ws/install/robot_localization/share/robot_localization/cmake/robot_localization__rosidl_typesupport_cExport.cmake
[1.004s] -- Up-to-date: /home/ubuntu/dev_ws/install/robot_localization/share/robot_localization/cmake/robot_localization__rosidl_typesupport_cExport-relwithdebinfo.cmake
[1.004s] -- Up-to-date: /home/ubuntu/dev_ws/install/robot_localization/share/robot_localization/cmake/robot_localization__rosidl_generator_cppExport.cmake
[1.004s] -- Up-to-date: /home/ubuntu/dev_ws/install/robot_localization/share/robot_localization/cmake/robot_localization__rosidl_typesupport_introspection_cppExport.cmake
[1.004s] -- Up-to-date: /home/ubuntu/dev_ws/install/robot_localization/share/robot_localization/cmake/robot_localization__rosidl_typesupport_introspection_cppExport-relwithdebinfo.cmake
[1.004s] -- Up-to-date: /home/ubuntu/dev_ws/install/robot_localization/share/robot_localization/cmake/robot_localization__rosidl_typesupport_cppExport.cmake
[1.004s] -- Up-to-date: /home/ubuntu/dev_ws/install/robot_localization/share/robot_localization/cmake/robot_localization__rosidl_typesupport_cppExport-relwithdebinfo.cmake
[1.004s] -- Up-to-date: /home/ubuntu/dev_ws/install/robot_localization/share/robot_localization/cmake/rosidl_cmake-extras.cmake
[1.005s] -- Up-to-date: /home/ubuntu/dev_ws/install/robot_localization/share/robot_localization/cmake/ament_cmake_export_dependencies-extras.cmake
[1.005s] -- Up-to-date: /home/ubuntu/dev_ws/install/robot_localization/share/robot_localization/cmake/ament_cmake_export_libraries-extras.cmake
[1.005s] -- Up-to-date: /home/ubuntu/dev_ws/install/robot_localization/share/robot_localization/cmake/ament_cmake_export_targets-extras.cmake
[1.005s] -- Up-to-date: /home/ubuntu/dev_ws/install/robot_localization/share/robot_localization/cmake/ament_cmake_export_include_directories-extras.cmake
[1.005s] -- Up-to-date: /home/ubuntu/dev_ws/install/robot_localization/share/robot_localization/cmake/rosidl_cmake_export_typesupport_libraries-extras.cmake
[1.006s] -- Up-to-date: /home/ubuntu/dev_ws/install/robot_localization/share/robot_localization/cmake/rosidl_cmake_export_typesupport_targets-extras.cmake
[1.006s] -- Up-to-date: /home/ubuntu/dev_ws/install/robot_localization/share/robot_localization/cmake/robot_localizationConfig.cmake
[1.006s] -- Up-to-date: /home/ubuntu/dev_ws/install/robot_localization/share/robot_localization/cmake/robot_localizationConfig-version.cmake
[1.006s] -- Up-to-date: /home/ubuntu/dev_ws/install/robot_localization/share/robot_localization/package.xml
[1.006s] Invoked command in '/home/ubuntu/dev_ws/build/robot_localization' returned '0': CMAKE_PREFIX_PATH=${CMAKE_PREFIX_PATH}:/opt/ros/galactic /usr/bin/cmake --install /home/ubuntu/dev_ws/build/robot_localization
