[0.053s] Invoking command in '/home/ubuntu/dev_ws/build/basic_mobile_robot': CMAKE_PREFIX_PATH=/opt/ros/galactic /usr/bin/cmake --build /home/ubuntu/dev_ws/build/basic_mobile_robot -- -j12 -l12
[0.477s] -- Found ament_cmake: 1.1.5 (/opt/ros/galactic/share/ament_cmake/cmake)
[0.539s] -- Using PYTHON_EXECUTABLE: /usr/bin/python3
[0.759s] -- Found ament_lint_auto: 0.10.7 (/opt/ros/galactic/share/ament_lint_auto/cmake)
[0.927s] -- Added test 'copyright' to check source files copyright and LICENSE
[0.939s] -- Added test 'flake8' to check Python code syntax and style conventions
[0.941s] -- Added test 'lint_cmake' to check CMake code style
[0.943s] -- Added test 'pep257' to check Python code against some of the style conventions in PEP 257
[0.950s] -- Added test 'xmllint' to check XML markup files
[0.960s] -- Configuring done
[0.984s] -- Generating done
[0.986s] -- Build files have been written to: /home/ubuntu/dev_ws/build/basic_mobile_robot
[1.026s] Invoked command in '/home/ubuntu/dev_ws/build/basic_mobile_robot' returned '0': CMAKE_PREFIX_PATH=/opt/ros/galactic /usr/bin/cmake --build /home/ubuntu/dev_ws/build/basic_mobile_robot -- -j12 -l12
[1.086s] Invoking command in '/home/ubuntu/dev_ws/build/basic_mobile_robot': CMAKE_PREFIX_PATH=/opt/ros/galactic /usr/bin/cmake --install /home/ubuntu/dev_ws/build/basic_mobile_robot
[1.097s] -- Install configuration: ""
[1.097s] -- Installing: /home/ubuntu/dev_ws/install/basic_mobile_robot/share/basic_mobile_robot/config
[1.097s] -- Installing: /home/ubuntu/dev_ws/install/basic_mobile_robot/share/basic_mobile_robot/launch
[1.097s] -- Installing: /home/ubuntu/dev_ws/install/basic_mobile_robot/share/basic_mobile_robot/launch/basic_mobile_bot_v1.launch.py
[1.098s] -- Installing: /home/ubuntu/dev_ws/install/basic_mobile_robot/share/basic_mobile_robot/maps
[1.098s] -- Installing: /home/ubuntu/dev_ws/install/basic_mobile_robot/share/basic_mobile_robot/meshes
[1.098s] -- Installing: /home/ubuntu/dev_ws/install/basic_mobile_robot/share/basic_mobile_robot/meshes/elbow.stl-20221106T080452Z-001
[1.098s] -- Installing: /home/ubuntu/dev_ws/install/basic_mobile_robot/share/basic_mobile_robot/meshes/elbow.stl-20221106T080452Z-001/elbow.stl
[1.098s] -- Installing: /home/ubuntu/dev_ws/install/basic_mobile_robot/share/basic_mobile_robot/meshes/wheel.stl-20221106T080454Z-001
[1.098s] -- Installing: /home/ubuntu/dev_ws/install/basic_mobile_robot/share/basic_mobile_robot/meshes/wheel.stl-20221106T080454Z-001/wheel.stl
[1.099s] -- Installing: /home/ubuntu/dev_ws/install/basic_mobile_robot/share/basic_mobile_robot/meshes/arm_base.stl-20221106T080452Z-001
[1.099s] -- Installing: /home/ubuntu/dev_ws/install/basic_mobile_robot/share/basic_mobile_robot/meshes/arm_base.stl-20221106T080452Z-001/arm_base.stl
[1.099s] -- Installing: /home/ubuntu/dev_ws/install/basic_mobile_robot/share/basic_mobile_robot/meshes/wrist.stl-20221106T080455Z-001
[1.099s] -- Installing: /home/ubuntu/dev_ws/install/basic_mobile_robot/share/basic_mobile_robot/meshes/wrist.stl-20221106T080455Z-001/wrist.stl
[1.099s] -- Installing: /home/ubuntu/dev_ws/install/basic_mobile_robot/share/basic_mobile_robot/meshes/bicep.stl-20221106T080452Z-001
[1.100s] -- Installing: /home/ubuntu/dev_ws/install/basic_mobile_robot/share/basic_mobile_robot/meshes/bicep.stl-20221106T080452Z-001/bicep.stl
[1.100s] -- Installing: /home/ubuntu/dev_ws/install/basic_mobile_robot/share/basic_mobile_robot/meshes/robot_base.stl-20221106T080452Z-001
[1.101s] -- Installing: /home/ubuntu/dev_ws/install/basic_mobile_robot/share/basic_mobile_robot/meshes/robot_base.stl-20221106T080452Z-001/robot_base.stl
[1.101s] -- Installing: /home/ubuntu/dev_ws/install/basic_mobile_robot/share/basic_mobile_robot/models
[1.101s] -- Installing: /home/ubuntu/dev_ws/install/basic_mobile_robot/share/basic_mobile_robot/models/basic_mobile_bot_v1.urdf
[1.101s] -- Installing: /home/ubuntu/dev_ws/install/basic_mobile_robot/share/basic_mobile_robot/params
[1.102s] -- Installing: /home/ubuntu/dev_ws/install/basic_mobile_robot/share/basic_mobile_robot/rviz
[1.102s] -- Installing: /home/ubuntu/dev_ws/install/basic_mobile_robot/share/basic_mobile_robot/rviz/urdf_config.rviz
[1.102s] -- Installing: /home/ubuntu/dev_ws/install/basic_mobile_robot/share/basic_mobile_robot/src
[1.103s] -- Installing: /home/ubuntu/dev_ws/install/basic_mobile_robot/share/basic_mobile_robot/worlds
[1.103s] -- Installing: /home/ubuntu/dev_ws/install/basic_mobile_robot/share/ament_index/resource_index/package_run_dependencies/basic_mobile_robot
[1.103s] -- Up-to-date: /home/ubuntu/dev_ws/install/basic_mobile_robot/share/ament_index/resource_index/parent_prefix_path/basic_mobile_robot
[1.103s] -- Up-to-date: /home/ubuntu/dev_ws/install/basic_mobile_robot/share/basic_mobile_robot/environment/ament_prefix_path.sh
[1.103s] -- Installing: /home/ubuntu/dev_ws/install/basic_mobile_robot/share/basic_mobile_robot/environment/ament_prefix_path.dsv
[1.104s] -- Up-to-date: /home/ubuntu/dev_ws/install/basic_mobile_robot/share/basic_mobile_robot/environment/path.sh
[1.104s] -- Installing: /home/ubuntu/dev_ws/install/basic_mobile_robot/share/basic_mobile_robot/environment/path.dsv
[1.104s] -- Up-to-date: /home/ubuntu/dev_ws/install/basic_mobile_robot/share/basic_mobile_robot/local_setup.bash
[1.104s] -- Up-to-date: /home/ubuntu/dev_ws/install/basic_mobile_robot/share/basic_mobile_robot/local_setup.sh
[1.104s] -- Up-to-date: /home/ubuntu/dev_ws/install/basic_mobile_robot/share/basic_mobile_robot/local_setup.zsh
[1.104s] -- Installing: /home/ubuntu/dev_ws/install/basic_mobile_robot/share/basic_mobile_robot/local_setup.dsv
[1.105s] -- Installing: /home/ubuntu/dev_ws/install/basic_mobile_robot/share/basic_mobile_robot/package.dsv
[1.105s] -- Up-to-date: /home/ubuntu/dev_ws/install/basic_mobile_robot/share/ament_index/resource_index/packages/basic_mobile_robot
[1.105s] -- Up-to-date: /home/ubuntu/dev_ws/install/basic_mobile_robot/share/basic_mobile_robot/cmake/basic_mobile_robotConfig.cmake
[1.105s] -- Up-to-date: /home/ubuntu/dev_ws/install/basic_mobile_robot/share/basic_mobile_robot/cmake/basic_mobile_robotConfig-version.cmake
[1.105s] -- Installing: /home/ubuntu/dev_ws/install/basic_mobile_robot/share/basic_mobile_robot/package.xml
[1.108s] Invoked command in '/home/ubuntu/dev_ws/build/basic_mobile_robot' returned '0': CMAKE_PREFIX_PATH=/opt/ros/galactic /usr/bin/cmake --install /home/ubuntu/dev_ws/build/basic_mobile_robot
