[2.717s] Invoking command in '/home/ubuntu/dev_ws/build/robot_localization': CMAKE_PREFIX_PATH=${CMAKE_PREFIX_PATH}:/opt/ros/galactic /usr/bin/cmake --build /home/ubuntu/dev_ws/build/robot_localization -- -j12 -l12
[7.150s] [  2%] Built target gtest
[7.470s] [  4%] Built target gtest_main
[10.150s] [ 11%] Built target robot_localization__rosidl_generator_c
[10.678s] [ 11%] Built target robot_localization__cpp
[11.489s] [ 18%] Built target robot_localization__rosidl_typesupport_introspection_c
[13.829s] [ 25%] Built target robot_localization__rosidl_typesupport_introspection_cpp
[15.637s] [ 32%] Built target robot_localization__rosidl_typesupport_fastrtps_cpp
[17.151s] [ 39%] Built target robot_localization__rosidl_typesupport_cpp
[18.950s] [ 46%] Built target robot_localization__rosidl_typesupport_fastrtps_c
[19.509s] [ 53%] Built target robot_localization__rosidl_typesupport_c
[19.697s] [ 53%] Built target robot_localization
[23.882s] [ 62%] Built target rl_lib
[24.494s] [ 63%] Built target robot_localization__py
[25.049s] [ 65%] Built target robot_localization_listener_node
[26.086s] [ 72%] Built target robot_localization__python
[26.445s] [ 74%] Built target navsat_transform_node
[27.200s] [ 76%] Built target robot_localization__rosidl_typesupport_c__pyext
[30.496s] [ 78%] Built target robot_localization__rosidl_typesupport_introspection_c__pyext
[32.247s] [ 80%] Built target robot_localization__rosidl_typesupport_fastrtps_c__pyext
[32.498s] [ 82%] Built target filter_base-test
[32.778s] [ 84%] Built target test_ukf
[33.910s] [ 86%] Built target test_ros_robot_localization_listener
[35.124s] [ 87%] Built target ekf_node
[36.004s] [ 88%] Built target test_robot_localization_estimator
[36.787s] [ 90%] Built target test_filter_base_diagnostics_timestamps
[37.677s] [ 92%] Built target test_ekf_localization_node_interfaces
[40.020s] [ 94%] Built target ukf_node
[41.336s] [ 96%] Built target test_ekf
[42.979s] [ 98%] Built target test_ukf_localization_node_interfaces
[43.753s] [100%] Built target test_ros_robot_localization_listener_publisher
[43.776s] Invoked command in '/home/ubuntu/dev_ws/build/robot_localization' returned '0': CMAKE_PREFIX_PATH=${CMAKE_PREFIX_PATH}:/opt/ros/galactic /usr/bin/cmake --build /home/ubuntu/dev_ws/build/robot_localization -- -j12 -l12
[44.153s] Invoking command in '/home/ubuntu/dev_ws/build/robot_localization': CMAKE_PREFIX_PATH=${CMAKE_PREFIX_PATH}:/opt/ros/galactic /usr/bin/cmake --install /home/ubuntu/dev_ws/build/robot_localization
[44.468s] -- Install configuration: "RelWithDebInfo"
[44.525s] -- Up-to-date: /home/ubuntu/dev_ws/install/robot_localization/share/ament_index/resource_index/rosidl_interfaces/robot_localization
[44.793s] -- Up-to-date: /home/ubuntu/dev_ws/install/robot_localization/include/robot_localization
[44.844s] -- Up-to-date: /home/ubuntu/dev_ws/install/robot_localization/include/robot_localization/msg
[44.894s] -- Up-to-date: /home/ubuntu/dev_ws/install/robot_localization/include/robot_localization/msg/rosidl_generator_c__visibility_control.h
[44.894s] -- Up-to-date: /home/ubuntu/dev_ws/install/robot_localization/include/robot_localization/srv
[44.954s] -- Up-to-date: /home/ubuntu/dev_ws/install/robot_localization/include/robot_localization/srv/set_pose.h
[44.954s] -- Up-to-date: /home/ubuntu/dev_ws/install/robot_localization/include/robot_localization/srv/to_ll.h
[44.955s] -- Up-to-date: /home/ubuntu/dev_ws/install/robot_localization/include/robot_localization/srv/get_state.h
[44.955s] -- Up-to-date: /home/ubuntu/dev_ws/install/robot_localization/include/robot_localization/srv/set_datum.h
[44.955s] -- Up-to-date: /home/ubuntu/dev_ws/install/robot_localization/include/robot_localization/srv/from_ll.h
[44.955s] -- Up-to-date: /home/ubuntu/dev_ws/install/robot_localization/include/robot_localization/srv/detail
[45.009s] -- Up-to-date: /home/ubuntu/dev_ws/install/robot_localization/include/robot_localization/srv/detail/toggle_filter_processing__struct.h
[45.010s] -- Up-to-date: /home/ubuntu/dev_ws/install/robot_localization/include/robot_localization/srv/detail/set_datum__type_support.h
[45.010s] -- Up-to-date: /home/ubuntu/dev_ws/install/robot_localization/include/robot_localization/srv/detail/get_state__functions.h
[45.010s] -- Up-to-date: /home/ubuntu/dev_ws/install/robot_localization/include/robot_localization/srv/detail/toggle_filter_processing__functions.c
[45.010s] -- Up-to-date: /home/ubuntu/dev_ws/install/robot_localization/include/robot_localization/srv/detail/to_ll__functions.h
[45.011s] -- Up-to-date: /home/ubuntu/dev_ws/install/robot_localization/include/robot_localization/srv/detail/from_ll__functions.h
[45.011s] -- Up-to-date: /home/ubuntu/dev_ws/install/robot_localization/include/robot_localization/srv/detail/get_state__functions.c
[45.011s] -- Up-to-date: /home/ubuntu/dev_ws/install/robot_localization/include/robot_localization/srv/detail/to_ll__struct.h
[45.011s] -- Up-to-date: /home/ubuntu/dev_ws/install/robot_localization/include/robot_localization/srv/detail/set_datum__functions.c
[45.012s] -- Up-to-date: /home/ubuntu/dev_ws/install/robot_localization/include/robot_localization/srv/detail/from_ll__functions.c
[45.012s] -- Up-to-date: /home/ubuntu/dev_ws/install/robot_localization/include/robot_localization/srv/detail/get_state__type_support.h
[45.012s] -- Up-to-date: /home/ubuntu/dev_ws/install/robot_localization/include/robot_localization/srv/detail/toggle_filter_processing__type_support.h
[45.012s] -- Up-to-date: /home/ubuntu/dev_ws/install/robot_localization/include/robot_localization/srv/detail/set_pose__type_support.h
[45.012s] -- Up-to-date: /home/ubuntu/dev_ws/install/robot_localization/include/robot_localization/srv/detail/set_pose__struct.h
[45.013s] -- Up-to-date: /home/ubuntu/dev_ws/install/robot_localization/include/robot_localization/srv/detail/from_ll__type_support.h
[45.013s] -- Up-to-date: /home/ubuntu/dev_ws/install/robot_localization/include/robot_localization/srv/detail/set_datum__functions.h
[45.013s] -- Up-to-date: /home/ubuntu/dev_ws/install/robot_localization/include/robot_localization/srv/detail/toggle_filter_processing__functions.h
[45.013s] -- Up-to-date: /home/ubuntu/dev_ws/install/robot_localization/include/robot_localization/srv/detail/to_ll__functions.c
[45.013s] -- Up-to-date: /home/ubuntu/dev_ws/install/robot_localization/include/robot_localization/srv/detail/set_pose__functions.c
[45.013s] -- Up-to-date: /home/ubuntu/dev_ws/install/robot_localization/include/robot_localization/srv/detail/set_pose__functions.h
[45.014s] -- Up-to-date: /home/ubuntu/dev_ws/install/robot_localization/include/robot_localization/srv/detail/from_ll__struct.h
[45.014s] -- Up-to-date: /home/ubuntu/dev_ws/install/robot_localization/include/robot_localization/srv/detail/set_datum__struct.h
[45.014s] -- Up-to-date: /home/ubuntu/dev_ws/install/robot_localization/include/robot_localization/srv/detail/get_state__struct.h
[45.014s] -- Up-to-date: /home/ubuntu/dev_ws/install/robot_localization/include/robot_localization/srv/detail/to_ll__type_support.h
[45.014s] -- Up-to-date: /home/ubuntu/dev_ws/install/robot_localization/include/robot_localization/srv/toggle_filter_processing.h
[45.015s] -- Up-to-date: /home/ubuntu/dev_ws/install/robot_localization/share/robot_localization/environment/library_path.sh
[45.015s] -- Up-to-date: /home/ubuntu/dev_ws/install/robot_localization/share/robot_localization/environment/library_path.dsv
[45.851s] -- Up-to-date: /home/ubuntu/dev_ws/install/robot_localization/lib/librobot_localization__rosidl_generator_c.so
[45.851s] -- Up-to-date: /home/ubuntu/dev_ws/install/robot_localization/include/robot_localization
[45.852s] -- Up-to-date: /home/ubuntu/dev_ws/install/robot_localization/include/robot_localization/msg
[45.852s] -- Up-to-date: /home/ubuntu/dev_ws/install/robot_localization/include/robot_localization/msg/rosidl_typesupport_fastrtps_c__visibility_control.h
[45.853s] -- Up-to-date: /home/ubuntu/dev_ws/install/robot_localization/include/robot_localization/srv
[45.853s] -- Up-to-date: /home/ubuntu/dev_ws/install/robot_localization/include/robot_localization/srv/detail
[45.853s] -- Up-to-date: /home/ubuntu/dev_ws/install/robot_localization/include/robot_localization/srv/detail/toggle_filter_processing__rosidl_typesupport_fastrtps_c.h
[45.853s] -- Up-to-date: /home/ubuntu/dev_ws/install/robot_localization/include/robot_localization/srv/detail/get_state__rosidl_typesupport_fastrtps_c.h
[45.853s] -- Up-to-date: /home/ubuntu/dev_ws/install/robot_localization/include/robot_localization/srv/detail/to_ll__rosidl_typesupport_fastrtps_c.h
[45.853s] -- Up-to-date: /home/ubuntu/dev_ws/install/robot_localization/include/robot_localization/srv/detail/from_ll__rosidl_typesupport_fastrtps_c.h
[45.854s] -- Up-to-date: /home/ubuntu/dev_ws/install/robot_localization/include/robot_localization/srv/detail/set_pose__rosidl_typesupport_fastrtps_c.h
[45.854s] -- Up-to-date: /home/ubuntu/dev_ws/install/robot_localization/include/robot_localization/srv/detail/set_datum__rosidl_typesupport_fastrtps_c.h
[46.864s] -- Up-to-date: /home/ubuntu/dev_ws/install/robot_localization/lib/librobot_localization__rosidl_typesupport_fastrtps_c.so
[46.864s] -- Up-to-date: /home/ubuntu/dev_ws/install/robot_localization/include/robot_localization
[46.865s] -- Up-to-date: /home/ubuntu/dev_ws/install/robot_localization/include/robot_localization/msg
[46.865s] -- Up-to-date: /home/ubuntu/dev_ws/install/robot_localization/include/robot_localization/msg/rosidl_typesupport_fastrtps_cpp__visibility_control.h
[46.865s] -- Up-to-date: /home/ubuntu/dev_ws/install/robot_localization/include/robot_localization/srv
[46.866s] -- Up-to-date: /home/ubuntu/dev_ws/install/robot_localization/include/robot_localization/srv/detail
[46.866s] -- Up-to-date: /home/ubuntu/dev_ws/install/robot_localization/include/robot_localization/srv/detail/dds_fastrtps
[46.866s] -- Up-to-date: /home/ubuntu/dev_ws/install/robot_localization/include/robot_localization/srv/detail/set_datum__rosidl_typesupport_fastrtps_cpp.hpp
[46.866s] -- Up-to-date: /home/ubuntu/dev_ws/install/robot_localization/include/robot_localization/srv/detail/from_ll__rosidl_typesupport_fastrtps_cpp.hpp
[46.866s] -- Up-to-date: /home/ubuntu/dev_ws/install/robot_localization/include/robot_localization/srv/detail/set_pose__rosidl_typesupport_fastrtps_cpp.hpp
[46.866s] -- Up-to-date: /home/ubuntu/dev_ws/install/robot_localization/include/robot_localization/srv/detail/to_ll__rosidl_typesupport_fastrtps_cpp.hpp
[46.867s] -- Up-to-date: /home/ubuntu/dev_ws/install/robot_localization/include/robot_localization/srv/detail/get_state__rosidl_typesupport_fastrtps_cpp.hpp
[46.867s] -- Up-to-date: /home/ubuntu/dev_ws/install/robot_localization/include/robot_localization/srv/detail/toggle_filter_processing__rosidl_typesupport_fastrtps_cpp.hpp
[46.976s] -- Up-to-date: /home/ubuntu/dev_ws/install/robot_localization/lib/librobot_localization__rosidl_typesupport_fastrtps_cpp.so
[46.977s] -- Up-to-date: /home/ubuntu/dev_ws/install/robot_localization/include/robot_localization
[46.978s] -- Up-to-date: /home/ubuntu/dev_ws/install/robot_localization/include/robot_localization/msg
[46.978s] -- Up-to-date: /home/ubuntu/dev_ws/install/robot_localization/include/robot_localization/msg/rosidl_typesupport_introspection_c__visibility_control.h
[46.978s] -- Up-to-date: /home/ubuntu/dev_ws/install/robot_localization/include/robot_localization/srv
[46.978s] -- Up-to-date: /home/ubuntu/dev_ws/install/robot_localization/include/robot_localization/srv/detail
[46.979s] -- Up-to-date: /home/ubuntu/dev_ws/install/robot_localization/include/robot_localization/srv/detail/toggle_filter_processing__type_support.c
[46.979s] -- Up-to-date: /home/ubuntu/dev_ws/install/robot_localization/include/robot_localization/srv/detail/from_ll__rosidl_typesupport_introspection_c.h
[46.979s] -- Up-to-date: /home/ubuntu/dev_ws/install/robot_localization/include/robot_localization/srv/detail/set_pose__rosidl_typesupport_introspection_c.h
[46.980s] -- Up-to-date: /home/ubuntu/dev_ws/install/robot_localization/include/robot_localization/srv/detail/set_datum__rosidl_typesupport_introspection_c.h
[46.980s] -- Up-to-date: /home/ubuntu/dev_ws/install/robot_localization/include/robot_localization/srv/detail/to_ll__rosidl_typesupport_introspection_c.h
[46.980s] -- Up-to-date: /home/ubuntu/dev_ws/install/robot_localization/include/robot_localization/srv/detail/to_ll__type_support.c
[46.980s] -- Up-to-date: /home/ubuntu/dev_ws/install/robot_localization/include/robot_localization/srv/detail/get_state__rosidl_typesupport_introspection_c.h
[46.980s] -- Up-to-date: /home/ubuntu/dev_ws/install/robot_localization/include/robot_localization/srv/detail/toggle_filter_processing__rosidl_typesupport_introspection_c.h
[46.980s] -- Up-to-date: /home/ubuntu/dev_ws/install/robot_localization/include/robot_localization/srv/detail/get_state__type_support.c
[46.981s] -- Up-to-date: /home/ubuntu/dev_ws/install/robot_localization/include/robot_localization/srv/detail/set_pose__type_support.c
[46.981s] -- Up-to-date: /home/ubuntu/dev_ws/install/robot_localization/include/robot_localization/srv/detail/from_ll__type_support.c
[46.981s] -- Up-to-date: /home/ubuntu/dev_ws/install/robot_localization/include/robot_localization/srv/detail/set_datum__type_support.c
[47.175s] -- Up-to-date: /home/ubuntu/dev_ws/install/robot_localization/lib/librobot_localization__rosidl_typesupport_introspection_c.so
[47.304s] -- Up-to-date: /home/ubuntu/dev_ws/install/robot_localization/lib/librobot_localization__rosidl_typesupport_c.so
[47.304s] -- Up-to-date: /home/ubuntu/dev_ws/install/robot_localization/include/robot_localization
[47.304s] -- Up-to-date: /home/ubuntu/dev_ws/install/robot_localization/include/robot_localization/srv
[47.304s] -- Up-to-date: /home/ubuntu/dev_ws/install/robot_localization/include/robot_localization/srv/set_datum.hpp
[47.305s] -- Up-to-date: /home/ubuntu/dev_ws/install/robot_localization/include/robot_localization/srv/to_ll.hpp
[47.305s] -- Up-to-date: /home/ubuntu/dev_ws/install/robot_localization/include/robot_localization/srv/toggle_filter_processing.hpp
[47.305s] -- Up-to-date: /home/ubuntu/dev_ws/install/robot_localization/include/robot_localization/srv/from_ll.hpp
[47.306s] -- Up-to-date: /home/ubuntu/dev_ws/install/robot_localization/include/robot_localization/srv/get_state.hpp
[47.306s] -- Up-to-date: /home/ubuntu/dev_ws/install/robot_localization/include/robot_localization/srv/detail
[47.306s] -- Up-to-date: /home/ubuntu/dev_ws/install/robot_localization/include/robot_localization/srv/detail/to_ll__struct.hpp
[47.306s] -- Up-to-date: /home/ubuntu/dev_ws/install/robot_localization/include/robot_localization/srv/detail/set_datum__traits.hpp
[47.306s] -- Up-to-date: /home/ubuntu/dev_ws/install/robot_localization/include/robot_localization/srv/detail/set_pose__builder.hpp
[47.307s] -- Up-to-date: /home/ubuntu/dev_ws/install/robot_localization/include/robot_localization/srv/detail/to_ll__traits.hpp
[47.307s] -- Up-to-date: /home/ubuntu/dev_ws/install/robot_localization/include/robot_localization/srv/detail/from_ll__traits.hpp
[47.307s] -- Up-to-date: /home/ubuntu/dev_ws/install/robot_localization/include/robot_localization/srv/detail/from_ll__builder.hpp
[47.307s] -- Up-to-date: /home/ubuntu/dev_ws/install/robot_localization/include/robot_localization/srv/detail/get_state__builder.hpp
[47.307s] -- Up-to-date: /home/ubuntu/dev_ws/install/robot_localization/include/robot_localization/srv/detail/from_ll__struct.hpp
[47.307s] -- Up-to-date: /home/ubuntu/dev_ws/install/robot_localization/include/robot_localization/srv/detail/to_ll__builder.hpp
[47.441s] -- Up-to-date: /home/ubuntu/dev_ws/install/robot_localization/include/robot_localization/srv/detail/toggle_filter_processing__traits.hpp
[47.441s] -- Up-to-date: /home/ubuntu/dev_ws/install/robot_localization/include/robot_localization/srv/detail/toggle_filter_processing__struct.hpp
[47.442s] -- Up-to-date: /home/ubuntu/dev_ws/install/robot_localization/include/robot_localization/srv/detail/set_pose__traits.hpp
[47.442s] -- Up-to-date: /home/ubuntu/dev_ws/install/robot_localization/include/robot_localization/srv/detail/get_state__struct.hpp
[47.442s] -- Up-to-date: /home/ubuntu/dev_ws/install/robot_localization/include/robot_localization/srv/detail/set_datum__builder.hpp
[47.443s] -- Up-to-date: /home/ubuntu/dev_ws/install/robot_localization/include/robot_localization/srv/detail/get_state__traits.hpp
[47.443s] -- Up-to-date: /home/ubuntu/dev_ws/install/robot_localization/include/robot_localization/srv/detail/toggle_filter_processing__builder.hpp
[47.443s] -- Up-to-date: /home/ubuntu/dev_ws/install/robot_localization/include/robot_localization/srv/detail/set_pose__struct.hpp
[47.443s] -- Up-to-date: /home/ubuntu/dev_ws/install/robot_localization/include/robot_localization/srv/detail/set_datum__struct.hpp
[47.443s] -- Up-to-date: /home/ubuntu/dev_ws/install/robot_localization/include/robot_localization/srv/set_pose.hpp
[47.443s] -- Up-to-date: /home/ubuntu/dev_ws/install/robot_localization/include/robot_localization
[47.444s] -- Up-to-date: /home/ubuntu/dev_ws/install/robot_localization/include/robot_localization/srv
[47.444s] -- Up-to-date: /home/ubuntu/dev_ws/install/robot_localization/include/robot_localization/srv/detail
[47.444s] -- Up-to-date: /home/ubuntu/dev_ws/install/robot_localization/include/robot_localization/srv/detail/set_pose__type_support.cpp
[47.444s] -- Up-to-date: /home/ubuntu/dev_ws/install/robot_localization/include/robot_localization/srv/detail/set_datum__rosidl_typesupport_introspection_cpp.hpp
[47.444s] -- Up-to-date: /home/ubuntu/dev_ws/install/robot_localization/include/robot_localization/srv/detail/from_ll__rosidl_typesupport_introspection_cpp.hpp
[47.444s] -- Up-to-date: /home/ubuntu/dev_ws/install/robot_localization/include/robot_localization/srv/detail/get_state__rosidl_typesupport_introspection_cpp.hpp
[47.445s] -- Up-to-date: /home/ubuntu/dev_ws/install/robot_localization/include/robot_localization/srv/detail/from_ll__type_support.cpp
[47.445s] -- Up-to-date: /home/ubuntu/dev_ws/install/robot_localization/include/robot_localization/srv/detail/get_state__type_support.cpp
[47.445s] -- Up-to-date: /home/ubuntu/dev_ws/install/robot_localization/include/robot_localization/srv/detail/to_ll__rosidl_typesupport_introspection_cpp.hpp
[47.445s] -- Up-to-date: /home/ubuntu/dev_ws/install/robot_localization/include/robot_localization/srv/detail/set_pose__rosidl_typesupport_introspection_cpp.hpp
[47.445s] -- Up-to-date: /home/ubuntu/dev_ws/install/robot_localization/include/robot_localization/srv/detail/set_datum__type_support.cpp
[47.446s] -- Up-to-date: /home/ubuntu/dev_ws/install/robot_localization/include/robot_localization/srv/detail/to_ll__type_support.cpp
[47.446s] -- Up-to-date: /home/ubuntu/dev_ws/install/robot_localization/include/robot_localization/srv/detail/toggle_filter_processing__type_support.cpp
[47.446s] -- Up-to-date: /home/ubuntu/dev_ws/install/robot_localization/include/robot_localization/srv/detail/toggle_filter_processing__rosidl_typesupport_introspection_cpp.hpp
[47.624s] -- Up-to-date: /home/ubuntu/dev_ws/install/robot_localization/lib/librobot_localization__rosidl_typesupport_introspection_cpp.so
[47.732s] -- Up-to-date: /home/ubuntu/dev_ws/install/robot_localization/lib/librobot_localization__rosidl_typesupport_cpp.so
[47.732s] -- Up-to-date: /home/ubuntu/dev_ws/install/robot_localization/share/robot_localization/environment/pythonpath.sh
[47.733s] -- Up-to-date: /home/ubuntu/dev_ws/install/robot_localization/share/robot_localization/environment/pythonpath.dsv
[47.767s] -- Up-to-date: /home/ubuntu/dev_ws/install/robot_localization/lib/python3.8/site-packages/robot_localization/__init__.py
[47.834s] -- Up-to-date: /home/ubuntu/dev_ws/install/robot_localization/lib/python3.8/site-packages/robot_localization/srv
[47.865s] -- Up-to-date: /home/ubuntu/dev_ws/install/robot_localization/lib/python3.8/site-packages/robot_localization/srv/_from_ll.py
[47.866s] -- Up-to-date: /home/ubuntu/dev_ws/install/robot_localization/lib/python3.8/site-packages/robot_localization/srv/_set_datum_s.c
[47.866s] -- Up-to-date: /home/ubuntu/dev_ws/install/robot_localization/lib/python3.8/site-packages/robot_localization/srv/_toggle_filter_processing.py
[47.866s] -- Up-to-date: /home/ubuntu/dev_ws/install/robot_localization/lib/python3.8/site-packages/robot_localization/srv/_set_datum.py
[47.867s] -- Up-to-date: /home/ubuntu/dev_ws/install/robot_localization/lib/python3.8/site-packages/robot_localization/srv/_from_ll_s.c
[47.867s] -- Up-to-date: /home/ubuntu/dev_ws/install/robot_localization/lib/python3.8/site-packages/robot_localization/srv/_get_state_s.c
[47.867s] -- Up-to-date: /home/ubuntu/dev_ws/install/robot_localization/lib/python3.8/site-packages/robot_localization/srv/_to_ll_s.c
[47.867s] -- Up-to-date: /home/ubuntu/dev_ws/install/robot_localization/lib/python3.8/site-packages/robot_localization/srv/__init__.py
[47.867s] -- Up-to-date: /home/ubuntu/dev_ws/install/robot_localization/lib/python3.8/site-packages/robot_localization/srv/_set_pose.py
[47.867s] -- Up-to-date: /home/ubuntu/dev_ws/install/robot_localization/lib/python3.8/site-packages/robot_localization/srv/_set_pose_s.c
[47.868s] -- Up-to-date: /home/ubuntu/dev_ws/install/robot_localization/lib/python3.8/site-packages/robot_localization/srv/_toggle_filter_processing_s.c
[47.868s] -- Up-to-date: /home/ubuntu/dev_ws/install/robot_localization/lib/python3.8/site-packages/robot_localization/srv/_get_state.py
[47.868s] -- Up-to-date: /home/ubuntu/dev_ws/install/robot_localization/lib/python3.8/site-packages/robot_localization/srv/_to_ll.py
[47.979s] -- Up-to-date: /home/ubuntu/dev_ws/install/robot_localization/lib/python3.8/site-packages/robot_localization/robot_localization_s__rosidl_typesupport_fastrtps_c.cpython-38-x86_64-linux-gnu.so
[48.285s] -- Up-to-date: /home/ubuntu/dev_ws/install/robot_localization/lib/python3.8/site-packages/robot_localization/robot_localization_s__rosidl_typesupport_introspection_c.cpython-38-x86_64-linux-gnu.so
[48.370s] -- Up-to-date: /home/ubuntu/dev_ws/install/robot_localization/lib/python3.8/site-packages/robot_localization/robot_localization_s__rosidl_typesupport_c.cpython-38-x86_64-linux-gnu.so
[48.549s] -- Up-to-date: /home/ubuntu/dev_ws/install/robot_localization/lib/librobot_localization__python.so
[48.585s] -- Up-to-date: /home/ubuntu/dev_ws/install/robot_localization/share/robot_localization/srv/FromLL.idl
[48.585s] -- Up-to-date: /home/ubuntu/dev_ws/install/robot_localization/share/robot_localization/srv/GetState.idl
[48.586s] -- Up-to-date: /home/ubuntu/dev_ws/install/robot_localization/share/robot_localization/srv/SetDatum.idl
[48.586s] -- Up-to-date: /home/ubuntu/dev_ws/install/robot_localization/share/robot_localization/srv/SetPose.idl
[48.586s] -- Up-to-date: /home/ubuntu/dev_ws/install/robot_localization/share/robot_localization/srv/ToggleFilterProcessing.idl
[48.586s] -- Up-to-date: /home/ubuntu/dev_ws/install/robot_localization/share/robot_localization/srv/ToLL.idl
[48.586s] -- Up-to-date: /home/ubuntu/dev_ws/install/robot_localization/share/robot_localization/srv/FromLL.srv
[48.586s] -- Up-to-date: /home/ubuntu/dev_ws/install/robot_localization/share/robot_localization/srv/FromLL_Request.msg
[48.587s] -- Up-to-date: /home/ubuntu/dev_ws/install/robot_localization/share/robot_localization/srv/FromLL_Response.msg
[48.587s] -- Up-to-date: /home/ubuntu/dev_ws/install/robot_localization/share/robot_localization/srv/GetState.srv
[48.587s] -- Up-to-date: /home/ubuntu/dev_ws/install/robot_localization/share/robot_localization/srv/GetState_Request.msg
[48.587s] -- Up-to-date: /home/ubuntu/dev_ws/install/robot_localization/share/robot_localization/srv/GetState_Response.msg
[48.587s] -- Up-to-date: /home/ubuntu/dev_ws/install/robot_localization/share/robot_localization/srv/SetDatum.srv
[48.588s] -- Up-to-date: /home/ubuntu/dev_ws/install/robot_localization/share/robot_localization/srv/SetDatum_Request.msg
[48.588s] -- Up-to-date: /home/ubuntu/dev_ws/install/robot_localization/share/robot_localization/srv/SetDatum_Response.msg
[48.588s] -- Up-to-date: /home/ubuntu/dev_ws/install/robot_localization/share/robot_localization/srv/SetPose.srv
[48.588s] -- Up-to-date: /home/ubuntu/dev_ws/install/robot_localization/share/robot_localization/srv/SetPose_Request.msg
[48.588s] -- Up-to-date: /home/ubuntu/dev_ws/install/robot_localization/share/robot_localization/srv/SetPose_Response.msg
[48.588s] -- Up-to-date: /home/ubuntu/dev_ws/install/robot_localization/share/robot_localization/srv/ToggleFilterProcessing.srv
[48.589s] -- Up-to-date: /home/ubuntu/dev_ws/install/robot_localization/share/robot_localization/srv/ToggleFilterProcessing_Request.msg
[48.589s] -- Up-to-date: /home/ubuntu/dev_ws/install/robot_localization/share/robot_localization/srv/ToggleFilterProcessing_Response.msg
[48.589s] -- Up-to-date: /home/ubuntu/dev_ws/install/robot_localization/share/robot_localization/srv/ToLL.srv
[48.589s] -- Up-to-date: /home/ubuntu/dev_ws/install/robot_localization/share/robot_localization/srv/ToLL_Request.msg
[48.589s] -- Up-to-date: /home/ubuntu/dev_ws/install/robot_localization/share/robot_localization/srv/ToLL_Response.msg
[48.947s] -- Up-to-date: /home/ubuntu/dev_ws/install/robot_localization/lib/robot_localization/filter_base-test
[49.915s] -- Up-to-date: /home/ubuntu/dev_ws/install/robot_localization/lib/robot_localization/test_filter_base_diagnostics_timestamps
[50.420s] -- Up-to-date: /home/ubuntu/dev_ws/install/robot_localization/lib/robot_localization/test_ekf
[50.693s] -- Up-to-date: /home/ubuntu/dev_ws/install/robot_localization/lib/robot_localization/test_ekf_localization_node_interfaces
[50.908s] -- Up-to-date: /home/ubuntu/dev_ws/install/robot_localization/lib/robot_localization/test_ukf
[50.909s] -- Up-to-date: /home/ubuntu/dev_ws/install/robot_localization/lib/robot_localization/test_ukf_localization_node_interfaces
[50.910s] -- Up-to-date: /home/ubuntu/dev_ws/install/robot_localization/lib/robot_localization/test_robot_localization_estimator
[50.911s] -- Up-to-date: /home/ubuntu/dev_ws/install/robot_localization/lib/robot_localization/test_ros_robot_localization_listener
[50.912s] -- Up-to-date: /home/ubuntu/dev_ws/install/robot_localization/lib/robot_localization/test_ros_robot_localization_listener_publisher
[50.913s] -- Up-to-date: /home/ubuntu/dev_ws/install/robot_localization/share/robot_localization/test
[50.914s] -- Up-to-date: /home/ubuntu/dev_ws/install/robot_localization/share/robot_localization/test/test_ros_robot_localization_listener.cpp
[50.914s] -- Up-to-date: /home/ubuntu/dev_ws/install/robot_localization/share/robot_localization/test/test_filter_base.cpp
[50.914s] -- Up-to-date: /home/ubuntu/dev_ws/install/robot_localization/share/robot_localization/test/test_ukf_localization_node_bag1.launch.py
[50.914s] -- Up-to-date: /home/ubuntu/dev_ws/install/robot_localization/share/robot_localization/test/test_filter_base_diagnostics_timestamps.launch.py
[50.914s] -- Up-to-date: /home/ubuntu/dev_ws/install/robot_localization/share/robot_localization/test/test_ekf_localization_node_bag3.yaml
[50.914s] -- Up-to-date: /home/ubuntu/dev_ws/install/robot_localization/share/robot_localization/test/test_ekf_localization_node_bag1.launch.py
[50.915s] -- Up-to-date: /home/ubuntu/dev_ws/install/robot_localization/share/robot_localization/test/test_ukf_localization_node_interfaces.launch.py
[50.915s] -- Up-to-date: /home/ubuntu/dev_ws/install/robot_localization/share/robot_localization/test/test2.bag
[50.915s] -- Up-to-date: /home/ubuntu/dev_ws/install/robot_localization/share/robot_localization/test/test_ukf_localization_node_bag2.launch.py
[50.915s] -- Up-to-date: /home/ubuntu/dev_ws/install/robot_localization/share/robot_localization/test/test_ekf_localization_node_bag3.sh
[50.916s] -- Up-to-date: /home/ubuntu/dev_ws/install/robot_localization/share/robot_localization/test/test_robot_localization_estimator.launch.py
[50.916s] -- Up-to-date: /home/ubuntu/dev_ws/install/robot_localization/share/robot_localization/test/test3.bag
[50.916s] -- Up-to-date: /home/ubuntu/dev_ws/install/robot_localization/share/robot_localization/test/test_ukf_localization_node_interfaces.yaml
[50.916s] -- Up-to-date: /home/ubuntu/dev_ws/install/robot_localization/share/robot_localization/test/test_ros_robot_localization_listener.launch.py
[50.916s] -- Up-to-date: /home/ubuntu/dev_ws/install/robot_localization/share/robot_localization/test/test_ukf_localization_node_bag3.launch.py
[50.916s] -- Up-to-date: /home/ubuntu/dev_ws/install/robot_localization/share/robot_localization/test/test_robot_localization_estimator.cpp
[50.916s] -- Up-to-date: /home/ubuntu/dev_ws/install/robot_localization/share/robot_localization/test/test_ekf_localization_node_interfaces.yaml
[50.916s] -- Up-to-date: /home/ubuntu/dev_ws/install/robot_localization/share/robot_localization/test/test_ekf_localization_node_interfaces.cpp
[50.917s] -- Up-to-date: /home/ubuntu/dev_ws/install/robot_localization/share/robot_localization/test/test_ekf_localization_node_interfaces.launch.py
[50.917s] -- Up-to-date: /home/ubuntu/dev_ws/install/robot_localization/share/robot_localization/test/test_ukf_localization_node_bag1.yaml
[50.917s] -- Up-to-date: /home/ubuntu/dev_ws/install/robot_localization/share/robot_localization/test/test_ukf_localization_node_bag2.sh
[50.917s] -- Up-to-date: /home/ubuntu/dev_ws/install/robot_localization/share/robot_localization/test/test_localization_node_bag_pose_tester.cpp
[50.917s] -- Up-to-date: /home/ubuntu/dev_ws/install/robot_localization/share/robot_localization/test/test_ukf_localization_node_bag1.sh
[50.917s] -- Up-to-date: /home/ubuntu/dev_ws/install/robot_localization/share/robot_localization/test/test_ros_robot_localization_listener.yaml
[50.917s] -- Up-to-date: /home/ubuntu/dev_ws/install/robot_localization/share/robot_localization/test/test_ekf_localization_node_bag1.yaml
[50.917s] -- Up-to-date: /home/ubuntu/dev_ws/install/robot_localization/share/robot_localization/test/test_ekf_localization_node_bag3.launch.py
[50.917s] -- Up-to-date: /home/ubuntu/dev_ws/install/robot_localization/share/robot_localization/test/test_ekf_localization_node_bag2.launch.py
[50.917s] -- Up-to-date: /home/ubuntu/dev_ws/install/robot_localization/share/robot_localization/test/test_filter_base_diagnostics_timestamps.cpp
[50.918s] -- Up-to-date: /home/ubuntu/dev_ws/install/robot_localization/share/robot_localization/test/test_ekf_localization_node_bag2.sh
[50.918s] -- Up-to-date: /home/ubuntu/dev_ws/install/robot_localization/share/robot_localization/test/test_ekf_localization_node_bag1.sh
[50.918s] -- Up-to-date: /home/ubuntu/dev_ws/install/robot_localization/share/robot_localization/test/test_ukf_localization_node_bag3.yaml
[50.918s] -- Up-to-date: /home/ubuntu/dev_ws/install/robot_localization/share/robot_localization/test/test_ukf_localization_node_bag3.sh
[50.918s] -- Up-to-date: /home/ubuntu/dev_ws/install/robot_localization/share/robot_localization/test/test1.bag
[50.918s] -- Up-to-date: /home/ubuntu/dev_ws/install/robot_localization/share/robot_localization/test/test_ekf.cpp
[50.918s] -- Up-to-date: /home/ubuntu/dev_ws/install/robot_localization/share/robot_localization/test/test_filter_base_diagnostics_timestamps.yaml
[50.918s] -- Up-to-date: /home/ubuntu/dev_ws/install/robot_localization/share/robot_localization/test/test_ukf_localization_node_bag2.yaml
[50.918s] -- Up-to-date: /home/ubuntu/dev_ws/install/robot_localization/share/robot_localization/test/test_ukf.cpp
[50.918s] -- Up-to-date: /home/ubuntu/dev_ws/install/robot_localization/share/robot_localization/test/test_ukf_localization_node_interfaces.cpp
[50.919s] -- Up-to-date: /home/ubuntu/dev_ws/install/robot_localization/share/robot_localization/test/test_ekf_localization_node_bag2.yaml
[50.919s] -- Up-to-date: /home/ubuntu/dev_ws/install/robot_localization/share/robot_localization/test/test_ros_robot_localization_listener_publisher.cpp
[50.919s] -- Up-to-date: /home/ubuntu/dev_ws/install/robot_localization/lib/robot_localization/navsat_transform_node
[50.919s] -- Up-to-date: /home/ubuntu/dev_ws/install/robot_localization/lib/robot_localization/ekf_node
[50.919s] -- Up-to-date: /home/ubuntu/dev_ws/install/robot_localization/lib/robot_localization/ukf_node
[50.920s] -- Up-to-date: /home/ubuntu/dev_ws/install/robot_localization/lib/robot_localization/robot_localization_listener_node
[50.921s] -- Up-to-date: /home/ubuntu/dev_ws/install/robot_localization/lib/librl_lib.so
[50.922s] -- Up-to-date: /home/ubuntu/dev_ws/install/robot_localization/share/robot_localization/params
[50.922s] -- Up-to-date: /home/ubuntu/dev_ws/install/robot_localization/share/robot_localization/params/ukf.yaml
[50.922s] -- Up-to-date: /home/ubuntu/dev_ws/install/robot_localization/share/robot_localization/params/ekf.yaml
[50.923s] -- Up-to-date: /home/ubuntu/dev_ws/install/robot_localization/share/robot_localization/params/navsat_transform.yaml
[50.923s] -- Up-to-date: /home/ubuntu/dev_ws/install/robot_localization/share/robot_localization/params/dual_ekf_navsat_example.yaml
[50.923s] -- Up-to-date: /home/ubuntu/dev_ws/install/robot_localization/share/robot_localization/launch
[50.923s] -- Up-to-date: /home/ubuntu/dev_ws/install/robot_localization/share/robot_localization/launch/dual_ekf_navsat_example.launch.py
[50.923s] -- Up-to-date: /home/ubuntu/dev_ws/install/robot_localization/share/robot_localization/launch/ekf.launch.py
[50.924s] -- Up-to-date: /home/ubuntu/dev_ws/install/robot_localization/share/robot_localization/launch/navsat_transform.launch.py
[50.924s] -- Up-to-date: /home/ubuntu/dev_ws/install/robot_localization/share/robot_localization/launch/ukf.launch.py
[50.924s] -- Up-to-date: /home/ubuntu/dev_ws/install/robot_localization/share/ament_index/resource_index/package_run_dependencies/robot_localization
[50.924s] -- Up-to-date: /home/ubuntu/dev_ws/install/robot_localization/share/ament_index/resource_index/parent_prefix_path/robot_localization
[50.924s] -- Up-to-date: /home/ubuntu/dev_ws/install/robot_localization/share/robot_localization/environment/ament_prefix_path.sh
[50.924s] -- Up-to-date: /home/ubuntu/dev_ws/install/robot_localization/share/robot_localization/environment/ament_prefix_path.dsv
[50.924s] -- Up-to-date: /home/ubuntu/dev_ws/install/robot_localization/share/robot_localization/environment/path.sh
[50.925s] -- Up-to-date: /home/ubuntu/dev_ws/install/robot_localization/share/robot_localization/environment/path.dsv
[50.925s] -- Up-to-date: /home/ubuntu/dev_ws/install/robot_localization/share/robot_localization/local_setup.bash
[50.925s] -- Up-to-date: /home/ubuntu/dev_ws/install/robot_localization/share/robot_localization/local_setup.sh
[50.925s] -- Up-to-date: /home/ubuntu/dev_ws/install/robot_localization/share/robot_localization/local_setup.zsh
[50.925s] -- Up-to-date: /home/ubuntu/dev_ws/install/robot_localization/share/robot_localization/local_setup.dsv
[50.925s] -- Installing: /home/ubuntu/dev_ws/install/robot_localization/share/robot_localization/package.dsv
[50.943s] -- Up-to-date: /home/ubuntu/dev_ws/install/robot_localization/share/ament_index/resource_index/packages/robot_localization
[51.117s] -- Up-to-date: /home/ubuntu/dev_ws/install/robot_localization/share/robot_localization/cmake/robot_localization__rosidl_generator_cExport.cmake
[51.117s] -- Up-to-date: /home/ubuntu/dev_ws/install/robot_localization/share/robot_localization/cmake/robot_localization__rosidl_generator_cExport-relwithdebinfo.cmake
[51.145s] -- Up-to-date: /home/ubuntu/dev_ws/install/robot_localization/share/robot_localization/cmake/robot_localization__rosidl_typesupport_introspection_cExport.cmake
[51.145s] -- Up-to-date: /home/ubuntu/dev_ws/install/robot_localization/share/robot_localization/cmake/robot_localization__rosidl_typesupport_introspection_cExport-relwithdebinfo.cmake
[51.173s] -- Up-to-date: /home/ubuntu/dev_ws/install/robot_localization/share/robot_localization/cmake/robot_localization__rosidl_typesupport_cExport.cmake
[51.174s] -- Up-to-date: /home/ubuntu/dev_ws/install/robot_localization/share/robot_localization/cmake/robot_localization__rosidl_typesupport_cExport-relwithdebinfo.cmake
[51.201s] -- Up-to-date: /home/ubuntu/dev_ws/install/robot_localization/share/robot_localization/cmake/robot_localization__rosidl_generator_cppExport.cmake
[51.237s] -- Up-to-date: /home/ubuntu/dev_ws/install/robot_localization/share/robot_localization/cmake/robot_localization__rosidl_typesupport_introspection_cppExport.cmake
[51.238s] -- Up-to-date: /home/ubuntu/dev_ws/install/robot_localization/share/robot_localization/cmake/robot_localization__rosidl_typesupport_introspection_cppExport-relwithdebinfo.cmake
[51.273s] -- Up-to-date: /home/ubuntu/dev_ws/install/robot_localization/share/robot_localization/cmake/robot_localization__rosidl_typesupport_cppExport.cmake
[51.273s] -- Up-to-date: /home/ubuntu/dev_ws/install/robot_localization/share/robot_localization/cmake/robot_localization__rosidl_typesupport_cppExport-relwithdebinfo.cmake
[51.273s] -- Up-to-date: /home/ubuntu/dev_ws/install/robot_localization/share/robot_localization/cmake/rosidl_cmake-extras.cmake
[51.274s] -- Up-to-date: /home/ubuntu/dev_ws/install/robot_localization/share/robot_localization/cmake/ament_cmake_export_dependencies-extras.cmake
[51.274s] -- Up-to-date: /home/ubuntu/dev_ws/install/robot_localization/share/robot_localization/cmake/ament_cmake_export_libraries-extras.cmake
[51.274s] -- Up-to-date: /home/ubuntu/dev_ws/install/robot_localization/share/robot_localization/cmake/ament_cmake_export_targets-extras.cmake
[51.274s] -- Up-to-date: /home/ubuntu/dev_ws/install/robot_localization/share/robot_localization/cmake/ament_cmake_export_include_directories-extras.cmake
[51.275s] -- Up-to-date: /home/ubuntu/dev_ws/install/robot_localization/share/robot_localization/cmake/rosidl_cmake_export_typesupport_libraries-extras.cmake
[51.275s] -- Up-to-date: /home/ubuntu/dev_ws/install/robot_localization/share/robot_localization/cmake/rosidl_cmake_export_typesupport_targets-extras.cmake
[51.275s] -- Up-to-date: /home/ubuntu/dev_ws/install/robot_localization/share/robot_localization/cmake/robot_localizationConfig.cmake
[51.275s] -- Up-to-date: /home/ubuntu/dev_ws/install/robot_localization/share/robot_localization/cmake/robot_localizationConfig-version.cmake
[51.275s] -- Up-to-date: /home/ubuntu/dev_ws/install/robot_localization/share/robot_localization/package.xml
[51.333s] Invoked command in '/home/ubuntu/dev_ws/build/robot_localization' returned '0': CMAKE_PREFIX_PATH=${CMAKE_PREFIX_PATH}:/opt/ros/galactic /usr/bin/cmake --install /home/ubuntu/dev_ws/build/robot_localization
