[0.202s] DEBUG:colcon:Command line arguments: ['/usr/bin/colcon', 'build']
[0.203s] DEBUG:colcon:Parsed command line arguments: Namespace(allow_overriding=[], ament_cmake_args=None, base_paths=['.'], build_base='build', catkin_cmake_args=None, catkin_skip_building_tests=False, cmake_args=None, cmake_clean_cache=False, cmake_clean_first=False, cmake_force_configure=False, cmake_target=None, cmake_target_skip_unavailable=False, continue_on_error=False, event_handlers=None, executor='parallel', ignore_user_meta=False, install_base='install', log_base=None, log_level=None, main=<bound method BuildVerb.main of <colcon_core.verb.build.BuildVerb object at 0x7fa89b5829a0>>, merge_install=False, metas=['./colcon.meta'], packages_above=None, packages_above_and_dependencies=None, packages_above_depth=None, packages_end=None, packages_ignore=None, packages_ignore_regex=None, packages_select=None, packages_select_build_failed=False, packages_select_by_dep=None, packages_select_regex=None, packages_select_test_failures=False, packages_skip=None, packages_skip_build_finished=False, packages_skip_by_dep=None, packages_skip_regex=None, packages_skip_test_passed=False, packages_skip_up_to=None, packages_start=None, packages_up_to=None, packages_up_to_regex=None, parallel_workers=12, paths=None, symlink_install=False, test_result_base=None, verb_extension=<colcon_core.verb.build.BuildVerb object at 0x7fa89b5829a0>, verb_name='build', verb_parser=<colcon_defaults.argument_parser.defaults.DefaultArgumentsDecorator object at 0x7fa89b582f10>)
[0.237s] Level 1:colcon.colcon_core.package_discovery:discover_packages(colcon_meta) check parameters
[0.237s] Level 1:colcon.colcon_core.package_discovery:discover_packages(recursive) check parameters
[0.237s] Level 1:colcon.colcon_core.package_discovery:discover_packages(ignore) check parameters
[0.237s] Level 1:colcon.colcon_core.package_discovery:discover_packages(path) check parameters
[0.237s] Level 1:colcon.colcon_core.package_discovery:discover_packages(colcon_meta) discover
[0.237s] Level 1:colcon.colcon_core.package_discovery:discover_packages(recursive) discover
[0.237s] INFO:colcon.colcon_core.package_discovery:Crawling recursively for packages in '/home/ubuntu/dev_ws'
[0.237s] Level 1:colcon.colcon_core.package_identification:_identify(.) by extensions ['ignore', 'ignore_ament_install']
[0.237s] Level 1:colcon.colcon_core.package_identification:_identify(.) by extension 'ignore'
[0.238s] Level 1:colcon.colcon_core.package_identification:_identify(.) by extension 'ignore_ament_install'
[0.238s] Level 1:colcon.colcon_core.package_identification:_identify(.) by extensions ['colcon_pkg']
[0.238s] Level 1:colcon.colcon_core.package_identification:_identify(.) by extension 'colcon_pkg'
[0.238s] Level 1:colcon.colcon_core.package_identification:_identify(.) by extensions ['colcon_meta']
[0.238s] Level 1:colcon.colcon_core.package_identification:_identify(.) by extension 'colcon_meta'
[0.238s] Level 1:colcon.colcon_core.package_identification:_identify(.) by extensions ['ros']
[0.238s] Level 1:colcon.colcon_core.package_identification:_identify(.) by extension 'ros'
[0.253s] Level 1:colcon.colcon_core.package_identification:_identify(.) by extensions ['cmake', 'python']
[0.253s] Level 1:colcon.colcon_core.package_identification:_identify(.) by extension 'cmake'
[0.253s] Level 1:colcon.colcon_core.package_identification:_identify(.) by extension 'python'
[0.253s] Level 1:colcon.colcon_core.package_identification:_identify(.) by extensions ['python_setup_py']
[0.253s] Level 1:colcon.colcon_core.package_identification:_identify(.) by extension 'python_setup_py'
[0.253s] Level 1:colcon.colcon_core.package_identification:_identify(build) by extensions ['ignore', 'ignore_ament_install']
[0.253s] Level 1:colcon.colcon_core.package_identification:_identify(build) by extension 'ignore'
[0.253s] Level 1:colcon.colcon_core.package_identification:_identify(build) ignored
[0.253s] Level 1:colcon.colcon_core.package_identification:_identify(install) by extensions ['ignore', 'ignore_ament_install']
[0.254s] Level 1:colcon.colcon_core.package_identification:_identify(install) by extension 'ignore'
[0.254s] Level 1:colcon.colcon_core.package_identification:_identify(install) ignored
[0.254s] Level 1:colcon.colcon_core.package_identification:_identify(log) by extensions ['ignore', 'ignore_ament_install']
[0.254s] Level 1:colcon.colcon_core.package_identification:_identify(log) by extension 'ignore'
[0.254s] Level 1:colcon.colcon_core.package_identification:_identify(log) ignored
[0.254s] Level 1:colcon.colcon_core.package_identification:_identify(src) by extensions ['ignore', 'ignore_ament_install']
[0.254s] Level 1:colcon.colcon_core.package_identification:_identify(src) by extension 'ignore'
[0.254s] Level 1:colcon.colcon_core.package_identification:_identify(src) by extension 'ignore_ament_install'
[0.254s] Level 1:colcon.colcon_core.package_identification:_identify(src) by extensions ['colcon_pkg']
[0.254s] Level 1:colcon.colcon_core.package_identification:_identify(src) by extension 'colcon_pkg'
[0.254s] Level 1:colcon.colcon_core.package_identification:_identify(src) by extensions ['colcon_meta']
[0.254s] Level 1:colcon.colcon_core.package_identification:_identify(src) by extension 'colcon_meta'
[0.254s] Level 1:colcon.colcon_core.package_identification:_identify(src) by extensions ['ros']
[0.254s] Level 1:colcon.colcon_core.package_identification:_identify(src) by extension 'ros'
[0.255s] Level 1:colcon.colcon_core.package_identification:_identify(src) by extensions ['cmake', 'python']
[0.255s] Level 1:colcon.colcon_core.package_identification:_identify(src) by extension 'cmake'
[0.255s] Level 1:colcon.colcon_core.package_identification:_identify(src) by extension 'python'
[0.255s] Level 1:colcon.colcon_core.package_identification:_identify(src) by extensions ['python_setup_py']
[0.255s] Level 1:colcon.colcon_core.package_identification:_identify(src) by extension 'python_setup_py'
[0.255s] Level 1:colcon.colcon_core.package_identification:_identify(src/basic_mobile_robot) by extensions ['ignore', 'ignore_ament_install']
[0.255s] Level 1:colcon.colcon_core.package_identification:_identify(src/basic_mobile_robot) by extension 'ignore'
[0.255s] Level 1:colcon.colcon_core.package_identification:_identify(src/basic_mobile_robot) by extension 'ignore_ament_install'
[0.255s] Level 1:colcon.colcon_core.package_identification:_identify(src/basic_mobile_robot) by extensions ['colcon_pkg']
[0.255s] Level 1:colcon.colcon_core.package_identification:_identify(src/basic_mobile_robot) by extension 'colcon_pkg'
[0.255s] Level 1:colcon.colcon_core.package_identification:_identify(src/basic_mobile_robot) by extensions ['colcon_meta']
[0.255s] Level 1:colcon.colcon_core.package_identification:_identify(src/basic_mobile_robot) by extension 'colcon_meta'
[0.255s] Level 1:colcon.colcon_core.package_identification:_identify(src/basic_mobile_robot) by extensions ['ros']
[0.255s] Level 1:colcon.colcon_core.package_identification:_identify(src/basic_mobile_robot) by extension 'ros'
[0.261s] DEBUG:colcon.colcon_core.package_identification:Package 'src/basic_mobile_robot' with type 'ros.ament_cmake' and name 'basic_mobile_robot'
[0.261s] Level 1:colcon.colcon_core.package_identification:_identify(src/robot_localization) by extensions ['ignore', 'ignore_ament_install']
[0.261s] Level 1:colcon.colcon_core.package_identification:_identify(src/robot_localization) by extension 'ignore'
[0.261s] Level 1:colcon.colcon_core.package_identification:_identify(src/robot_localization) by extension 'ignore_ament_install'
[0.261s] Level 1:colcon.colcon_core.package_identification:_identify(src/robot_localization) by extensions ['colcon_pkg']
[0.261s] Level 1:colcon.colcon_core.package_identification:_identify(src/robot_localization) by extension 'colcon_pkg'
[0.261s] Level 1:colcon.colcon_core.package_identification:_identify(src/robot_localization) by extensions ['colcon_meta']
[0.261s] Level 1:colcon.colcon_core.package_identification:_identify(src/robot_localization) by extension 'colcon_meta'
[0.262s] Level 1:colcon.colcon_core.package_identification:_identify(src/robot_localization) by extensions ['ros']
[0.262s] Level 1:colcon.colcon_core.package_identification:_identify(src/robot_localization) by extension 'ros'
[0.291s] DEBUG:colcon.colcon_core.package_identification:Package 'src/robot_localization' with type 'ros.ament_cmake' and name 'robot_localization'
[0.291s] Level 1:colcon.colcon_core.package_discovery:discover_packages(recursive) using defaults
[0.291s] Level 1:colcon.colcon_core.package_discovery:discover_packages(ignore) discover
[0.291s] Level 1:colcon.colcon_core.package_discovery:discover_packages(ignore) using defaults
[0.291s] Level 1:colcon.colcon_core.package_discovery:discover_packages(path) discover
[0.291s] Level 1:colcon.colcon_core.package_discovery:discover_packages(path) using defaults
[0.319s] Level 1:colcon.colcon_core.package_discovery:discover_packages(prefix_path) check parameters
[0.319s] Level 1:colcon.colcon_core.package_discovery:discover_packages(prefix_path) discover
[0.323s] DEBUG:colcon.colcon_installed_package_information.package_discovery:Found 282 installed packages in /opt/ros/galactic
[0.325s] Level 1:colcon.colcon_core.package_discovery:discover_packages(prefix_path) using defaults
[0.427s] Level 5:colcon.colcon_core.verb:set package 'robot_localization' build argument 'cmake_args' from command line to 'None'
[0.427s] Level 5:colcon.colcon_core.verb:set package 'robot_localization' build argument 'cmake_target' from command line to 'None'
[0.427s] Level 5:colcon.colcon_core.verb:set package 'robot_localization' build argument 'cmake_target_skip_unavailable' from command line to 'False'
[0.427s] Level 5:colcon.colcon_core.verb:set package 'robot_localization' build argument 'cmake_clean_cache' from command line to 'False'
[0.427s] Level 5:colcon.colcon_core.verb:set package 'robot_localization' build argument 'cmake_clean_first' from command line to 'False'
[0.427s] Level 5:colcon.colcon_core.verb:set package 'robot_localization' build argument 'cmake_force_configure' from command line to 'False'
[0.427s] Level 5:colcon.colcon_core.verb:set package 'robot_localization' build argument 'ament_cmake_args' from command line to 'None'
[0.427s] Level 5:colcon.colcon_core.verb:set package 'robot_localization' build argument 'catkin_cmake_args' from command line to 'None'
[0.427s] Level 5:colcon.colcon_core.verb:set package 'robot_localization' build argument 'catkin_skip_building_tests' from command line to 'False'
[0.427s] DEBUG:colcon.colcon_core.verb:Building package 'robot_localization' with the following arguments: {'ament_cmake_args': None, 'build_base': '/home/ubuntu/dev_ws/build/robot_localization', 'catkin_cmake_args': None, 'catkin_skip_building_tests': False, 'cmake_args': None, 'cmake_clean_cache': False, 'cmake_clean_first': False, 'cmake_force_configure': False, 'cmake_target': None, 'cmake_target_skip_unavailable': False, 'install_base': '/home/ubuntu/dev_ws/install/robot_localization', 'merge_install': False, 'path': '/home/ubuntu/dev_ws/src/robot_localization', 'symlink_install': False, 'test_result_base': None}
[0.429s] Level 5:colcon.colcon_core.verb:set package 'basic_mobile_robot' build argument 'cmake_args' from command line to 'None'
[0.429s] Level 5:colcon.colcon_core.verb:set package 'basic_mobile_robot' build argument 'cmake_target' from command line to 'None'
[0.429s] Level 5:colcon.colcon_core.verb:set package 'basic_mobile_robot' build argument 'cmake_target_skip_unavailable' from command line to 'False'
[0.429s] Level 5:colcon.colcon_core.verb:set package 'basic_mobile_robot' build argument 'cmake_clean_cache' from command line to 'False'
[0.429s] Level 5:colcon.colcon_core.verb:set package 'basic_mobile_robot' build argument 'cmake_clean_first' from command line to 'False'
[0.429s] Level 5:colcon.colcon_core.verb:set package 'basic_mobile_robot' build argument 'cmake_force_configure' from command line to 'False'
[0.429s] Level 5:colcon.colcon_core.verb:set package 'basic_mobile_robot' build argument 'ament_cmake_args' from command line to 'None'
[0.429s] Level 5:colcon.colcon_core.verb:set package 'basic_mobile_robot' build argument 'catkin_cmake_args' from command line to 'None'
[0.429s] Level 5:colcon.colcon_core.verb:set package 'basic_mobile_robot' build argument 'catkin_skip_building_tests' from command line to 'False'
[0.429s] DEBUG:colcon.colcon_core.verb:Building package 'basic_mobile_robot' with the following arguments: {'ament_cmake_args': None, 'build_base': '/home/ubuntu/dev_ws/build/basic_mobile_robot', 'catkin_cmake_args': None, 'catkin_skip_building_tests': False, 'cmake_args': None, 'cmake_clean_cache': False, 'cmake_clean_first': False, 'cmake_force_configure': False, 'cmake_target': None, 'cmake_target_skip_unavailable': False, 'install_base': '/home/ubuntu/dev_ws/install/basic_mobile_robot', 'merge_install': False, 'path': '/home/ubuntu/dev_ws/src/basic_mobile_robot', 'symlink_install': False, 'test_result_base': None}
[0.430s] INFO:colcon.colcon_core.executor:Executing jobs using 'parallel' executor
[0.435s] DEBUG:colcon.colcon_parallel_executor.executor.parallel:run_until_complete
[0.436s] INFO:colcon.colcon_ros.task.ament_cmake.build:Building ROS package in '/home/ubuntu/dev_ws/src/robot_localization' with build type 'ament_cmake'
[0.436s] INFO:colcon.colcon_cmake.task.cmake.build:Building CMake package in '/home/ubuntu/dev_ws/src/robot_localization'
[0.442s] INFO:colcon.colcon_core.plugin_system:Skipping extension 'colcon_core.shell.bat': Not used on non-Windows systems
[0.443s] INFO:colcon.colcon_core.shell:Skip shell extension 'powershell' for command environment: Not usable outside of PowerShell
[0.443s] DEBUG:colcon.colcon_core.shell:Skip shell extension 'dsv' for command environment
[0.469s] DEBUG:colcon.colcon_core.event_handler.log_command:Invoking command in '/home/ubuntu/dev_ws/build/robot_localization': CMAKE_PREFIX_PATH=/opt/ros/galactic /usr/bin/cmake /home/ubuntu/dev_ws/src/robot_localization -DCMAKE_INSTALL_PREFIX=/home/ubuntu/dev_ws/install/robot_localization
[10.020s] DEBUG:colcon.colcon_core.event_handler.log_command:Invoked command in '/home/ubuntu/dev_ws/build/robot_localization' returned '0': CMAKE_PREFIX_PATH=/opt/ros/galactic /usr/bin/cmake /home/ubuntu/dev_ws/src/robot_localization -DCMAKE_INSTALL_PREFIX=/home/ubuntu/dev_ws/install/robot_localization
[10.027s] DEBUG:colcon.colcon_core.event_handler.log_command:Invoking command in '/home/ubuntu/dev_ws/build/robot_localization': CMAKE_PREFIX_PATH=/opt/ros/galactic /usr/bin/cmake --build /home/ubuntu/dev_ws/build/robot_localization -- -j12 -l12
[417.329s] DEBUG:colcon.colcon_core.event_handler.log_command:Invoked command in '/home/ubuntu/dev_ws/build/robot_localization' returned '0': CMAKE_PREFIX_PATH=/opt/ros/galactic /usr/bin/cmake --build /home/ubuntu/dev_ws/build/robot_localization -- -j12 -l12
[421.383s] DEBUG:colcon.colcon_core.event_handler.log_command:Invoking command in '/home/ubuntu/dev_ws/build/robot_localization': CMAKE_PREFIX_PATH=/opt/ros/galactic /usr/bin/cmake --install /home/ubuntu/dev_ws/build/robot_localization
[468.728s] Level 1:colcon.colcon_core.environment:create_environment_scripts_only(robot_localization)
[468.730s] DEBUG:colcon.colcon_core.event_handler.log_command:Invoked command in '/home/ubuntu/dev_ws/build/robot_localization' returned '0': CMAKE_PREFIX_PATH=/opt/ros/galactic /usr/bin/cmake --install /home/ubuntu/dev_ws/build/robot_localization
[469.789s] Level 1:colcon.colcon_core.environment:checking '/home/ubuntu/dev_ws/install/robot_localization' for CMake module files
[469.791s] Level 1:colcon.colcon_core.environment:checking '/home/ubuntu/dev_ws/install/robot_localization' for CMake config files
[469.793s] Level 1:colcon.colcon_core.shell:create_environment_hook('robot_localization', 'cmake_prefix_path')
[469.797s] INFO:colcon.colcon_core.shell:Creating environment hook '/home/ubuntu/dev_ws/install/robot_localization/share/robot_localization/hook/cmake_prefix_path.ps1'
[469.803s] INFO:colcon.colcon_core.shell:Creating environment descriptor '/home/ubuntu/dev_ws/install/robot_localization/share/robot_localization/hook/cmake_prefix_path.dsv'
[469.817s] INFO:colcon.colcon_core.shell:Creating environment hook '/home/ubuntu/dev_ws/install/robot_localization/share/robot_localization/hook/cmake_prefix_path.sh'
[469.829s] Level 1:colcon.colcon_core.environment:checking '/home/ubuntu/dev_ws/install/robot_localization/lib'
[469.829s] Level 1:colcon.colcon_core.shell:create_environment_hook('robot_localization', 'ld_library_path_lib')
[469.833s] INFO:colcon.colcon_core.shell:Creating environment hook '/home/ubuntu/dev_ws/install/robot_localization/share/robot_localization/hook/ld_library_path_lib.ps1'
[469.834s] INFO:colcon.colcon_core.shell:Creating environment descriptor '/home/ubuntu/dev_ws/install/robot_localization/share/robot_localization/hook/ld_library_path_lib.dsv'
[469.835s] INFO:colcon.colcon_core.shell:Creating environment hook '/home/ubuntu/dev_ws/install/robot_localization/share/robot_localization/hook/ld_library_path_lib.sh'
[469.835s] Level 1:colcon.colcon_core.environment:checking '/home/ubuntu/dev_ws/install/robot_localization/bin'
[469.835s] Level 1:colcon.colcon_core.environment:checking '/home/ubuntu/dev_ws/install/robot_localization/lib/pkgconfig/robot_localization.pc'
[469.836s] Level 1:colcon.colcon_core.environment:checking '/home/ubuntu/dev_ws/install/robot_localization/lib/python3.8/site-packages'
[469.836s] Level 1:colcon.colcon_core.shell:create_environment_hook('robot_localization', 'pythonpath')
[469.837s] INFO:colcon.colcon_core.shell:Creating environment hook '/home/ubuntu/dev_ws/install/robot_localization/share/robot_localization/hook/pythonpath.ps1'
[469.838s] INFO:colcon.colcon_core.shell:Creating environment descriptor '/home/ubuntu/dev_ws/install/robot_localization/share/robot_localization/hook/pythonpath.dsv'
[469.838s] INFO:colcon.colcon_core.shell:Creating environment hook '/home/ubuntu/dev_ws/install/robot_localization/share/robot_localization/hook/pythonpath.sh'
[469.839s] Level 1:colcon.colcon_core.environment:checking '/home/ubuntu/dev_ws/install/robot_localization/bin'
[469.841s] INFO:colcon.colcon_core.shell:Creating package script '/home/ubuntu/dev_ws/install/robot_localization/share/robot_localization/package.ps1'
[469.846s] INFO:colcon.colcon_core.shell:Creating package descriptor '/home/ubuntu/dev_ws/install/robot_localization/share/robot_localization/package.dsv'
[469.855s] INFO:colcon.colcon_core.shell:Creating package script '/home/ubuntu/dev_ws/install/robot_localization/share/robot_localization/package.sh'
[469.865s] INFO:colcon.colcon_core.shell:Creating package script '/home/ubuntu/dev_ws/install/robot_localization/share/robot_localization/package.bash'
[469.874s] INFO:colcon.colcon_core.shell:Creating package script '/home/ubuntu/dev_ws/install/robot_localization/share/robot_localization/package.zsh'
[470.133s] Level 1:colcon.colcon_core.environment:create_file_with_runtime_dependencies(/home/ubuntu/dev_ws/install/robot_localization/share/colcon-core/packages/robot_localization)
[470.467s] Level 1:colcon.colcon_core.environment:create_environment_scripts_only(robot_localization)
[470.472s] Level 1:colcon.colcon_core.environment:checking '/home/ubuntu/dev_ws/install/robot_localization' for CMake module files
[470.473s] Level 1:colcon.colcon_core.environment:checking '/home/ubuntu/dev_ws/install/robot_localization' for CMake config files
[470.474s] Level 1:colcon.colcon_core.shell:create_environment_hook('robot_localization', 'cmake_prefix_path')
[470.475s] INFO:colcon.colcon_core.shell:Creating environment hook '/home/ubuntu/dev_ws/install/robot_localization/share/robot_localization/hook/cmake_prefix_path.ps1'
[470.476s] INFO:colcon.colcon_core.shell:Creating environment descriptor '/home/ubuntu/dev_ws/install/robot_localization/share/robot_localization/hook/cmake_prefix_path.dsv'
[470.476s] INFO:colcon.colcon_core.shell:Creating environment hook '/home/ubuntu/dev_ws/install/robot_localization/share/robot_localization/hook/cmake_prefix_path.sh'
[470.477s] Level 1:colcon.colcon_core.environment:checking '/home/ubuntu/dev_ws/install/robot_localization/lib'
[470.477s] Level 1:colcon.colcon_core.shell:create_environment_hook('robot_localization', 'ld_library_path_lib')
[470.478s] INFO:colcon.colcon_core.shell:Creating environment hook '/home/ubuntu/dev_ws/install/robot_localization/share/robot_localization/hook/ld_library_path_lib.ps1'
[470.479s] INFO:colcon.colcon_core.shell:Creating environment descriptor '/home/ubuntu/dev_ws/install/robot_localization/share/robot_localization/hook/ld_library_path_lib.dsv'
[470.479s] INFO:colcon.colcon_core.shell:Creating environment hook '/home/ubuntu/dev_ws/install/robot_localization/share/robot_localization/hook/ld_library_path_lib.sh'
[470.480s] Level 1:colcon.colcon_core.environment:checking '/home/ubuntu/dev_ws/install/robot_localization/bin'
[470.480s] Level 1:colcon.colcon_core.environment:checking '/home/ubuntu/dev_ws/install/robot_localization/lib/pkgconfig/robot_localization.pc'
[470.480s] Level 1:colcon.colcon_core.environment:checking '/home/ubuntu/dev_ws/install/robot_localization/lib/python3.8/site-packages'
[470.480s] Level 1:colcon.colcon_core.shell:create_environment_hook('robot_localization', 'pythonpath')
[470.482s] INFO:colcon.colcon_core.shell:Creating environment hook '/home/ubuntu/dev_ws/install/robot_localization/share/robot_localization/hook/pythonpath.ps1'
[470.482s] INFO:colcon.colcon_core.shell:Creating environment descriptor '/home/ubuntu/dev_ws/install/robot_localization/share/robot_localization/hook/pythonpath.dsv'
[470.482s] INFO:colcon.colcon_core.shell:Creating environment hook '/home/ubuntu/dev_ws/install/robot_localization/share/robot_localization/hook/pythonpath.sh'
[470.483s] Level 1:colcon.colcon_core.environment:checking '/home/ubuntu/dev_ws/install/robot_localization/bin'
[470.485s] INFO:colcon.colcon_core.shell:Creating package script '/home/ubuntu/dev_ws/install/robot_localization/share/robot_localization/package.ps1'
[470.486s] INFO:colcon.colcon_core.shell:Creating package descriptor '/home/ubuntu/dev_ws/install/robot_localization/share/robot_localization/package.dsv'
[470.487s] INFO:colcon.colcon_core.shell:Creating package script '/home/ubuntu/dev_ws/install/robot_localization/share/robot_localization/package.sh'
[470.487s] INFO:colcon.colcon_core.shell:Creating package script '/home/ubuntu/dev_ws/install/robot_localization/share/robot_localization/package.bash'
[470.488s] INFO:colcon.colcon_core.shell:Creating package script '/home/ubuntu/dev_ws/install/robot_localization/share/robot_localization/package.zsh'
[470.488s] Level 1:colcon.colcon_core.environment:create_file_with_runtime_dependencies(/home/ubuntu/dev_ws/install/robot_localization/share/colcon-core/packages/robot_localization)
[470.489s] INFO:colcon.colcon_ros.task.ament_cmake.build:Building ROS package in '/home/ubuntu/dev_ws/src/basic_mobile_robot' with build type 'ament_cmake'
[470.489s] INFO:colcon.colcon_cmake.task.cmake.build:Building CMake package in '/home/ubuntu/dev_ws/src/basic_mobile_robot'
[470.491s] INFO:colcon.colcon_core.shell:Skip shell extension 'powershell' for command environment: Not usable outside of PowerShell
[470.491s] DEBUG:colcon.colcon_core.shell:Skip shell extension 'dsv' for command environment
[471.943s] DEBUG:colcon.colcon_core.event_handler.log_command:Invoking command in '/home/ubuntu/dev_ws/build/basic_mobile_robot': AMENT_PREFIX_PATH=/home/ubuntu/dev_ws/install/robot_localization:${AMENT_PREFIX_PATH} CMAKE_PREFIX_PATH=/home/ubuntu/dev_ws/install/robot_localization:/opt/ros/galactic LD_LIBRARY_PATH=/home/ubuntu/dev_ws/install/robot_localization/lib:${LD_LIBRARY_PATH} PYTHONPATH=/home/ubuntu/dev_ws/install/robot_localization/lib/python3.8/site-packages:${PYTHONPATH} /usr/bin/cmake --build /home/ubuntu/dev_ws/build/basic_mobile_robot -- -j12 -l12
[494.974s] DEBUG:colcon.colcon_core.event_handler.log_command:Invoked command in '/home/ubuntu/dev_ws/build/basic_mobile_robot' returned '0': AMENT_PREFIX_PATH=/home/ubuntu/dev_ws/install/robot_localization:${AMENT_PREFIX_PATH} CMAKE_PREFIX_PATH=/home/ubuntu/dev_ws/install/robot_localization:/opt/ros/galactic LD_LIBRARY_PATH=/home/ubuntu/dev_ws/install/robot_localization/lib:${LD_LIBRARY_PATH} PYTHONPATH=/home/ubuntu/dev_ws/install/robot_localization/lib/python3.8/site-packages:${PYTHONPATH} /usr/bin/cmake --build /home/ubuntu/dev_ws/build/basic_mobile_robot -- -j12 -l12
[495.028s] DEBUG:colcon.colcon_core.event_handler.log_command:Invoking command in '/home/ubuntu/dev_ws/build/basic_mobile_robot': AMENT_PREFIX_PATH=/home/ubuntu/dev_ws/install/robot_localization:${AMENT_PREFIX_PATH} CMAKE_PREFIX_PATH=/home/ubuntu/dev_ws/install/robot_localization:/opt/ros/galactic LD_LIBRARY_PATH=/home/ubuntu/dev_ws/install/robot_localization/lib:${LD_LIBRARY_PATH} PYTHONPATH=/home/ubuntu/dev_ws/install/robot_localization/lib/python3.8/site-packages:${PYTHONPATH} /usr/bin/cmake --install /home/ubuntu/dev_ws/build/basic_mobile_robot
[495.657s] Level 1:colcon.colcon_core.environment:create_environment_scripts_only(basic_mobile_robot)
[495.664s] Level 1:colcon.colcon_core.environment:checking '/home/ubuntu/dev_ws/install/basic_mobile_robot' for CMake module files
[495.665s] DEBUG:colcon.colcon_core.event_handler.log_command:Invoked command in '/home/ubuntu/dev_ws/build/basic_mobile_robot' returned '0': AMENT_PREFIX_PATH=/home/ubuntu/dev_ws/install/robot_localization:${AMENT_PREFIX_PATH} CMAKE_PREFIX_PATH=/home/ubuntu/dev_ws/install/robot_localization:/opt/ros/galactic LD_LIBRARY_PATH=/home/ubuntu/dev_ws/install/robot_localization/lib:${LD_LIBRARY_PATH} PYTHONPATH=/home/ubuntu/dev_ws/install/robot_localization/lib/python3.8/site-packages:${PYTHONPATH} /usr/bin/cmake --install /home/ubuntu/dev_ws/build/basic_mobile_robot
[495.743s] Level 1:colcon.colcon_core.environment:checking '/home/ubuntu/dev_ws/install/basic_mobile_robot' for CMake config files
[498.116s] Level 1:colcon.colcon_core.shell:create_environment_hook('basic_mobile_robot', 'cmake_prefix_path')
[498.120s] INFO:colcon.colcon_core.shell:Creating environment hook '/home/ubuntu/dev_ws/install/basic_mobile_robot/share/basic_mobile_robot/hook/cmake_prefix_path.ps1'
[498.121s] INFO:colcon.colcon_core.shell:Creating environment descriptor '/home/ubuntu/dev_ws/install/basic_mobile_robot/share/basic_mobile_robot/hook/cmake_prefix_path.dsv'
[498.121s] INFO:colcon.colcon_core.shell:Creating environment hook '/home/ubuntu/dev_ws/install/basic_mobile_robot/share/basic_mobile_robot/hook/cmake_prefix_path.sh'
[498.122s] Level 1:colcon.colcon_core.environment:checking '/home/ubuntu/dev_ws/install/basic_mobile_robot/bin'
[498.123s] Level 1:colcon.colcon_core.environment:checking '/home/ubuntu/dev_ws/install/basic_mobile_robot/lib/pkgconfig/basic_mobile_robot.pc'
[498.123s] Level 1:colcon.colcon_core.environment:checking '/home/ubuntu/dev_ws/install/basic_mobile_robot/lib/python3.8/site-packages'
[498.123s] Level 1:colcon.colcon_core.environment:checking '/home/ubuntu/dev_ws/install/basic_mobile_robot/bin'
[498.126s] INFO:colcon.colcon_core.shell:Creating package script '/home/ubuntu/dev_ws/install/basic_mobile_robot/share/basic_mobile_robot/package.ps1'
[498.127s] INFO:colcon.colcon_core.shell:Creating package descriptor '/home/ubuntu/dev_ws/install/basic_mobile_robot/share/basic_mobile_robot/package.dsv'
[498.127s] INFO:colcon.colcon_core.shell:Creating package script '/home/ubuntu/dev_ws/install/basic_mobile_robot/share/basic_mobile_robot/package.sh'
[498.128s] INFO:colcon.colcon_core.shell:Creating package script '/home/ubuntu/dev_ws/install/basic_mobile_robot/share/basic_mobile_robot/package.bash'
[498.128s] INFO:colcon.colcon_core.shell:Creating package script '/home/ubuntu/dev_ws/install/basic_mobile_robot/share/basic_mobile_robot/package.zsh'
[498.129s] Level 1:colcon.colcon_core.environment:create_file_with_runtime_dependencies(/home/ubuntu/dev_ws/install/basic_mobile_robot/share/colcon-core/packages/basic_mobile_robot)
[498.177s] Level 1:colcon.colcon_core.environment:create_environment_scripts_only(basic_mobile_robot)
[498.181s] Level 1:colcon.colcon_core.environment:checking '/home/ubuntu/dev_ws/install/basic_mobile_robot' for CMake module files
[498.182s] Level 1:colcon.colcon_core.environment:checking '/home/ubuntu/dev_ws/install/basic_mobile_robot' for CMake config files
[498.183s] Level 1:colcon.colcon_core.shell:create_environment_hook('basic_mobile_robot', 'cmake_prefix_path')
[498.185s] INFO:colcon.colcon_core.shell:Creating environment hook '/home/ubuntu/dev_ws/install/basic_mobile_robot/share/basic_mobile_robot/hook/cmake_prefix_path.ps1'
[498.186s] INFO:colcon.colcon_core.shell:Creating environment descriptor '/home/ubuntu/dev_ws/install/basic_mobile_robot/share/basic_mobile_robot/hook/cmake_prefix_path.dsv'
[498.186s] INFO:colcon.colcon_core.shell:Creating environment hook '/home/ubuntu/dev_ws/install/basic_mobile_robot/share/basic_mobile_robot/hook/cmake_prefix_path.sh'
[498.187s] Level 1:colcon.colcon_core.environment:checking '/home/ubuntu/dev_ws/install/basic_mobile_robot/bin'
[498.187s] Level 1:colcon.colcon_core.environment:checking '/home/ubuntu/dev_ws/install/basic_mobile_robot/lib/pkgconfig/basic_mobile_robot.pc'
[498.188s] Level 1:colcon.colcon_core.environment:checking '/home/ubuntu/dev_ws/install/basic_mobile_robot/lib/python3.8/site-packages'
[498.188s] Level 1:colcon.colcon_core.environment:checking '/home/ubuntu/dev_ws/install/basic_mobile_robot/bin'
[498.189s] INFO:colcon.colcon_core.shell:Creating package script '/home/ubuntu/dev_ws/install/basic_mobile_robot/share/basic_mobile_robot/package.ps1'
[498.190s] INFO:colcon.colcon_core.shell:Creating package descriptor '/home/ubuntu/dev_ws/install/basic_mobile_robot/share/basic_mobile_robot/package.dsv'
[498.190s] INFO:colcon.colcon_core.shell:Creating package script '/home/ubuntu/dev_ws/install/basic_mobile_robot/share/basic_mobile_robot/package.sh'
[498.191s] INFO:colcon.colcon_core.shell:Creating package script '/home/ubuntu/dev_ws/install/basic_mobile_robot/share/basic_mobile_robot/package.bash'
[498.191s] INFO:colcon.colcon_core.shell:Creating package script '/home/ubuntu/dev_ws/install/basic_mobile_robot/share/basic_mobile_robot/package.zsh'
[498.192s] Level 1:colcon.colcon_core.environment:create_file_with_runtime_dependencies(/home/ubuntu/dev_ws/install/basic_mobile_robot/share/colcon-core/packages/basic_mobile_robot)
[498.192s] DEBUG:colcon.colcon_parallel_executor.executor.parallel:closing loop
[498.193s] DEBUG:colcon.colcon_parallel_executor.executor.parallel:loop closed
[498.193s] DEBUG:colcon.colcon_parallel_executor.executor.parallel:run_until_complete finished with '0'
[498.193s] DEBUG:colcon.colcon_core.event_reactor:joining thread
[498.894s] INFO:colcon.colcon_core.plugin_system:Skipping extension 'colcon_notification.desktop_notification.terminal_notifier': Not used on non-Darwin systems
[498.894s] INFO:colcon.colcon_core.plugin_system:Skipping extension 'colcon_notification.desktop_notification.win32': Not used on non-Windows systems
[498.894s] INFO:colcon.colcon_notification.desktop_notification:Sending desktop notification using 'notify2'
[498.922s] DEBUG:colcon.colcon_core.event_reactor:joined thread
[498.926s] INFO:colcon.colcon_core.shell:Creating prefix script '/home/ubuntu/dev_ws/install/local_setup.ps1'
[499.137s] INFO:colcon.colcon_core.shell:Creating prefix util module '/home/ubuntu/dev_ws/install/_local_setup_util_ps1.py'
[499.169s] INFO:colcon.colcon_core.shell:Creating prefix chain script '/home/ubuntu/dev_ws/install/setup.ps1'
[499.210s] INFO:colcon.colcon_core.shell:Creating prefix script '/home/ubuntu/dev_ws/install/local_setup.sh'
[499.254s] INFO:colcon.colcon_core.shell:Creating prefix util module '/home/ubuntu/dev_ws/install/_local_setup_util_sh.py'
[499.255s] INFO:colcon.colcon_core.shell:Creating prefix chain script '/home/ubuntu/dev_ws/install/setup.sh'
[499.312s] INFO:colcon.colcon_core.shell:Creating prefix script '/home/ubuntu/dev_ws/install/local_setup.bash'
[499.361s] INFO:colcon.colcon_core.shell:Creating prefix chain script '/home/ubuntu/dev_ws/install/setup.bash'
[499.429s] INFO:colcon.colcon_core.shell:Creating prefix script '/home/ubuntu/dev_ws/install/local_setup.zsh'
[499.476s] INFO:colcon.colcon_core.shell:Creating prefix chain script '/home/ubuntu/dev_ws/install/setup.zsh'
