[1.237s] DEBUG:colcon:Command line arguments: ['/usr/bin/colcon', 'build']
[1.237s] DEBUG:colcon:Parsed command line arguments: Namespace(allow_overriding=[], ament_cmake_args=None, base_paths=['.'], build_base='build', catkin_cmake_args=None, catkin_skip_building_tests=False, cmake_args=None, cmake_clean_cache=False, cmake_clean_first=False, cmake_force_configure=False, cmake_target=None, cmake_target_skip_unavailable=False, continue_on_error=False, event_handlers=None, executor='parallel', ignore_user_meta=False, install_base='install', log_base=None, log_level=None, main=<bound method BuildVerb.main of <colcon_core.verb.build.BuildVerb object at 0x7f52c3b3cb50>>, merge_install=False, metas=['./colcon.meta'], packages_above=None, packages_above_and_dependencies=None, packages_above_depth=None, packages_end=None, packages_ignore=None, packages_ignore_regex=None, packages_select=None, packages_select_build_failed=False, packages_select_by_dep=None, packages_select_regex=None, packages_select_test_failures=False, packages_skip=None, packages_skip_build_finished=False, packages_skip_by_dep=None, packages_skip_regex=None, packages_skip_test_passed=False, packages_skip_up_to=None, packages_start=None, packages_up_to=None, packages_up_to_regex=None, parallel_workers=12, paths=None, symlink_install=False, test_result_base=None, verb_extension=<colcon_core.verb.build.BuildVerb object at 0x7f52c3b3cb50>, verb_name='build', verb_parser=<colcon_defaults.argument_parser.defaults.DefaultArgumentsDecorator object at 0x7f52c3ac7100>)
[1.277s] Level 1:colcon.colcon_core.package_discovery:discover_packages(colcon_meta) check parameters
[1.278s] Level 1:colcon.colcon_core.package_discovery:discover_packages(recursive) check parameters
[1.278s] Level 1:colcon.colcon_core.package_discovery:discover_packages(ignore) check parameters
[1.278s] Level 1:colcon.colcon_core.package_discovery:discover_packages(path) check parameters
[1.278s] Level 1:colcon.colcon_core.package_discovery:discover_packages(colcon_meta) discover
[1.278s] Level 1:colcon.colcon_core.package_discovery:discover_packages(recursive) discover
[1.278s] INFO:colcon.colcon_core.package_discovery:Crawling recursively for packages in '/home/ubuntu/dev_ws'
[1.278s] Level 1:colcon.colcon_core.package_identification:_identify(.) by extensions ['ignore', 'ignore_ament_install']
[1.278s] Level 1:colcon.colcon_core.package_identification:_identify(.) by extension 'ignore'
[1.278s] Level 1:colcon.colcon_core.package_identification:_identify(.) by extension 'ignore_ament_install'
[1.278s] Level 1:colcon.colcon_core.package_identification:_identify(.) by extensions ['colcon_pkg']
[1.279s] Level 1:colcon.colcon_core.package_identification:_identify(.) by extension 'colcon_pkg'
[1.279s] Level 1:colcon.colcon_core.package_identification:_identify(.) by extensions ['colcon_meta']
[1.279s] Level 1:colcon.colcon_core.package_identification:_identify(.) by extension 'colcon_meta'
[1.279s] Level 1:colcon.colcon_core.package_identification:_identify(.) by extensions ['ros']
[1.279s] Level 1:colcon.colcon_core.package_identification:_identify(.) by extension 'ros'
[1.295s] Level 1:colcon.colcon_core.package_identification:_identify(.) by extensions ['cmake', 'python']
[1.295s] Level 1:colcon.colcon_core.package_identification:_identify(.) by extension 'cmake'
[1.295s] Level 1:colcon.colcon_core.package_identification:_identify(.) by extension 'python'
[1.295s] Level 1:colcon.colcon_core.package_identification:_identify(.) by extensions ['python_setup_py']
[1.295s] Level 1:colcon.colcon_core.package_identification:_identify(.) by extension 'python_setup_py'
[1.295s] Level 1:colcon.colcon_core.package_identification:_identify(build) by extensions ['ignore', 'ignore_ament_install']
[1.295s] Level 1:colcon.colcon_core.package_identification:_identify(build) by extension 'ignore'
[1.295s] Level 1:colcon.colcon_core.package_identification:_identify(build) ignored
[1.296s] Level 1:colcon.colcon_core.package_identification:_identify(install) by extensions ['ignore', 'ignore_ament_install']
[1.296s] Level 1:colcon.colcon_core.package_identification:_identify(install) by extension 'ignore'
[1.296s] Level 1:colcon.colcon_core.package_identification:_identify(install) ignored
[1.296s] Level 1:colcon.colcon_core.package_identification:_identify(log) by extensions ['ignore', 'ignore_ament_install']
[1.296s] Level 1:colcon.colcon_core.package_identification:_identify(log) by extension 'ignore'
[1.296s] Level 1:colcon.colcon_core.package_identification:_identify(log) ignored
[1.296s] Level 1:colcon.colcon_core.package_identification:_identify(src) by extensions ['ignore', 'ignore_ament_install']
[1.296s] Level 1:colcon.colcon_core.package_identification:_identify(src) by extension 'ignore'
[1.296s] Level 1:colcon.colcon_core.package_identification:_identify(src) by extension 'ignore_ament_install'
[1.296s] Level 1:colcon.colcon_core.package_identification:_identify(src) by extensions ['colcon_pkg']
[1.296s] Level 1:colcon.colcon_core.package_identification:_identify(src) by extension 'colcon_pkg'
[1.297s] Level 1:colcon.colcon_core.package_identification:_identify(src) by extensions ['colcon_meta']
[1.297s] Level 1:colcon.colcon_core.package_identification:_identify(src) by extension 'colcon_meta'
[1.297s] Level 1:colcon.colcon_core.package_identification:_identify(src) by extensions ['ros']
[1.297s] Level 1:colcon.colcon_core.package_identification:_identify(src) by extension 'ros'
[1.297s] Level 1:colcon.colcon_core.package_identification:_identify(src) by extensions ['cmake', 'python']
[1.297s] Level 1:colcon.colcon_core.package_identification:_identify(src) by extension 'cmake'
[1.297s] Level 1:colcon.colcon_core.package_identification:_identify(src) by extension 'python'
[1.297s] Level 1:colcon.colcon_core.package_identification:_identify(src) by extensions ['python_setup_py']
[1.297s] Level 1:colcon.colcon_core.package_identification:_identify(src) by extension 'python_setup_py'
[1.297s] Level 1:colcon.colcon_core.package_identification:_identify(src/basic_mobile_robot) by extensions ['ignore', 'ignore_ament_install']
[1.297s] Level 1:colcon.colcon_core.package_identification:_identify(src/basic_mobile_robot) by extension 'ignore'
[1.297s] Level 1:colcon.colcon_core.package_identification:_identify(src/basic_mobile_robot) by extension 'ignore_ament_install'
[1.297s] Level 1:colcon.colcon_core.package_identification:_identify(src/basic_mobile_robot) by extensions ['colcon_pkg']
[1.297s] Level 1:colcon.colcon_core.package_identification:_identify(src/basic_mobile_robot) by extension 'colcon_pkg'
[1.297s] Level 1:colcon.colcon_core.package_identification:_identify(src/basic_mobile_robot) by extensions ['colcon_meta']
[1.298s] Level 1:colcon.colcon_core.package_identification:_identify(src/basic_mobile_robot) by extension 'colcon_meta'
[1.298s] Level 1:colcon.colcon_core.package_identification:_identify(src/basic_mobile_robot) by extensions ['ros']
[1.298s] Level 1:colcon.colcon_core.package_identification:_identify(src/basic_mobile_robot) by extension 'ros'
[1.304s] DEBUG:colcon.colcon_core.package_identification:Package 'src/basic_mobile_robot' with type 'ros.ament_cmake' and name 'basic_mobile_robot'
[1.304s] Level 1:colcon.colcon_core.package_identification:_identify(src/robot_localization) by extensions ['ignore', 'ignore_ament_install']
[1.304s] Level 1:colcon.colcon_core.package_identification:_identify(src/robot_localization) by extension 'ignore'
[1.304s] Level 1:colcon.colcon_core.package_identification:_identify(src/robot_localization) by extension 'ignore_ament_install'
[1.304s] Level 1:colcon.colcon_core.package_identification:_identify(src/robot_localization) by extensions ['colcon_pkg']
[1.304s] Level 1:colcon.colcon_core.package_identification:_identify(src/robot_localization) by extension 'colcon_pkg'
[1.304s] Level 1:colcon.colcon_core.package_identification:_identify(src/robot_localization) by extensions ['colcon_meta']
[1.304s] Level 1:colcon.colcon_core.package_identification:_identify(src/robot_localization) by extension 'colcon_meta'
[1.304s] Level 1:colcon.colcon_core.package_identification:_identify(src/robot_localization) by extensions ['ros']
[1.304s] Level 1:colcon.colcon_core.package_identification:_identify(src/robot_localization) by extension 'ros'
[1.337s] DEBUG:colcon.colcon_core.package_identification:Package 'src/robot_localization' with type 'ros.ament_cmake' and name 'robot_localization'
[1.337s] Level 1:colcon.colcon_core.package_discovery:discover_packages(recursive) using defaults
[1.337s] Level 1:colcon.colcon_core.package_discovery:discover_packages(ignore) discover
[1.338s] Level 1:colcon.colcon_core.package_discovery:discover_packages(ignore) using defaults
[1.338s] Level 1:colcon.colcon_core.package_discovery:discover_packages(path) discover
[1.338s] Level 1:colcon.colcon_core.package_discovery:discover_packages(path) using defaults
[1.409s] Level 1:colcon.colcon_core.package_discovery:discover_packages(prefix_path) check parameters
[1.409s] Level 1:colcon.colcon_core.package_discovery:discover_packages(prefix_path) discover
[1.416s] DEBUG:colcon.colcon_installed_package_information.package_discovery:Found 2 installed packages in /home/ubuntu/dev_ws/install
[1.419s] DEBUG:colcon.colcon_installed_package_information.package_discovery:Found 282 installed packages in /opt/ros/galactic
[1.421s] Level 1:colcon.colcon_core.package_discovery:discover_packages(prefix_path) using defaults
[1.950s] Level 5:colcon.colcon_core.verb:set package 'robot_localization' build argument 'cmake_args' from command line to 'None'
[1.950s] Level 5:colcon.colcon_core.verb:set package 'robot_localization' build argument 'cmake_target' from command line to 'None'
[1.950s] Level 5:colcon.colcon_core.verb:set package 'robot_localization' build argument 'cmake_target_skip_unavailable' from command line to 'False'
[1.950s] Level 5:colcon.colcon_core.verb:set package 'robot_localization' build argument 'cmake_clean_cache' from command line to 'False'
[1.950s] Level 5:colcon.colcon_core.verb:set package 'robot_localization' build argument 'cmake_clean_first' from command line to 'False'
[1.950s] Level 5:colcon.colcon_core.verb:set package 'robot_localization' build argument 'cmake_force_configure' from command line to 'False'
[1.950s] Level 5:colcon.colcon_core.verb:set package 'robot_localization' build argument 'ament_cmake_args' from command line to 'None'
[1.950s] Level 5:colcon.colcon_core.verb:set package 'robot_localization' build argument 'catkin_cmake_args' from command line to 'None'
[1.950s] Level 5:colcon.colcon_core.verb:set package 'robot_localization' build argument 'catkin_skip_building_tests' from command line to 'False'
[1.950s] DEBUG:colcon.colcon_core.verb:Building package 'robot_localization' with the following arguments: {'ament_cmake_args': None, 'build_base': '/home/ubuntu/dev_ws/build/robot_localization', 'catkin_cmake_args': None, 'catkin_skip_building_tests': False, 'cmake_args': None, 'cmake_clean_cache': False, 'cmake_clean_first': False, 'cmake_force_configure': False, 'cmake_target': None, 'cmake_target_skip_unavailable': False, 'install_base': '/home/ubuntu/dev_ws/install/robot_localization', 'merge_install': False, 'path': '/home/ubuntu/dev_ws/src/robot_localization', 'symlink_install': False, 'test_result_base': None}
[1.952s] Level 5:colcon.colcon_core.verb:set package 'basic_mobile_robot' build argument 'cmake_args' from command line to 'None'
[1.952s] Level 5:colcon.colcon_core.verb:set package 'basic_mobile_robot' build argument 'cmake_target' from command line to 'None'
[1.952s] Level 5:colcon.colcon_core.verb:set package 'basic_mobile_robot' build argument 'cmake_target_skip_unavailable' from command line to 'False'
[1.952s] Level 5:colcon.colcon_core.verb:set package 'basic_mobile_robot' build argument 'cmake_clean_cache' from command line to 'False'
[1.952s] Level 5:colcon.colcon_core.verb:set package 'basic_mobile_robot' build argument 'cmake_clean_first' from command line to 'False'
[1.952s] Level 5:colcon.colcon_core.verb:set package 'basic_mobile_robot' build argument 'cmake_force_configure' from command line to 'False'
[1.952s] Level 5:colcon.colcon_core.verb:set package 'basic_mobile_robot' build argument 'ament_cmake_args' from command line to 'None'
[1.952s] Level 5:colcon.colcon_core.verb:set package 'basic_mobile_robot' build argument 'catkin_cmake_args' from command line to 'None'
[1.952s] Level 5:colcon.colcon_core.verb:set package 'basic_mobile_robot' build argument 'catkin_skip_building_tests' from command line to 'False'
[1.952s] DEBUG:colcon.colcon_core.verb:Building package 'basic_mobile_robot' with the following arguments: {'ament_cmake_args': None, 'build_base': '/home/ubuntu/dev_ws/build/basic_mobile_robot', 'catkin_cmake_args': None, 'catkin_skip_building_tests': False, 'cmake_args': None, 'cmake_clean_cache': False, 'cmake_clean_first': False, 'cmake_force_configure': False, 'cmake_target': None, 'cmake_target_skip_unavailable': False, 'install_base': '/home/ubuntu/dev_ws/install/basic_mobile_robot', 'merge_install': False, 'path': '/home/ubuntu/dev_ws/src/basic_mobile_robot', 'symlink_install': False, 'test_result_base': None}
[1.953s] INFO:colcon.colcon_core.executor:Executing jobs using 'parallel' executor
[1.959s] DEBUG:colcon.colcon_parallel_executor.executor.parallel:run_until_complete
[1.959s] INFO:colcon.colcon_ros.task.ament_cmake.build:Building ROS package in '/home/ubuntu/dev_ws/src/robot_localization' with build type 'ament_cmake'
[1.959s] INFO:colcon.colcon_cmake.task.cmake.build:Building CMake package in '/home/ubuntu/dev_ws/src/robot_localization'
[1.965s] INFO:colcon.colcon_core.plugin_system:Skipping extension 'colcon_core.shell.bat': Not used on non-Windows systems
[1.966s] INFO:colcon.colcon_core.shell:Skip shell extension 'powershell' for command environment: Not usable outside of PowerShell
[1.966s] DEBUG:colcon.colcon_core.shell:Skip shell extension 'dsv' for command environment
[4.678s] DEBUG:colcon.colcon_core.event_handler.log_command:Invoking command in '/home/ubuntu/dev_ws/build/robot_localization': CMAKE_PREFIX_PATH=${CMAKE_PREFIX_PATH}:/opt/ros/galactic /usr/bin/cmake --build /home/ubuntu/dev_ws/build/robot_localization -- -j12 -l12
[45.737s] DEBUG:colcon.colcon_core.event_handler.log_command:Invoked command in '/home/ubuntu/dev_ws/build/robot_localization' returned '0': CMAKE_PREFIX_PATH=${CMAKE_PREFIX_PATH}:/opt/ros/galactic /usr/bin/cmake --build /home/ubuntu/dev_ws/build/robot_localization -- -j12 -l12
[46.114s] DEBUG:colcon.colcon_core.event_handler.log_command:Invoking command in '/home/ubuntu/dev_ws/build/robot_localization': CMAKE_PREFIX_PATH=${CMAKE_PREFIX_PATH}:/opt/ros/galactic /usr/bin/cmake --install /home/ubuntu/dev_ws/build/robot_localization
[53.291s] Level 1:colcon.colcon_core.environment:create_environment_scripts_only(robot_localization)
[53.293s] DEBUG:colcon.colcon_core.event_handler.log_command:Invoked command in '/home/ubuntu/dev_ws/build/robot_localization' returned '0': CMAKE_PREFIX_PATH=${CMAKE_PREFIX_PATH}:/opt/ros/galactic /usr/bin/cmake --install /home/ubuntu/dev_ws/build/robot_localization
[53.302s] Level 1:colcon.colcon_core.environment:checking '/home/ubuntu/dev_ws/install/robot_localization' for CMake module files
[53.303s] Level 1:colcon.colcon_core.environment:checking '/home/ubuntu/dev_ws/install/robot_localization' for CMake config files
[53.322s] Level 1:colcon.colcon_core.shell:create_environment_hook('robot_localization', 'cmake_prefix_path')
[53.326s] INFO:colcon.colcon_core.shell:Creating environment hook '/home/ubuntu/dev_ws/install/robot_localization/share/robot_localization/hook/cmake_prefix_path.ps1'
[53.328s] INFO:colcon.colcon_core.shell:Creating environment descriptor '/home/ubuntu/dev_ws/install/robot_localization/share/robot_localization/hook/cmake_prefix_path.dsv'
[53.329s] INFO:colcon.colcon_core.shell:Creating environment hook '/home/ubuntu/dev_ws/install/robot_localization/share/robot_localization/hook/cmake_prefix_path.sh'
[53.332s] Level 1:colcon.colcon_core.environment:checking '/home/ubuntu/dev_ws/install/robot_localization/lib'
[53.332s] Level 1:colcon.colcon_core.shell:create_environment_hook('robot_localization', 'ld_library_path_lib')
[53.334s] INFO:colcon.colcon_core.shell:Creating environment hook '/home/ubuntu/dev_ws/install/robot_localization/share/robot_localization/hook/ld_library_path_lib.ps1'
[53.335s] INFO:colcon.colcon_core.shell:Creating environment descriptor '/home/ubuntu/dev_ws/install/robot_localization/share/robot_localization/hook/ld_library_path_lib.dsv'
[53.335s] INFO:colcon.colcon_core.shell:Creating environment hook '/home/ubuntu/dev_ws/install/robot_localization/share/robot_localization/hook/ld_library_path_lib.sh'
[53.335s] Level 1:colcon.colcon_core.environment:checking '/home/ubuntu/dev_ws/install/robot_localization/bin'
[53.335s] Level 1:colcon.colcon_core.environment:checking '/home/ubuntu/dev_ws/install/robot_localization/lib/pkgconfig/robot_localization.pc'
[53.336s] Level 1:colcon.colcon_core.environment:checking '/home/ubuntu/dev_ws/install/robot_localization/lib/python3.8/site-packages'
[53.336s] Level 1:colcon.colcon_core.shell:create_environment_hook('robot_localization', 'pythonpath')
[53.337s] INFO:colcon.colcon_core.shell:Creating environment hook '/home/ubuntu/dev_ws/install/robot_localization/share/robot_localization/hook/pythonpath.ps1'
[53.338s] INFO:colcon.colcon_core.shell:Creating environment descriptor '/home/ubuntu/dev_ws/install/robot_localization/share/robot_localization/hook/pythonpath.dsv'
[53.338s] INFO:colcon.colcon_core.shell:Creating environment hook '/home/ubuntu/dev_ws/install/robot_localization/share/robot_localization/hook/pythonpath.sh'
[53.339s] Level 1:colcon.colcon_core.environment:checking '/home/ubuntu/dev_ws/install/robot_localization/bin'
[53.340s] INFO:colcon.colcon_core.shell:Creating package script '/home/ubuntu/dev_ws/install/robot_localization/share/robot_localization/package.ps1'
[53.341s] INFO:colcon.colcon_core.shell:Creating package descriptor '/home/ubuntu/dev_ws/install/robot_localization/share/robot_localization/package.dsv'
[53.342s] INFO:colcon.colcon_core.shell:Creating package script '/home/ubuntu/dev_ws/install/robot_localization/share/robot_localization/package.sh'
[53.343s] INFO:colcon.colcon_core.shell:Creating package script '/home/ubuntu/dev_ws/install/robot_localization/share/robot_localization/package.bash'
[53.343s] INFO:colcon.colcon_core.shell:Creating package script '/home/ubuntu/dev_ws/install/robot_localization/share/robot_localization/package.zsh'
[53.344s] Level 1:colcon.colcon_core.environment:create_file_with_runtime_dependencies(/home/ubuntu/dev_ws/install/robot_localization/share/colcon-core/packages/robot_localization)
[53.695s] Level 1:colcon.colcon_core.environment:create_environment_scripts_only(robot_localization)
[53.698s] Level 1:colcon.colcon_core.environment:checking '/home/ubuntu/dev_ws/install/robot_localization' for CMake module files
[53.700s] Level 1:colcon.colcon_core.environment:checking '/home/ubuntu/dev_ws/install/robot_localization' for CMake config files
[53.702s] Level 1:colcon.colcon_core.shell:create_environment_hook('robot_localization', 'cmake_prefix_path')
[53.704s] INFO:colcon.colcon_core.shell:Creating environment hook '/home/ubuntu/dev_ws/install/robot_localization/share/robot_localization/hook/cmake_prefix_path.ps1'
[53.705s] INFO:colcon.colcon_core.shell:Creating environment descriptor '/home/ubuntu/dev_ws/install/robot_localization/share/robot_localization/hook/cmake_prefix_path.dsv'
[53.706s] INFO:colcon.colcon_core.shell:Creating environment hook '/home/ubuntu/dev_ws/install/robot_localization/share/robot_localization/hook/cmake_prefix_path.sh'
[53.707s] Level 1:colcon.colcon_core.environment:checking '/home/ubuntu/dev_ws/install/robot_localization/lib'
[53.707s] Level 1:colcon.colcon_core.shell:create_environment_hook('robot_localization', 'ld_library_path_lib')
[53.709s] INFO:colcon.colcon_core.shell:Creating environment hook '/home/ubuntu/dev_ws/install/robot_localization/share/robot_localization/hook/ld_library_path_lib.ps1'
[53.709s] INFO:colcon.colcon_core.shell:Creating environment descriptor '/home/ubuntu/dev_ws/install/robot_localization/share/robot_localization/hook/ld_library_path_lib.dsv'
[53.709s] INFO:colcon.colcon_core.shell:Creating environment hook '/home/ubuntu/dev_ws/install/robot_localization/share/robot_localization/hook/ld_library_path_lib.sh'
[53.710s] Level 1:colcon.colcon_core.environment:checking '/home/ubuntu/dev_ws/install/robot_localization/bin'
[53.710s] Level 1:colcon.colcon_core.environment:checking '/home/ubuntu/dev_ws/install/robot_localization/lib/pkgconfig/robot_localization.pc'
[53.710s] Level 1:colcon.colcon_core.environment:checking '/home/ubuntu/dev_ws/install/robot_localization/lib/python3.8/site-packages'
[53.710s] Level 1:colcon.colcon_core.shell:create_environment_hook('robot_localization', 'pythonpath')
[53.712s] INFO:colcon.colcon_core.shell:Creating environment hook '/home/ubuntu/dev_ws/install/robot_localization/share/robot_localization/hook/pythonpath.ps1'
[53.713s] INFO:colcon.colcon_core.shell:Creating environment descriptor '/home/ubuntu/dev_ws/install/robot_localization/share/robot_localization/hook/pythonpath.dsv'
[53.713s] INFO:colcon.colcon_core.shell:Creating environment hook '/home/ubuntu/dev_ws/install/robot_localization/share/robot_localization/hook/pythonpath.sh'
[53.714s] Level 1:colcon.colcon_core.environment:checking '/home/ubuntu/dev_ws/install/robot_localization/bin'
[53.716s] INFO:colcon.colcon_core.shell:Creating package script '/home/ubuntu/dev_ws/install/robot_localization/share/robot_localization/package.ps1'
[53.717s] INFO:colcon.colcon_core.shell:Creating package descriptor '/home/ubuntu/dev_ws/install/robot_localization/share/robot_localization/package.dsv'
[53.718s] INFO:colcon.colcon_core.shell:Creating package script '/home/ubuntu/dev_ws/install/robot_localization/share/robot_localization/package.sh'
[53.718s] INFO:colcon.colcon_core.shell:Creating package script '/home/ubuntu/dev_ws/install/robot_localization/share/robot_localization/package.bash'
[53.719s] INFO:colcon.colcon_core.shell:Creating package script '/home/ubuntu/dev_ws/install/robot_localization/share/robot_localization/package.zsh'
[53.719s] Level 1:colcon.colcon_core.environment:create_file_with_runtime_dependencies(/home/ubuntu/dev_ws/install/robot_localization/share/colcon-core/packages/robot_localization)
[53.720s] INFO:colcon.colcon_ros.task.ament_cmake.build:Building ROS package in '/home/ubuntu/dev_ws/src/basic_mobile_robot' with build type 'ament_cmake'
[53.721s] INFO:colcon.colcon_cmake.task.cmake.build:Building CMake package in '/home/ubuntu/dev_ws/src/basic_mobile_robot'
[53.723s] INFO:colcon.colcon_core.shell:Skip shell extension 'powershell' for command environment: Not usable outside of PowerShell
[53.723s] DEBUG:colcon.colcon_core.shell:Skip shell extension 'dsv' for command environment
[53.792s] DEBUG:colcon.colcon_core.event_handler.log_command:Invoking command in '/home/ubuntu/dev_ws/build/basic_mobile_robot': CMAKE_PREFIX_PATH=/home/ubuntu/dev_ws/install/robot_localization:/home/ubuntu/dev_ws/install/basic_mobile_robot:/opt/ros/galactic /usr/bin/cmake --build /home/ubuntu/dev_ws/build/basic_mobile_robot -- -j12 -l12
[54.549s] DEBUG:colcon.colcon_core.event_handler.log_command:Invoked command in '/home/ubuntu/dev_ws/build/basic_mobile_robot' returned '0': CMAKE_PREFIX_PATH=/home/ubuntu/dev_ws/install/robot_localization:/home/ubuntu/dev_ws/install/basic_mobile_robot:/opt/ros/galactic /usr/bin/cmake --build /home/ubuntu/dev_ws/build/basic_mobile_robot -- -j12 -l12
[54.595s] DEBUG:colcon.colcon_core.event_handler.log_command:Invoking command in '/home/ubuntu/dev_ws/build/basic_mobile_robot': CMAKE_PREFIX_PATH=/home/ubuntu/dev_ws/install/robot_localization:/home/ubuntu/dev_ws/install/basic_mobile_robot:/opt/ros/galactic /usr/bin/cmake --install /home/ubuntu/dev_ws/build/basic_mobile_robot
[54.620s] Level 1:colcon.colcon_core.environment:create_environment_scripts_only(basic_mobile_robot)
[54.625s] Level 1:colcon.colcon_core.environment:checking '/home/ubuntu/dev_ws/install/basic_mobile_robot' for CMake module files
[54.629s] Level 1:colcon.colcon_core.environment:checking '/home/ubuntu/dev_ws/install/basic_mobile_robot' for CMake config files
[54.632s] DEBUG:colcon.colcon_core.event_handler.log_command:Invoked command in '/home/ubuntu/dev_ws/build/basic_mobile_robot' returned '0': CMAKE_PREFIX_PATH=/home/ubuntu/dev_ws/install/robot_localization:/home/ubuntu/dev_ws/install/basic_mobile_robot:/opt/ros/galactic /usr/bin/cmake --install /home/ubuntu/dev_ws/build/basic_mobile_robot
[54.674s] Level 1:colcon.colcon_core.shell:create_environment_hook('basic_mobile_robot', 'cmake_prefix_path')
[54.678s] INFO:colcon.colcon_core.shell:Creating environment hook '/home/ubuntu/dev_ws/install/basic_mobile_robot/share/basic_mobile_robot/hook/cmake_prefix_path.ps1'
[54.679s] INFO:colcon.colcon_core.shell:Creating environment descriptor '/home/ubuntu/dev_ws/install/basic_mobile_robot/share/basic_mobile_robot/hook/cmake_prefix_path.dsv'
[54.680s] INFO:colcon.colcon_core.shell:Creating environment hook '/home/ubuntu/dev_ws/install/basic_mobile_robot/share/basic_mobile_robot/hook/cmake_prefix_path.sh'
[54.680s] Level 1:colcon.colcon_core.environment:checking '/home/ubuntu/dev_ws/install/basic_mobile_robot/bin'
[54.681s] Level 1:colcon.colcon_core.environment:checking '/home/ubuntu/dev_ws/install/basic_mobile_robot/lib/pkgconfig/basic_mobile_robot.pc'
[54.681s] Level 1:colcon.colcon_core.environment:checking '/home/ubuntu/dev_ws/install/basic_mobile_robot/lib/python3.8/site-packages'
[54.681s] Level 1:colcon.colcon_core.environment:checking '/home/ubuntu/dev_ws/install/basic_mobile_robot/bin'
[54.684s] INFO:colcon.colcon_core.shell:Creating package script '/home/ubuntu/dev_ws/install/basic_mobile_robot/share/basic_mobile_robot/package.ps1'
[54.685s] INFO:colcon.colcon_core.shell:Creating package descriptor '/home/ubuntu/dev_ws/install/basic_mobile_robot/share/basic_mobile_robot/package.dsv'
[54.685s] INFO:colcon.colcon_core.shell:Creating package script '/home/ubuntu/dev_ws/install/basic_mobile_robot/share/basic_mobile_robot/package.sh'
[54.686s] INFO:colcon.colcon_core.shell:Creating package script '/home/ubuntu/dev_ws/install/basic_mobile_robot/share/basic_mobile_robot/package.bash'
[54.686s] INFO:colcon.colcon_core.shell:Creating package script '/home/ubuntu/dev_ws/install/basic_mobile_robot/share/basic_mobile_robot/package.zsh'
[54.687s] Level 1:colcon.colcon_core.environment:create_file_with_runtime_dependencies(/home/ubuntu/dev_ws/install/basic_mobile_robot/share/colcon-core/packages/basic_mobile_robot)
[54.732s] Level 1:colcon.colcon_core.environment:create_environment_scripts_only(basic_mobile_robot)
[54.736s] Level 1:colcon.colcon_core.environment:checking '/home/ubuntu/dev_ws/install/basic_mobile_robot' for CMake module files
[54.737s] Level 1:colcon.colcon_core.environment:checking '/home/ubuntu/dev_ws/install/basic_mobile_robot' for CMake config files
[54.738s] Level 1:colcon.colcon_core.shell:create_environment_hook('basic_mobile_robot', 'cmake_prefix_path')
[54.740s] INFO:colcon.colcon_core.shell:Creating environment hook '/home/ubuntu/dev_ws/install/basic_mobile_robot/share/basic_mobile_robot/hook/cmake_prefix_path.ps1'
[54.741s] INFO:colcon.colcon_core.shell:Creating environment descriptor '/home/ubuntu/dev_ws/install/basic_mobile_robot/share/basic_mobile_robot/hook/cmake_prefix_path.dsv'
[54.741s] INFO:colcon.colcon_core.shell:Creating environment hook '/home/ubuntu/dev_ws/install/basic_mobile_robot/share/basic_mobile_robot/hook/cmake_prefix_path.sh'
[54.742s] Level 1:colcon.colcon_core.environment:checking '/home/ubuntu/dev_ws/install/basic_mobile_robot/bin'
[54.742s] Level 1:colcon.colcon_core.environment:checking '/home/ubuntu/dev_ws/install/basic_mobile_robot/lib/pkgconfig/basic_mobile_robot.pc'
[54.742s] Level 1:colcon.colcon_core.environment:checking '/home/ubuntu/dev_ws/install/basic_mobile_robot/lib/python3.8/site-packages'
[54.743s] Level 1:colcon.colcon_core.environment:checking '/home/ubuntu/dev_ws/install/basic_mobile_robot/bin'
[54.744s] INFO:colcon.colcon_core.shell:Creating package script '/home/ubuntu/dev_ws/install/basic_mobile_robot/share/basic_mobile_robot/package.ps1'
[54.745s] INFO:colcon.colcon_core.shell:Creating package descriptor '/home/ubuntu/dev_ws/install/basic_mobile_robot/share/basic_mobile_robot/package.dsv'
[54.746s] INFO:colcon.colcon_core.shell:Creating package script '/home/ubuntu/dev_ws/install/basic_mobile_robot/share/basic_mobile_robot/package.sh'
[54.746s] INFO:colcon.colcon_core.shell:Creating package script '/home/ubuntu/dev_ws/install/basic_mobile_robot/share/basic_mobile_robot/package.bash'
[54.746s] INFO:colcon.colcon_core.shell:Creating package script '/home/ubuntu/dev_ws/install/basic_mobile_robot/share/basic_mobile_robot/package.zsh'
[54.747s] Level 1:colcon.colcon_core.environment:create_file_with_runtime_dependencies(/home/ubuntu/dev_ws/install/basic_mobile_robot/share/colcon-core/packages/basic_mobile_robot)
[54.747s] DEBUG:colcon.colcon_parallel_executor.executor.parallel:closing loop
[54.748s] DEBUG:colcon.colcon_parallel_executor.executor.parallel:loop closed
[54.749s] DEBUG:colcon.colcon_parallel_executor.executor.parallel:run_until_complete finished with '0'
[54.749s] DEBUG:colcon.colcon_core.event_reactor:joining thread
[54.760s] INFO:colcon.colcon_core.plugin_system:Skipping extension 'colcon_notification.desktop_notification.terminal_notifier': Not used on non-Darwin systems
[54.761s] INFO:colcon.colcon_core.plugin_system:Skipping extension 'colcon_notification.desktop_notification.win32': Not used on non-Windows systems
[54.761s] INFO:colcon.colcon_notification.desktop_notification:Sending desktop notification using 'notify2'
[54.788s] DEBUG:colcon.colcon_core.event_reactor:joined thread
[54.792s] INFO:colcon.colcon_core.shell:Creating prefix script '/home/ubuntu/dev_ws/install/local_setup.ps1'
[54.794s] INFO:colcon.colcon_core.shell:Creating prefix util module '/home/ubuntu/dev_ws/install/_local_setup_util_ps1.py'
[54.797s] INFO:colcon.colcon_core.shell:Creating prefix chain script '/home/ubuntu/dev_ws/install/setup.ps1'
[54.800s] INFO:colcon.colcon_core.shell:Creating prefix script '/home/ubuntu/dev_ws/install/local_setup.sh'
[54.802s] INFO:colcon.colcon_core.shell:Creating prefix util module '/home/ubuntu/dev_ws/install/_local_setup_util_sh.py'
[54.803s] INFO:colcon.colcon_core.shell:Creating prefix chain script '/home/ubuntu/dev_ws/install/setup.sh'
[54.804s] INFO:colcon.colcon_core.shell:Creating prefix script '/home/ubuntu/dev_ws/install/local_setup.bash'
[54.805s] INFO:colcon.colcon_core.shell:Creating prefix chain script '/home/ubuntu/dev_ws/install/setup.bash'
[54.806s] INFO:colcon.colcon_core.shell:Creating prefix script '/home/ubuntu/dev_ws/install/local_setup.zsh'
[54.807s] INFO:colcon.colcon_core.shell:Creating prefix chain script '/home/ubuntu/dev_ws/install/setup.zsh'
