[0.067s] Invoking command in '/home/ubuntu/dev_ws/build/basic_mobile_robot': CMAKE_PREFIX_PATH=/home/ubuntu/dev_ws/install/robot_localization:/home/ubuntu/dev_ws/install/basic_mobile_robot:/opt/ros/galactic /usr/bin/cmake --build /home/ubuntu/dev_ws/build/basic_mobile_robot -- -j12 -l12
[0.824s] Invoked command in '/home/ubuntu/dev_ws/build/basic_mobile_robot' returned '0': CMAKE_PREFIX_PATH=/home/ubuntu/dev_ws/install/robot_localization:/home/ubuntu/dev_ws/install/basic_mobile_robot:/opt/ros/galactic /usr/bin/cmake --build /home/ubuntu/dev_ws/build/basic_mobile_robot -- -j12 -l12
[0.870s] Invoking command in '/home/ubuntu/dev_ws/build/basic_mobile_robot': CMAKE_PREFIX_PATH=/home/ubuntu/dev_ws/install/robot_localization:/home/ubuntu/dev_ws/install/basic_mobile_robot:/opt/ros/galactic /usr/bin/cmake --install /home/ubuntu/dev_ws/build/basic_mobile_robot
[0.887s] -- Install configuration: ""
[0.887s] -- Up-to-date: /home/ubuntu/dev_ws/install/basic_mobile_robot/share/basic_mobile_robot/config
[0.888s] -- Up-to-date: /home/ubuntu/dev_ws/install/basic_mobile_robot/share/basic_mobile_robot/config/ekf.yaml
[0.888s] -- Up-to-date: /home/ubuntu/dev_ws/install/basic_mobile_robot/share/basic_mobile_robot/launch
[0.888s] -- Up-to-date: /home/ubuntu/dev_ws/install/basic_mobile_robot/share/basic_mobile_robot/launch/basic_mobile_bot_v3.launch.py
[0.889s] -- Up-to-date: /home/ubuntu/dev_ws/install/basic_mobile_robot/share/basic_mobile_robot/launch/basic_mobile_bot_v2.launch.py
[0.889s] -- Up-to-date: /home/ubuntu/dev_ws/install/basic_mobile_robot/share/basic_mobile_robot/launch/basic_mobile_bot_v1.launch.py
[0.889s] -- Up-to-date: /home/ubuntu/dev_ws/install/basic_mobile_robot/share/basic_mobile_robot/launch/basic_mobile_bot_v4.launch.py
[0.889s] -- Up-to-date: /home/ubuntu/dev_ws/install/basic_mobile_robot/share/basic_mobile_robot/maps
[0.890s] -- Up-to-date: /home/ubuntu/dev_ws/install/basic_mobile_robot/share/basic_mobile_robot/meshes
[0.890s] -- Up-to-date: /home/ubuntu/dev_ws/install/basic_mobile_robot/share/basic_mobile_robot/meshes/elbow.stl-20221106T080452Z-001
[0.890s] -- Up-to-date: /home/ubuntu/dev_ws/install/basic_mobile_robot/share/basic_mobile_robot/meshes/elbow.stl-20221106T080452Z-001/elbow.stl
[0.890s] -- Up-to-date: /home/ubuntu/dev_ws/install/basic_mobile_robot/share/basic_mobile_robot/meshes/wheel.stl-20221106T080454Z-001
[0.890s] -- Up-to-date: /home/ubuntu/dev_ws/install/basic_mobile_robot/share/basic_mobile_robot/meshes/wheel.stl-20221106T080454Z-001/wheel.stl
[0.891s] -- Up-to-date: /home/ubuntu/dev_ws/install/basic_mobile_robot/share/basic_mobile_robot/meshes/arm_base.stl-20221106T080452Z-001
[0.891s] -- Up-to-date: /home/ubuntu/dev_ws/install/basic_mobile_robot/share/basic_mobile_robot/meshes/arm_base.stl-20221106T080452Z-001/arm_base.stl
[0.891s] -- Up-to-date: /home/ubuntu/dev_ws/install/basic_mobile_robot/share/basic_mobile_robot/meshes/wrist.stl-20221106T080455Z-001
[0.891s] -- Up-to-date: /home/ubuntu/dev_ws/install/basic_mobile_robot/share/basic_mobile_robot/meshes/wrist.stl-20221106T080455Z-001/wrist.stl
[0.891s] -- Up-to-date: /home/ubuntu/dev_ws/install/basic_mobile_robot/share/basic_mobile_robot/meshes/bicep.stl-20221106T080452Z-001
[0.891s] -- Up-to-date: /home/ubuntu/dev_ws/install/basic_mobile_robot/share/basic_mobile_robot/meshes/bicep.stl-20221106T080452Z-001/bicep.stl
[0.892s] -- Up-to-date: /home/ubuntu/dev_ws/install/basic_mobile_robot/share/basic_mobile_robot/meshes/robot_base.stl-20221106T080452Z-001
[0.892s] -- Up-to-date: /home/ubuntu/dev_ws/install/basic_mobile_robot/share/basic_mobile_robot/meshes/robot_base.stl-20221106T080452Z-001/robot_base.stl
[0.892s] -- Up-to-date: /home/ubuntu/dev_ws/install/basic_mobile_robot/share/basic_mobile_robot/models
[0.892s] -- Up-to-date: /home/ubuntu/dev_ws/install/basic_mobile_robot/share/basic_mobile_robot/models/basic_mobile_bot_description
[0.893s] -- Up-to-date: /home/ubuntu/dev_ws/install/basic_mobile_robot/share/basic_mobile_robot/models/basic_mobile_bot_description/model.sdf
[0.893s] -- Up-to-date: /home/ubuntu/dev_ws/install/basic_mobile_robot/share/basic_mobile_robot/models/basic_mobile_bot_description/model.config
[0.894s] -- Up-to-date: /home/ubuntu/dev_ws/install/basic_mobile_robot/share/basic_mobile_robot/models/basic_mobile_bot_description/meshes
[0.894s] -- Up-to-date: /home/ubuntu/dev_ws/install/basic_mobile_robot/share/basic_mobile_robot/models/basic_mobile_bot_description/meshes/elbow.stl-20221106T080452Z-001
[0.894s] -- Up-to-date: /home/ubuntu/dev_ws/install/basic_mobile_robot/share/basic_mobile_robot/models/basic_mobile_bot_description/meshes/elbow.stl-20221106T080452Z-001/elbow.stl
[0.894s] -- Up-to-date: /home/ubuntu/dev_ws/install/basic_mobile_robot/share/basic_mobile_robot/models/basic_mobile_bot_description/meshes/wheel.stl-20221106T080454Z-001
[0.896s] -- Up-to-date: /home/ubuntu/dev_ws/install/basic_mobile_robot/share/basic_mobile_robot/models/basic_mobile_bot_description/meshes/wheel.stl-20221106T080454Z-001/wheel.stl
[0.901s] -- Up-to-date: /home/ubuntu/dev_ws/install/basic_mobile_robot/share/basic_mobile_robot/models/basic_mobile_bot_description/meshes/arm_base.stl-20221106T080452Z-001
[0.901s] -- Up-to-date: /home/ubuntu/dev_ws/install/basic_mobile_robot/share/basic_mobile_robot/models/basic_mobile_bot_description/meshes/arm_base.stl-20221106T080452Z-001/arm_base.stl
[0.901s] -- Up-to-date: /home/ubuntu/dev_ws/install/basic_mobile_robot/share/basic_mobile_robot/models/basic_mobile_bot_description/meshes/wrist.stl-20221106T080455Z-001
[0.902s] -- Up-to-date: /home/ubuntu/dev_ws/install/basic_mobile_robot/share/basic_mobile_robot/models/basic_mobile_bot_description/meshes/wrist.stl-20221106T080455Z-001/wrist.stl
[0.902s] -- Up-to-date: /home/ubuntu/dev_ws/install/basic_mobile_robot/share/basic_mobile_robot/models/basic_mobile_bot_description/meshes/bicep.stl-20221106T080452Z-001
[0.902s] -- Up-to-date: /home/ubuntu/dev_ws/install/basic_mobile_robot/share/basic_mobile_robot/models/basic_mobile_bot_description/meshes/bicep.stl-20221106T080452Z-001/bicep.stl
[0.903s] -- Up-to-date: /home/ubuntu/dev_ws/install/basic_mobile_robot/share/basic_mobile_robot/models/basic_mobile_bot_description/meshes/robot_base.stl-20221106T080452Z-001
[0.903s] -- Up-to-date: /home/ubuntu/dev_ws/install/basic_mobile_robot/share/basic_mobile_robot/models/basic_mobile_bot_description/meshes/robot_base.stl-20221106T080452Z-001/robot_base.stl
[0.903s] -- Up-to-date: /home/ubuntu/dev_ws/install/basic_mobile_robot/share/basic_mobile_robot/models/basic_mobile_bot_v1.urdf
[0.904s] -- Up-to-date: /home/ubuntu/dev_ws/install/basic_mobile_robot/share/basic_mobile_robot/models/basic_mobile_bot_v2.urdf
[0.904s] -- Up-to-date: /home/ubuntu/dev_ws/install/basic_mobile_robot/share/basic_mobile_robot/params
[0.904s] -- Up-to-date: /home/ubuntu/dev_ws/install/basic_mobile_robot/share/basic_mobile_robot/rviz
[0.904s] -- Up-to-date: /home/ubuntu/dev_ws/install/basic_mobile_robot/share/basic_mobile_robot/rviz/urdf_config.rviz
[0.905s] -- Up-to-date: /home/ubuntu/dev_ws/install/basic_mobile_robot/share/basic_mobile_robot/src
[0.905s] -- Up-to-date: /home/ubuntu/dev_ws/install/basic_mobile_robot/share/basic_mobile_robot/worlds
[0.905s] -- Up-to-date: /home/ubuntu/dev_ws/install/basic_mobile_robot/share/basic_mobile_robot/worlds/basic_mobile_bot_world
[0.905s] -- Up-to-date: /home/ubuntu/dev_ws/install/basic_mobile_robot/share/basic_mobile_robot/worlds/basic_mobile_bot_world/smalltown.world
[0.906s] -- Up-to-date: /home/ubuntu/dev_ws/install/basic_mobile_robot/share/ament_index/resource_index/package_run_dependencies/basic_mobile_robot
[0.906s] -- Up-to-date: /home/ubuntu/dev_ws/install/basic_mobile_robot/share/ament_index/resource_index/parent_prefix_path/basic_mobile_robot
[0.906s] -- Up-to-date: /home/ubuntu/dev_ws/install/basic_mobile_robot/share/basic_mobile_robot/environment/ament_prefix_path.sh
[0.906s] -- Up-to-date: /home/ubuntu/dev_ws/install/basic_mobile_robot/share/basic_mobile_robot/environment/ament_prefix_path.dsv
[0.906s] -- Up-to-date: /home/ubuntu/dev_ws/install/basic_mobile_robot/share/basic_mobile_robot/environment/path.sh
[0.906s] -- Up-to-date: /home/ubuntu/dev_ws/install/basic_mobile_robot/share/basic_mobile_robot/environment/path.dsv
[0.906s] -- Up-to-date: /home/ubuntu/dev_ws/install/basic_mobile_robot/share/basic_mobile_robot/local_setup.bash
[0.907s] -- Up-to-date: /home/ubuntu/dev_ws/install/basic_mobile_robot/share/basic_mobile_robot/local_setup.sh
[0.907s] -- Up-to-date: /home/ubuntu/dev_ws/install/basic_mobile_robot/share/basic_mobile_robot/local_setup.zsh
[0.907s] -- Up-to-date: /home/ubuntu/dev_ws/install/basic_mobile_robot/share/basic_mobile_robot/local_setup.dsv
[0.907s] -- Installing: /home/ubuntu/dev_ws/install/basic_mobile_robot/share/basic_mobile_robot/package.dsv
[0.907s] -- Up-to-date: /home/ubuntu/dev_ws/install/basic_mobile_robot/share/ament_index/resource_index/packages/basic_mobile_robot
[0.907s] -- Up-to-date: /home/ubuntu/dev_ws/install/basic_mobile_robot/share/basic_mobile_robot/cmake/basic_mobile_robotConfig.cmake
[0.907s] -- Up-to-date: /home/ubuntu/dev_ws/install/basic_mobile_robot/share/basic_mobile_robot/cmake/basic_mobile_robotConfig-version.cmake
[0.907s] -- Up-to-date: /home/ubuntu/dev_ws/install/basic_mobile_robot/share/basic_mobile_robot/package.xml
[0.907s] Invoked command in '/home/ubuntu/dev_ws/build/basic_mobile_robot' returned '0': CMAKE_PREFIX_PATH=/home/ubuntu/dev_ws/install/robot_localization:/home/ubuntu/dev_ws/install/basic_mobile_robot:/opt/ros/galactic /usr/bin/cmake --install /home/ubuntu/dev_ws/build/basic_mobile_robot
